-- The C compiler identification is Clang 18.1.8
-- The CXX compiler identification is Clang 18.1.8
-- Detecting C compiler ABI info
-- Detecting C compiler ABI info - done
-- Check for working C compiler: /usr/bin/clang-18 - skipped
-- Detecting C compile features
-- Detecting C compile features - done
-- Detecting CXX compiler ABI info
-- Detecting CXX compiler ABI info - done
-- Check for working CXX compiler: /usr/bin/clang++-18 - skipped
-- Detecting CXX compile features
-- Detecting CXX compile features - done
-- Found ament_cmake: 1.3.11 (/opt/ros/humble/share/ament_cmake/cmake)
-- Found Python3: /home/moses/miniforge3/bin/python3 (found version "3.12.11") found components: Interpreter 
-- Found rosidl_default_generators: 1.2.0 (/opt/ros/humble/share/rosidl_default_generators/cmake)
-- Using all available rosidl_typesupport_c: rosidl_typesupport_fastrtps_c;rosidl_typesupport_introspection_c
-- Found rosidl_adapter: 3.1.7 (/opt/ros/humble/share/rosidl_adapter/cmake)
-- Using all available rosidl_typesupport_cpp: rosidl_typesupport_fastrtps_cpp;rosidl_typesupport_introspection_cpp
-- Found std_msgs: 4.9.0 (/opt/ros/humble/share/std_msgs/cmake)
-- Found action_msgs: 1.2.2 (/opt/ros/humble/share/action_msgs/cmake)
-- Found ament_cmake_ros: 0.10.0 (/opt/ros/humble/share/ament_cmake_ros/cmake)
-- Using all available rosidl_typesupport_c: rosidl_typesupport_fastrtps_c;rosidl_typesupport_introspection_c
-- Using all available rosidl_typesupport_cpp: rosidl_typesupport_fastrtps_cpp;rosidl_typesupport_introspection_cpp
-- Found PythonInterp: /home/moses/miniforge3/bin/python3 (found suitable version "3.12.11", minimum required is "3.6") 
-- Found python_cmake_module: 0.10.0 (/opt/ros/humble/share/python_cmake_module/cmake)
-- Found PythonLibs: /home/moses/miniforge3/lib/libpython3.12.so (found suitable version "3.12.11", minimum required is "3.5") 
-- Using PYTHON_EXECUTABLE: /home/moses/miniforge3/bin/python3
-- Using PYTHON_INCLUDE_DIRS: /home/moses/miniforge3/include/python3.12
-- Using PYTHON_LIBRARIES: /home/moses/miniforge3/lib/libpython3.12.so
-- Found PythonExtra: .so  
-- Using numpy include directory: /home/moses/miniforge3/lib/python3.12/site-packages/numpy/_core/include
-- Configuring done
-- Generating done
-- Build files have been written to: /home/moses/Moses/Robotics/ROS-Projects/audition-data-collection/ros2-robot-audition-suite/ros2_ws/src/build/audition_msgs
[  1%] [34m[1mGenerating C code for ROS interfaces[0m
[  3%] [34m[1mGenerating C++ code for ROS interfaces[0m
[  3%] Built target ament_cmake_python_copy_audition_msgs
running egg_info
creating audition_msgs.egg-info
writing audition_msgs.egg-info/PKG-INFO
writing dependency_links to audition_msgs.egg-info/dependency_links.txt
writing top-level names to audition_msgs.egg-info/top_level.txt
writing manifest file 'audition_msgs.egg-info/SOURCES.txt'
reading manifest file 'audition_msgs.egg-info/SOURCES.txt'
writing manifest file 'audition_msgs.egg-info/SOURCES.txt'
[  3%] Built target ament_cmake_python_build_audition_msgs_egg
[  5%] [32mBuilding C object CMakeFiles/audition_msgs__rosidl_generator_c.dir/rosidl_generator_c/audition_msgs/srv/detail/proceed_to_next__functions.c.o[0m
[  7%] [32mBuilding C object CMakeFiles/audition_msgs__rosidl_generator_c.dir/rosidl_generator_c/audition_msgs/msg/detail/collection_status__functions.c.o[0m
[  9%] [32mBuilding C object CMakeFiles/audition_msgs__rosidl_generator_c.dir/rosidl_generator_c/audition_msgs/srv/detail/abort_session__functions.c.o[0m
[ 10%] [32mBuilding C object CMakeFiles/audition_msgs__rosidl_generator_c.dir/rosidl_generator_c/audition_msgs/action/detail/collect_at_waypoint__functions.c.o[0m
[ 10%] Built target audition_msgs__cpp
[ 14%] [34m[1mGenerating C++ type support dispatch for ROS interfaces[0m
[ 14%] [34m[1mGenerating C++ introspection for ROS interfaces[0m
[ 16%] [34m[1mGenerating C++ type support for eProsima Fast-RTPS[0m
[ 18%] [32m[1mLinking C shared library libaudition_msgs__rosidl_generator_c.so[0m
[ 18%] Built target audition_msgs__rosidl_generator_c
[ 20%] [34m[1mGenerating C type support for eProsima Fast-RTPS[0m
[ 23%] [34m[1mGenerating C type support dispatch for ROS interfaces[0m
[ 23%] [34m[1mGenerating C introspection for ROS interfaces[0m
[ 25%] [32mBuilding CXX object CMakeFiles/audition_msgs__rosidl_typesupport_cpp.dir/rosidl_typesupport_cpp/audition_msgs/srv/proceed_to_next__type_support.cpp.o[0m
[ 30%] [32mBuilding CXX object CMakeFiles/audition_msgs__rosidl_typesupport_cpp.dir/rosidl_typesupport_cpp/audition_msgs/srv/abort_session__type_support.cpp.o[0m
[ 30%] [32mBuilding CXX object CMakeFiles/audition_msgs__rosidl_typesupport_cpp.dir/rosidl_typesupport_cpp/audition_msgs/msg/collection_status__type_support.cpp.o[0m
[ 30%] [32mBuilding CXX object CMakeFiles/audition_msgs__rosidl_typesupport_cpp.dir/rosidl_typesupport_cpp/audition_msgs/action/collect_at_waypoint__type_support.cpp.o[0m
[ 32%] [32mBuilding CXX object CMakeFiles/audition_msgs__rosidl_typesupport_introspection_cpp.dir/rosidl_typesupport_introspection_cpp/audition_msgs/srv/detail/abort_session__type_support.cpp.o[0m
[ 34%] [32mBuilding CXX object CMakeFiles/audition_msgs__rosidl_typesupport_introspection_cpp.dir/rosidl_typesupport_introspection_cpp/audition_msgs/srv/detail/proceed_to_next__type_support.cpp.o[0m
[ 36%] [32mBuilding CXX object CMakeFiles/audition_msgs__rosidl_typesupport_introspection_cpp.dir/rosidl_typesupport_introspection_cpp/audition_msgs/msg/detail/collection_status__type_support.cpp.o[0m
[ 38%] [32mBuilding CXX object CMakeFiles/audition_msgs__rosidl_typesupport_introspection_cpp.dir/rosidl_typesupport_introspection_cpp/audition_msgs/action/detail/collect_at_waypoint__type_support.cpp.o[0m
[ 40%] [32mBuilding CXX object CMakeFiles/audition_msgs__rosidl_typesupport_fastrtps_cpp.dir/rosidl_typesupport_fastrtps_cpp/audition_msgs/srv/detail/dds_fastrtps/abort_session__type_support.cpp.o[0m
[ 43%] [32mBuilding CXX object CMakeFiles/audition_msgs__rosidl_typesupport_fastrtps_cpp.dir/rosidl_typesupport_fastrtps_cpp/audition_msgs/srv/detail/dds_fastrtps/proceed_to_next__type_support.cpp.o[0m
[ 43%] [32mBuilding CXX object CMakeFiles/audition_msgs__rosidl_typesupport_fastrtps_cpp.dir/rosidl_typesupport_fastrtps_cpp/audition_msgs/msg/detail/dds_fastrtps/collection_status__type_support.cpp.o[0m
[ 45%] [32mBuilding CXX object CMakeFiles/audition_msgs__rosidl_typesupport_fastrtps_cpp.dir/rosidl_typesupport_fastrtps_cpp/audition_msgs/action/detail/dds_fastrtps/collect_at_waypoint__type_support.cpp.o[0m
[ 47%] [32mBuilding CXX object CMakeFiles/audition_msgs__rosidl_typesupport_c.dir/rosidl_typesupport_c/audition_msgs/msg/collection_status__type_support.cpp.o[0m
[ 49%] [32mBuilding CXX object CMakeFiles/audition_msgs__rosidl_typesupport_c.dir/rosidl_typesupport_c/audition_msgs/action/collect_at_waypoint__type_support.cpp.o[0m
[ 50%] [32mBuilding CXX object CMakeFiles/audition_msgs__rosidl_typesupport_c.dir/rosidl_typesupport_c/audition_msgs/srv/abort_session__type_support.cpp.o[0m
[ 52%] [32mBuilding CXX object CMakeFiles/audition_msgs__rosidl_typesupport_c.dir/rosidl_typesupport_c/audition_msgs/srv/proceed_to_next__type_support.cpp.o[0m
[ 54%] [32m[1mLinking CXX shared library libaudition_msgs__rosidl_typesupport_c.so[0m
[ 56%] [32mBuilding CXX object CMakeFiles/audition_msgs__rosidl_typesupport_fastrtps_c.dir/rosidl_typesupport_fastrtps_c/audition_msgs/msg/detail/collection_status__type_support_c.cpp.o[0m
[ 58%] [32mBuilding CXX object CMakeFiles/audition_msgs__rosidl_typesupport_fastrtps_c.dir/rosidl_typesupport_fastrtps_c/audition_msgs/srv/detail/proceed_to_next__type_support_c.cpp.o[0m
[ 60%] [32mBuilding CXX object CMakeFiles/audition_msgs__rosidl_typesupport_fastrtps_c.dir/rosidl_typesupport_fastrtps_c/audition_msgs/action/detail/collect_at_waypoint__type_support_c.cpp.o[0m
[ 61%] [32mBuilding CXX object CMakeFiles/audition_msgs__rosidl_typesupport_fastrtps_c.dir/rosidl_typesupport_fastrtps_c/audition_msgs/srv/detail/abort_session__type_support_c.cpp.o[0m
[ 63%] [32mBuilding C object CMakeFiles/audition_msgs__rosidl_typesupport_introspection_c.dir/rosidl_typesupport_introspection_c/audition_msgs/msg/detail/collection_status__type_support.c.o[0m
[ 65%] [32mBuilding C object CMakeFiles/audition_msgs__rosidl_typesupport_introspection_c.dir/rosidl_typesupport_introspection_c/audition_msgs/srv/detail/proceed_to_next__type_support.c.o[0m
[ 67%] [32mBuilding C object CMakeFiles/audition_msgs__rosidl_typesupport_introspection_c.dir/rosidl_typesupport_introspection_c/audition_msgs/srv/detail/abort_session__type_support.c.o[0m
[ 69%] [32mBuilding C object CMakeFiles/audition_msgs__rosidl_typesupport_introspection_c.dir/rosidl_typesupport_introspection_c/audition_msgs/action/detail/collect_at_waypoint__type_support.c.o[0m
[ 69%] Built target audition_msgs__rosidl_typesupport_c
[ 70%] [32m[1mLinking C shared library libaudition_msgs__rosidl_typesupport_introspection_c.so[0m
[ 70%] Built target audition_msgs__rosidl_typesupport_introspection_c
[ 72%] [32m[1mLinking CXX shared library libaudition_msgs__rosidl_typesupport_fastrtps_c.so[0m
[ 74%] [32m[1mLinking CXX shared library libaudition_msgs__rosidl_typesupport_introspection_cpp.so[0m
[ 74%] Built target audition_msgs__rosidl_typesupport_fastrtps_c
[ 76%] [32m[1mLinking CXX shared library libaudition_msgs__rosidl_typesupport_cpp.so[0m
[ 78%] [32m[1mLinking CXX shared library libaudition_msgs__rosidl_typesupport_fastrtps_cpp.so[0m
[ 78%] Built target audition_msgs__rosidl_typesupport_introspection_cpp
[ 78%] Built target audition_msgs__rosidl_typesupport_cpp
[ 78%] Built target audition_msgs__rosidl_typesupport_fastrtps_cpp
[ 78%] Built target audition_msgs
[ 80%] [34m[1mGenerating Python code for ROS interfaces[0m
[ 80%] Built target audition_msgs__py
[ 81%] [32mBuilding C object CMakeFiles/audition_msgs__rosidl_generator_py.dir/rosidl_generator_py/audition_msgs/srv/_proceed_to_next_s.c.o[0m
[ 83%] [32mBuilding C object CMakeFiles/audition_msgs__rosidl_generator_py.dir/rosidl_generator_py/audition_msgs/srv/_abort_session_s.c.o[0m
[ 85%] [32mBuilding C object CMakeFiles/audition_msgs__rosidl_generator_py.dir/rosidl_generator_py/audition_msgs/msg/_collection_status_s.c.o[0m
[ 87%] [32mBuilding C object CMakeFiles/audition_msgs__rosidl_generator_py.dir/rosidl_generator_py/audition_msgs/action/_collect_at_waypoint_s.c.o[0m
[ 89%] [32m[1mLinking C shared library rosidl_generator_py/audition_msgs/libaudition_msgs__rosidl_generator_py.so[0m
[ 89%] Built target audition_msgs__rosidl_generator_py
[ 94%] [32mBuilding C object CMakeFiles/audition_msgs__rosidl_typesupport_fastrtps_c__pyext.dir/rosidl_generator_py/audition_msgs/_audition_msgs_s.ep.rosidl_typesupport_fastrtps_c.c.o[0m
[ 94%] [32mBuilding C object CMakeFiles/audition_msgs__rosidl_typesupport_introspection_c__pyext.dir/rosidl_generator_py/audition_msgs/_audition_msgs_s.ep.rosidl_typesupport_introspection_c.c.o[0m
[ 94%] [32mBuilding C object CMakeFiles/audition_msgs__rosidl_typesupport_c__pyext.dir/rosidl_generator_py/audition_msgs/_audition_msgs_s.ep.rosidl_typesupport_c.c.o[0m
[100%] [32m[1mLinking C shared library rosidl_generator_py/audition_msgs/audition_msgs_s__rosidl_typesupport_fastrtps_c.cpython-312-x86_64-linux-gnu.so[0m
[100%] [32m[1mLinking C shared library rosidl_generator_py/audition_msgs/audition_msgs_s__rosidl_typesupport_c.cpython-312-x86_64-linux-gnu.so[0m
[100%] [32m[1mLinking C shared library rosidl_generator_py/audition_msgs/audition_msgs_s__rosidl_typesupport_introspection_c.cpython-312-x86_64-linux-gnu.so[0m
[100%] Built target audition_msgs__rosidl_typesupport_fastrtps_c__pyext
[100%] Built target audition_msgs__rosidl_typesupport_introspection_c__pyext
[100%] Built target audition_msgs__rosidl_typesupport_c__pyext
-- Install configuration: ""
-- Installing: /home/moses/Moses/Robotics/ROS-Projects/audition-data-collection/ros2-robot-audition-suite/ros2_ws/src/install/audition_msgs/share/ament_index/resource_index/rosidl_interfaces/audition_msgs
-- Installing: /home/moses/Moses/Robotics/ROS-Projects/audition-data-collection/ros2-robot-audition-suite/ros2_ws/src/install/audition_msgs/include/audition_msgs/audition_msgs
-- Installing: /home/moses/Moses/Robotics/ROS-Projects/audition-data-collection/ros2-robot-audition-suite/ros2_ws/src/install/audition_msgs/include/audition_msgs/audition_msgs/srv
-- Installing: /home/moses/Moses/Robotics/ROS-Projects/audition-data-collection/ros2-robot-audition-suite/ros2_ws/src/install/audition_msgs/include/audition_msgs/audition_msgs/srv/detail
-- Installing: /home/moses/Moses/Robotics/ROS-Projects/audition-data-collection/ros2-robot-audition-suite/ros2_ws/src/install/audition_msgs/include/audition_msgs/audition_msgs/srv/detail/proceed_to_next__functions.h
-- Installing: /home/moses/Moses/Robotics/ROS-Projects/audition-data-collection/ros2-robot-audition-suite/ros2_ws/src/install/audition_msgs/include/audition_msgs/audition_msgs/srv/detail/abort_session__functions.c
-- Installing: /home/moses/Moses/Robotics/ROS-Projects/audition-data-collection/ros2-robot-audition-suite/ros2_ws/src/install/audition_msgs/include/audition_msgs/audition_msgs/srv/detail/proceed_to_next__functions.c
-- Installing: /home/moses/Moses/Robotics/ROS-Projects/audition-data-collection/ros2-robot-audition-suite/ros2_ws/src/install/audition_msgs/include/audition_msgs/audition_msgs/srv/detail/proceed_to_next__struct.h
-- Installing: /home/moses/Moses/Robotics/ROS-Projects/audition-data-collection/ros2-robot-audition-suite/ros2_ws/src/install/audition_msgs/include/audition_msgs/audition_msgs/srv/detail/proceed_to_next__type_support.h
-- Installing: /home/moses/Moses/Robotics/ROS-Projects/audition-data-collection/ros2-robot-audition-suite/ros2_ws/src/install/audition_msgs/include/audition_msgs/audition_msgs/srv/detail/abort_session__struct.h
-- Installing: /home/moses/Moses/Robotics/ROS-Projects/audition-data-collection/ros2-robot-audition-suite/ros2_ws/src/install/audition_msgs/include/audition_msgs/audition_msgs/srv/detail/abort_session__type_support.h
-- Installing: /home/moses/Moses/Robotics/ROS-Projects/audition-data-collection/ros2-robot-audition-suite/ros2_ws/src/install/audition_msgs/include/audition_msgs/audition_msgs/srv/detail/abort_session__functions.h
-- Installing: /home/moses/Moses/Robotics/ROS-Projects/audition-data-collection/ros2-robot-audition-suite/ros2_ws/src/install/audition_msgs/include/audition_msgs/audition_msgs/srv/abort_session.h
-- Installing: /home/moses/Moses/Robotics/ROS-Projects/audition-data-collection/ros2-robot-audition-suite/ros2_ws/src/install/audition_msgs/include/audition_msgs/audition_msgs/srv/proceed_to_next.h
-- Installing: /home/moses/Moses/Robotics/ROS-Projects/audition-data-collection/ros2-robot-audition-suite/ros2_ws/src/install/audition_msgs/include/audition_msgs/audition_msgs/msg
-- Installing: /home/moses/Moses/Robotics/ROS-Projects/audition-data-collection/ros2-robot-audition-suite/ros2_ws/src/install/audition_msgs/include/audition_msgs/audition_msgs/msg/detail
-- Installing: /home/moses/Moses/Robotics/ROS-Projects/audition-data-collection/ros2-robot-audition-suite/ros2_ws/src/install/audition_msgs/include/audition_msgs/audition_msgs/msg/detail/collection_status__struct.h
-- Installing: /home/moses/Moses/Robotics/ROS-Projects/audition-data-collection/ros2-robot-audition-suite/ros2_ws/src/install/audition_msgs/include/audition_msgs/audition_msgs/msg/detail/collection_status__functions.c
-- Installing: /home/moses/Moses/Robotics/ROS-Projects/audition-data-collection/ros2-robot-audition-suite/ros2_ws/src/install/audition_msgs/include/audition_msgs/audition_msgs/msg/detail/collection_status__type_support.h
-- Installing: /home/moses/Moses/Robotics/ROS-Projects/audition-data-collection/ros2-robot-audition-suite/ros2_ws/src/install/audition_msgs/include/audition_msgs/audition_msgs/msg/detail/collection_status__functions.h
-- Installing: /home/moses/Moses/Robotics/ROS-Projects/audition-data-collection/ros2-robot-audition-suite/ros2_ws/src/install/audition_msgs/include/audition_msgs/audition_msgs/msg/rosidl_generator_c__visibility_control.h
-- Installing: /home/moses/Moses/Robotics/ROS-Projects/audition-data-collection/ros2-robot-audition-suite/ros2_ws/src/install/audition_msgs/include/audition_msgs/audition_msgs/msg/collection_status.h
-- Installing: /home/moses/Moses/Robotics/ROS-Projects/audition-data-collection/ros2-robot-audition-suite/ros2_ws/src/install/audition_msgs/include/audition_msgs/audition_msgs/action
-- Installing: /home/moses/Moses/Robotics/ROS-Projects/audition-data-collection/ros2-robot-audition-suite/ros2_ws/src/install/audition_msgs/include/audition_msgs/audition_msgs/action/detail
-- Installing: /home/moses/Moses/Robotics/ROS-Projects/audition-data-collection/ros2-robot-audition-suite/ros2_ws/src/install/audition_msgs/include/audition_msgs/audition_msgs/action/detail/collect_at_waypoint__functions.c
-- Installing: /home/moses/Moses/Robotics/ROS-Projects/audition-data-collection/ros2-robot-audition-suite/ros2_ws/src/install/audition_msgs/include/audition_msgs/audition_msgs/action/detail/collect_at_waypoint__functions.h
-- Installing: /home/moses/Moses/Robotics/ROS-Projects/audition-data-collection/ros2-robot-audition-suite/ros2_ws/src/install/audition_msgs/include/audition_msgs/audition_msgs/action/detail/collect_at_waypoint__type_support.h
-- Installing: /home/moses/Moses/Robotics/ROS-Projects/audition-data-collection/ros2-robot-audition-suite/ros2_ws/src/install/audition_msgs/include/audition_msgs/audition_msgs/action/detail/collect_at_waypoint__struct.h
-- Installing: /home/moses/Moses/Robotics/ROS-Projects/audition-data-collection/ros2-robot-audition-suite/ros2_ws/src/install/audition_msgs/include/audition_msgs/audition_msgs/action/collect_at_waypoint.h
-- Installing: /home/moses/Moses/Robotics/ROS-Projects/audition-data-collection/ros2-robot-audition-suite/ros2_ws/src/install/audition_msgs/share/audition_msgs/environment/library_path.sh
-- Installing: /home/moses/Moses/Robotics/ROS-Projects/audition-data-collection/ros2-robot-audition-suite/ros2_ws/src/install/audition_msgs/share/audition_msgs/environment/library_path.dsv
-- Installing: /home/moses/Moses/Robotics/ROS-Projects/audition-data-collection/ros2-robot-audition-suite/ros2_ws/src/install/audition_msgs/lib/libaudition_msgs__rosidl_generator_c.so
-- Set runtime path of "/home/moses/Moses/Robotics/ROS-Projects/audition-data-collection/ros2-robot-audition-suite/ros2_ws/src/install/audition_msgs/lib/libaudition_msgs__rosidl_generator_c.so" to ""
-- Up-to-date: /home/moses/Moses/Robotics/ROS-Projects/audition-data-collection/ros2-robot-audition-suite/ros2_ws/src/install/audition_msgs/include/audition_msgs/audition_msgs
-- Up-to-date: /home/moses/Moses/Robotics/ROS-Projects/audition-data-collection/ros2-robot-audition-suite/ros2_ws/src/install/audition_msgs/include/audition_msgs/audition_msgs/srv
-- Up-to-date: /home/moses/Moses/Robotics/ROS-Projects/audition-data-collection/ros2-robot-audition-suite/ros2_ws/src/install/audition_msgs/include/audition_msgs/audition_msgs/srv/detail
-- Installing: /home/moses/Moses/Robotics/ROS-Projects/audition-data-collection/ros2-robot-audition-suite/ros2_ws/src/install/audition_msgs/include/audition_msgs/audition_msgs/srv/detail/proceed_to_next__rosidl_typesupport_fastrtps_c.h
-- Installing: /home/moses/Moses/Robotics/ROS-Projects/audition-data-collection/ros2-robot-audition-suite/ros2_ws/src/install/audition_msgs/include/audition_msgs/audition_msgs/srv/detail/abort_session__rosidl_typesupport_fastrtps_c.h
-- Up-to-date: /home/moses/Moses/Robotics/ROS-Projects/audition-data-collection/ros2-robot-audition-suite/ros2_ws/src/install/audition_msgs/include/audition_msgs/audition_msgs/msg
-- Up-to-date: /home/moses/Moses/Robotics/ROS-Projects/audition-data-collection/ros2-robot-audition-suite/ros2_ws/src/install/audition_msgs/include/audition_msgs/audition_msgs/msg/detail
-- Installing: /home/moses/Moses/Robotics/ROS-Projects/audition-data-collection/ros2-robot-audition-suite/ros2_ws/src/install/audition_msgs/include/audition_msgs/audition_msgs/msg/detail/collection_status__rosidl_typesupport_fastrtps_c.h
-- Installing: /home/moses/Moses/Robotics/ROS-Projects/audition-data-collection/ros2-robot-audition-suite/ros2_ws/src/install/audition_msgs/include/audition_msgs/audition_msgs/msg/rosidl_typesupport_fastrtps_c__visibility_control.h
-- Up-to-date: /home/moses/Moses/Robotics/ROS-Projects/audition-data-collection/ros2-robot-audition-suite/ros2_ws/src/install/audition_msgs/include/audition_msgs/audition_msgs/action
-- Up-to-date: /home/moses/Moses/Robotics/ROS-Projects/audition-data-collection/ros2-robot-audition-suite/ros2_ws/src/install/audition_msgs/include/audition_msgs/audition_msgs/action/detail
-- Installing: /home/moses/Moses/Robotics/ROS-Projects/audition-data-collection/ros2-robot-audition-suite/ros2_ws/src/install/audition_msgs/include/audition_msgs/audition_msgs/action/detail/collect_at_waypoint__rosidl_typesupport_fastrtps_c.h
-- Installing: /home/moses/Moses/Robotics/ROS-Projects/audition-data-collection/ros2-robot-audition-suite/ros2_ws/src/install/audition_msgs/lib/libaudition_msgs__rosidl_typesupport_fastrtps_c.so
-- Set runtime path of "/home/moses/Moses/Robotics/ROS-Projects/audition-data-collection/ros2-robot-audition-suite/ros2_ws/src/install/audition_msgs/lib/libaudition_msgs__rosidl_typesupport_fastrtps_c.so" to ""
-- Up-to-date: /home/moses/Moses/Robotics/ROS-Projects/audition-data-collection/ros2-robot-audition-suite/ros2_ws/src/install/audition_msgs/include/audition_msgs/audition_msgs
-- Up-to-date: /home/moses/Moses/Robotics/ROS-Projects/audition-data-collection/ros2-robot-audition-suite/ros2_ws/src/install/audition_msgs/include/audition_msgs/audition_msgs/srv
-- Up-to-date: /home/moses/Moses/Robotics/ROS-Projects/audition-data-collection/ros2-robot-audition-suite/ros2_ws/src/install/audition_msgs/include/audition_msgs/audition_msgs/srv/detail
-- Installing: /home/moses/Moses/Robotics/ROS-Projects/audition-data-collection/ros2-robot-audition-suite/ros2_ws/src/install/audition_msgs/include/audition_msgs/audition_msgs/srv/detail/abort_session__type_support.c
-- Installing: /home/moses/Moses/Robotics/ROS-Projects/audition-data-collection/ros2-robot-audition-suite/ros2_ws/src/install/audition_msgs/include/audition_msgs/audition_msgs/srv/detail/abort_session__rosidl_typesupport_introspection_c.h
-- Installing: /home/moses/Moses/Robotics/ROS-Projects/audition-data-collection/ros2-robot-audition-suite/ros2_ws/src/install/audition_msgs/include/audition_msgs/audition_msgs/srv/detail/proceed_to_next__type_support.c
-- Installing: /home/moses/Moses/Robotics/ROS-Projects/audition-data-collection/ros2-robot-audition-suite/ros2_ws/src/install/audition_msgs/include/audition_msgs/audition_msgs/srv/detail/proceed_to_next__rosidl_typesupport_introspection_c.h
-- Up-to-date: /home/moses/Moses/Robotics/ROS-Projects/audition-data-collection/ros2-robot-audition-suite/ros2_ws/src/install/audition_msgs/include/audition_msgs/audition_msgs/msg
-- Up-to-date: /home/moses/Moses/Robotics/ROS-Projects/audition-data-collection/ros2-robot-audition-suite/ros2_ws/src/install/audition_msgs/include/audition_msgs/audition_msgs/msg/detail
-- Installing: /home/moses/Moses/Robotics/ROS-Projects/audition-data-collection/ros2-robot-audition-suite/ros2_ws/src/install/audition_msgs/include/audition_msgs/audition_msgs/msg/detail/collection_status__type_support.c
-- Installing: /home/moses/Moses/Robotics/ROS-Projects/audition-data-collection/ros2-robot-audition-suite/ros2_ws/src/install/audition_msgs/include/audition_msgs/audition_msgs/msg/detail/collection_status__rosidl_typesupport_introspection_c.h
-- Installing: /home/moses/Moses/Robotics/ROS-Projects/audition-data-collection/ros2-robot-audition-suite/ros2_ws/src/install/audition_msgs/include/audition_msgs/audition_msgs/msg/rosidl_typesupport_introspection_c__visibility_control.h
-- Up-to-date: /home/moses/Moses/Robotics/ROS-Projects/audition-data-collection/ros2-robot-audition-suite/ros2_ws/src/install/audition_msgs/include/audition_msgs/audition_msgs/action
-- Up-to-date: /home/moses/Moses/Robotics/ROS-Projects/audition-data-collection/ros2-robot-audition-suite/ros2_ws/src/install/audition_msgs/include/audition_msgs/audition_msgs/action/detail
-- Installing: /home/moses/Moses/Robotics/ROS-Projects/audition-data-collection/ros2-robot-audition-suite/ros2_ws/src/install/audition_msgs/include/audition_msgs/audition_msgs/action/detail/collect_at_waypoint__rosidl_typesupport_introspection_c.h
-- Installing: /home/moses/Moses/Robotics/ROS-Projects/audition-data-collection/ros2-robot-audition-suite/ros2_ws/src/install/audition_msgs/include/audition_msgs/audition_msgs/action/detail/collect_at_waypoint__type_support.c
-- Installing: /home/moses/Moses/Robotics/ROS-Projects/audition-data-collection/ros2-robot-audition-suite/ros2_ws/src/install/audition_msgs/lib/libaudition_msgs__rosidl_typesupport_introspection_c.so
-- Set runtime path of "/home/moses/Moses/Robotics/ROS-Projects/audition-data-collection/ros2-robot-audition-suite/ros2_ws/src/install/audition_msgs/lib/libaudition_msgs__rosidl_typesupport_introspection_c.so" to ""
-- Installing: /home/moses/Moses/Robotics/ROS-Projects/audition-data-collection/ros2-robot-audition-suite/ros2_ws/src/install/audition_msgs/lib/libaudition_msgs__rosidl_typesupport_c.so
-- Set runtime path of "/home/moses/Moses/Robotics/ROS-Projects/audition-data-collection/ros2-robot-audition-suite/ros2_ws/src/install/audition_msgs/lib/libaudition_msgs__rosidl_typesupport_c.so" to ""
-- Up-to-date: /home/moses/Moses/Robotics/ROS-Projects/audition-data-collection/ros2-robot-audition-suite/ros2_ws/src/install/audition_msgs/include/audition_msgs/audition_msgs
-- Up-to-date: /home/moses/Moses/Robotics/ROS-Projects/audition-data-collection/ros2-robot-audition-suite/ros2_ws/src/install/audition_msgs/include/audition_msgs/audition_msgs/srv
-- Up-to-date: /home/moses/Moses/Robotics/ROS-Projects/audition-data-collection/ros2-robot-audition-suite/ros2_ws/src/install/audition_msgs/include/audition_msgs/audition_msgs/srv/detail
-- Installing: /home/moses/Moses/Robotics/ROS-Projects/audition-data-collection/ros2-robot-audition-suite/ros2_ws/src/install/audition_msgs/include/audition_msgs/audition_msgs/srv/detail/proceed_to_next__struct.hpp
-- Installing: /home/moses/Moses/Robotics/ROS-Projects/audition-data-collection/ros2-robot-audition-suite/ros2_ws/src/install/audition_msgs/include/audition_msgs/audition_msgs/srv/detail/proceed_to_next__traits.hpp
-- Installing: /home/moses/Moses/Robotics/ROS-Projects/audition-data-collection/ros2-robot-audition-suite/ros2_ws/src/install/audition_msgs/include/audition_msgs/audition_msgs/srv/detail/abort_session__struct.hpp
-- Installing: /home/moses/Moses/Robotics/ROS-Projects/audition-data-collection/ros2-robot-audition-suite/ros2_ws/src/install/audition_msgs/include/audition_msgs/audition_msgs/srv/detail/proceed_to_next__builder.hpp
-- Installing: /home/moses/Moses/Robotics/ROS-Projects/audition-data-collection/ros2-robot-audition-suite/ros2_ws/src/install/audition_msgs/include/audition_msgs/audition_msgs/srv/detail/abort_session__traits.hpp
-- Installing: /home/moses/Moses/Robotics/ROS-Projects/audition-data-collection/ros2-robot-audition-suite/ros2_ws/src/install/audition_msgs/include/audition_msgs/audition_msgs/srv/detail/abort_session__builder.hpp
-- Installing: /home/moses/Moses/Robotics/ROS-Projects/audition-data-collection/ros2-robot-audition-suite/ros2_ws/src/install/audition_msgs/include/audition_msgs/audition_msgs/srv/detail/proceed_to_next__type_support.hpp
-- Installing: /home/moses/Moses/Robotics/ROS-Projects/audition-data-collection/ros2-robot-audition-suite/ros2_ws/src/install/audition_msgs/include/audition_msgs/audition_msgs/srv/detail/abort_session__type_support.hpp
-- Installing: /home/moses/Moses/Robotics/ROS-Projects/audition-data-collection/ros2-robot-audition-suite/ros2_ws/src/install/audition_msgs/include/audition_msgs/audition_msgs/srv/abort_session.hpp
-- Installing: /home/moses/Moses/Robotics/ROS-Projects/audition-data-collection/ros2-robot-audition-suite/ros2_ws/src/install/audition_msgs/include/audition_msgs/audition_msgs/srv/proceed_to_next.hpp
-- Up-to-date: /home/moses/Moses/Robotics/ROS-Projects/audition-data-collection/ros2-robot-audition-suite/ros2_ws/src/install/audition_msgs/include/audition_msgs/audition_msgs/msg
-- Up-to-date: /home/moses/Moses/Robotics/ROS-Projects/audition-data-collection/ros2-robot-audition-suite/ros2_ws/src/install/audition_msgs/include/audition_msgs/audition_msgs/msg/detail
-- Installing: /home/moses/Moses/Robotics/ROS-Projects/audition-data-collection/ros2-robot-audition-suite/ros2_ws/src/install/audition_msgs/include/audition_msgs/audition_msgs/msg/detail/collection_status__type_support.hpp
-- Installing: /home/moses/Moses/Robotics/ROS-Projects/audition-data-collection/ros2-robot-audition-suite/ros2_ws/src/install/audition_msgs/include/audition_msgs/audition_msgs/msg/detail/collection_status__builder.hpp
-- Installing: /home/moses/Moses/Robotics/ROS-Projects/audition-data-collection/ros2-robot-audition-suite/ros2_ws/src/install/audition_msgs/include/audition_msgs/audition_msgs/msg/detail/collection_status__traits.hpp
-- Installing: /home/moses/Moses/Robotics/ROS-Projects/audition-data-collection/ros2-robot-audition-suite/ros2_ws/src/install/audition_msgs/include/audition_msgs/audition_msgs/msg/detail/collection_status__struct.hpp
-- Installing: /home/moses/Moses/Robotics/ROS-Projects/audition-data-collection/ros2-robot-audition-suite/ros2_ws/src/install/audition_msgs/include/audition_msgs/audition_msgs/msg/rosidl_generator_cpp__visibility_control.hpp
-- Installing: /home/moses/Moses/Robotics/ROS-Projects/audition-data-collection/ros2-robot-audition-suite/ros2_ws/src/install/audition_msgs/include/audition_msgs/audition_msgs/msg/collection_status.hpp
-- Up-to-date: /home/moses/Moses/Robotics/ROS-Projects/audition-data-collection/ros2-robot-audition-suite/ros2_ws/src/install/audition_msgs/include/audition_msgs/audition_msgs/action
-- Up-to-date: /home/moses/Moses/Robotics/ROS-Projects/audition-data-collection/ros2-robot-audition-suite/ros2_ws/src/install/audition_msgs/include/audition_msgs/audition_msgs/action/detail
-- Installing: /home/moses/Moses/Robotics/ROS-Projects/audition-data-collection/ros2-robot-audition-suite/ros2_ws/src/install/audition_msgs/include/audition_msgs/audition_msgs/action/detail/collect_at_waypoint__type_support.hpp
-- Installing: /home/moses/Moses/Robotics/ROS-Projects/audition-data-collection/ros2-robot-audition-suite/ros2_ws/src/install/audition_msgs/include/audition_msgs/audition_msgs/action/detail/collect_at_waypoint__builder.hpp
-- Installing: /home/moses/Moses/Robotics/ROS-Projects/audition-data-collection/ros2-robot-audition-suite/ros2_ws/src/install/audition_msgs/include/audition_msgs/audition_msgs/action/detail/collect_at_waypoint__struct.hpp
-- Installing: /home/moses/Moses/Robotics/ROS-Projects/audition-data-collection/ros2-robot-audition-suite/ros2_ws/src/install/audition_msgs/include/audition_msgs/audition_msgs/action/detail/collect_at_waypoint__traits.hpp
-- Installing: /home/moses/Moses/Robotics/ROS-Projects/audition-data-collection/ros2-robot-audition-suite/ros2_ws/src/install/audition_msgs/include/audition_msgs/audition_msgs/action/collect_at_waypoint.hpp
-- Up-to-date: /home/moses/Moses/Robotics/ROS-Projects/audition-data-collection/ros2-robot-audition-suite/ros2_ws/src/install/audition_msgs/include/audition_msgs/audition_msgs
-- Up-to-date: /home/moses/Moses/Robotics/ROS-Projects/audition-data-collection/ros2-robot-audition-suite/ros2_ws/src/install/audition_msgs/include/audition_msgs/audition_msgs/srv
-- Up-to-date: /home/moses/Moses/Robotics/ROS-Projects/audition-data-collection/ros2-robot-audition-suite/ros2_ws/src/install/audition_msgs/include/audition_msgs/audition_msgs/srv/detail
-- Installing: /home/moses/Moses/Robotics/ROS-Projects/audition-data-collection/ros2-robot-audition-suite/ros2_ws/src/install/audition_msgs/include/audition_msgs/audition_msgs/srv/detail/proceed_to_next__rosidl_typesupport_fastrtps_cpp.hpp
-- Installing: /home/moses/Moses/Robotics/ROS-Projects/audition-data-collection/ros2-robot-audition-suite/ros2_ws/src/install/audition_msgs/include/audition_msgs/audition_msgs/srv/detail/dds_fastrtps
-- Installing: /home/moses/Moses/Robotics/ROS-Projects/audition-data-collection/ros2-robot-audition-suite/ros2_ws/src/install/audition_msgs/include/audition_msgs/audition_msgs/srv/detail/abort_session__rosidl_typesupport_fastrtps_cpp.hpp
-- Up-to-date: /home/moses/Moses/Robotics/ROS-Projects/audition-data-collection/ros2-robot-audition-suite/ros2_ws/src/install/audition_msgs/include/audition_msgs/audition_msgs/msg
-- Up-to-date: /home/moses/Moses/Robotics/ROS-Projects/audition-data-collection/ros2-robot-audition-suite/ros2_ws/src/install/audition_msgs/include/audition_msgs/audition_msgs/msg/detail
-- Installing: /home/moses/Moses/Robotics/ROS-Projects/audition-data-collection/ros2-robot-audition-suite/ros2_ws/src/install/audition_msgs/include/audition_msgs/audition_msgs/msg/detail/collection_status__rosidl_typesupport_fastrtps_cpp.hpp
-- Installing: /home/moses/Moses/Robotics/ROS-Projects/audition-data-collection/ros2-robot-audition-suite/ros2_ws/src/install/audition_msgs/include/audition_msgs/audition_msgs/msg/detail/dds_fastrtps
-- Installing: /home/moses/Moses/Robotics/ROS-Projects/audition-data-collection/ros2-robot-audition-suite/ros2_ws/src/install/audition_msgs/include/audition_msgs/audition_msgs/msg/rosidl_typesupport_fastrtps_cpp__visibility_control.h
-- Up-to-date: /home/moses/Moses/Robotics/ROS-Projects/audition-data-collection/ros2-robot-audition-suite/ros2_ws/src/install/audition_msgs/include/audition_msgs/audition_msgs/action
-- Up-to-date: /home/moses/Moses/Robotics/ROS-Projects/audition-data-collection/ros2-robot-audition-suite/ros2_ws/src/install/audition_msgs/include/audition_msgs/audition_msgs/action/detail
-- Installing: /home/moses/Moses/Robotics/ROS-Projects/audition-data-collection/ros2-robot-audition-suite/ros2_ws/src/install/audition_msgs/include/audition_msgs/audition_msgs/action/detail/collect_at_waypoint__rosidl_typesupport_fastrtps_cpp.hpp
-- Installing: /home/moses/Moses/Robotics/ROS-Projects/audition-data-collection/ros2-robot-audition-suite/ros2_ws/src/install/audition_msgs/include/audition_msgs/audition_msgs/action/detail/dds_fastrtps
-- Installing: /home/moses/Moses/Robotics/ROS-Projects/audition-data-collection/ros2-robot-audition-suite/ros2_ws/src/install/audition_msgs/lib/libaudition_msgs__rosidl_typesupport_fastrtps_cpp.so
-- Set runtime path of "/home/moses/Moses/Robotics/ROS-Projects/audition-data-collection/ros2-robot-audition-suite/ros2_ws/src/install/audition_msgs/lib/libaudition_msgs__rosidl_typesupport_fastrtps_cpp.so" to ""
-- Up-to-date: /home/moses/Moses/Robotics/ROS-Projects/audition-data-collection/ros2-robot-audition-suite/ros2_ws/src/install/audition_msgs/include/audition_msgs/audition_msgs
-- Up-to-date: /home/moses/Moses/Robotics/ROS-Projects/audition-data-collection/ros2-robot-audition-suite/ros2_ws/src/install/audition_msgs/include/audition_msgs/audition_msgs/srv
-- Up-to-date: /home/moses/Moses/Robotics/ROS-Projects/audition-data-collection/ros2-robot-audition-suite/ros2_ws/src/install/audition_msgs/include/audition_msgs/audition_msgs/srv/detail
-- Installing: /home/moses/Moses/Robotics/ROS-Projects/audition-data-collection/ros2-robot-audition-suite/ros2_ws/src/install/audition_msgs/include/audition_msgs/audition_msgs/srv/detail/proceed_to_next__rosidl_typesupport_introspection_cpp.hpp
-- Installing: /home/moses/Moses/Robotics/ROS-Projects/audition-data-collection/ros2-robot-audition-suite/ros2_ws/src/install/audition_msgs/include/audition_msgs/audition_msgs/srv/detail/abort_session__type_support.cpp
-- Installing: /home/moses/Moses/Robotics/ROS-Projects/audition-data-collection/ros2-robot-audition-suite/ros2_ws/src/install/audition_msgs/include/audition_msgs/audition_msgs/srv/detail/proceed_to_next__type_support.cpp
-- Installing: /home/moses/Moses/Robotics/ROS-Projects/audition-data-collection/ros2-robot-audition-suite/ros2_ws/src/install/audition_msgs/include/audition_msgs/audition_msgs/srv/detail/abort_session__rosidl_typesupport_introspection_cpp.hpp
-- Up-to-date: /home/moses/Moses/Robotics/ROS-Projects/audition-data-collection/ros2-robot-audition-suite/ros2_ws/src/install/audition_msgs/include/audition_msgs/audition_msgs/msg
-- Up-to-date: /home/moses/Moses/Robotics/ROS-Projects/audition-data-collection/ros2-robot-audition-suite/ros2_ws/src/install/audition_msgs/include/audition_msgs/audition_msgs/msg/detail
-- Installing: /home/moses/Moses/Robotics/ROS-Projects/audition-data-collection/ros2-robot-audition-suite/ros2_ws/src/install/audition_msgs/include/audition_msgs/audition_msgs/msg/detail/collection_status__type_support.cpp
-- Installing: /home/moses/Moses/Robotics/ROS-Projects/audition-data-collection/ros2-robot-audition-suite/ros2_ws/src/install/audition_msgs/include/audition_msgs/audition_msgs/msg/detail/collection_status__rosidl_typesupport_introspection_cpp.hpp
-- Up-to-date: /home/moses/Moses/Robotics/ROS-Projects/audition-data-collection/ros2-robot-audition-suite/ros2_ws/src/install/audition_msgs/include/audition_msgs/audition_msgs/action
-- Up-to-date: /home/moses/Moses/Robotics/ROS-Projects/audition-data-collection/ros2-robot-audition-suite/ros2_ws/src/install/audition_msgs/include/audition_msgs/audition_msgs/action/detail
-- Installing: /home/moses/Moses/Robotics/ROS-Projects/audition-data-collection/ros2-robot-audition-suite/ros2_ws/src/install/audition_msgs/include/audition_msgs/audition_msgs/action/detail/collect_at_waypoint__type_support.cpp
-- Installing: /home/moses/Moses/Robotics/ROS-Projects/audition-data-collection/ros2-robot-audition-suite/ros2_ws/src/install/audition_msgs/include/audition_msgs/audition_msgs/action/detail/collect_at_waypoint__rosidl_typesupport_introspection_cpp.hpp
-- Installing: /home/moses/Moses/Robotics/ROS-Projects/audition-data-collection/ros2-robot-audition-suite/ros2_ws/src/install/audition_msgs/lib/libaudition_msgs__rosidl_typesupport_introspection_cpp.so
-- Set runtime path of "/home/moses/Moses/Robotics/ROS-Projects/audition-data-collection/ros2-robot-audition-suite/ros2_ws/src/install/audition_msgs/lib/libaudition_msgs__rosidl_typesupport_introspection_cpp.so" to ""
-- Installing: /home/moses/Moses/Robotics/ROS-Projects/audition-data-collection/ros2-robot-audition-suite/ros2_ws/src/install/audition_msgs/lib/libaudition_msgs__rosidl_typesupport_cpp.so
-- Set runtime path of "/home/moses/Moses/Robotics/ROS-Projects/audition-data-collection/ros2-robot-audition-suite/ros2_ws/src/install/audition_msgs/lib/libaudition_msgs__rosidl_typesupport_cpp.so" to ""
-- Installing: /home/moses/Moses/Robotics/ROS-Projects/audition-data-collection/ros2-robot-audition-suite/ros2_ws/src/install/audition_msgs/share/audition_msgs/environment/pythonpath.sh
-- Installing: /home/moses/Moses/Robotics/ROS-Projects/audition-data-collection/ros2-robot-audition-suite/ros2_ws/src/install/audition_msgs/share/audition_msgs/environment/pythonpath.dsv
-- Installing: /home/moses/Moses/Robotics/ROS-Projects/audition-data-collection/ros2-robot-audition-suite/ros2_ws/src/install/audition_msgs/lib/python3.12/site-packages/audition_msgs-0.0.1-py3.12.egg-info
-- Installing: /home/moses/Moses/Robotics/ROS-Projects/audition-data-collection/ros2-robot-audition-suite/ros2_ws/src/install/audition_msgs/lib/python3.12/site-packages/audition_msgs-0.0.1-py3.12.egg-info/dependency_links.txt
-- Installing: /home/moses/Moses/Robotics/ROS-Projects/audition-data-collection/ros2-robot-audition-suite/ros2_ws/src/install/audition_msgs/lib/python3.12/site-packages/audition_msgs-0.0.1-py3.12.egg-info/SOURCES.txt
-- Installing: /home/moses/Moses/Robotics/ROS-Projects/audition-data-collection/ros2-robot-audition-suite/ros2_ws/src/install/audition_msgs/lib/python3.12/site-packages/audition_msgs-0.0.1-py3.12.egg-info/PKG-INFO
-- Installing: /home/moses/Moses/Robotics/ROS-Projects/audition-data-collection/ros2-robot-audition-suite/ros2_ws/src/install/audition_msgs/lib/python3.12/site-packages/audition_msgs-0.0.1-py3.12.egg-info/top_level.txt
-- Installing: /home/moses/Moses/Robotics/ROS-Projects/audition-data-collection/ros2-robot-audition-suite/ros2_ws/src/install/audition_msgs/lib/python3.12/site-packages/audition_msgs
-- Installing: /home/moses/Moses/Robotics/ROS-Projects/audition-data-collection/ros2-robot-audition-suite/ros2_ws/src/install/audition_msgs/lib/python3.12/site-packages/audition_msgs/libaudition_msgs__rosidl_generator_py.so
-- Installing: /home/moses/Moses/Robotics/ROS-Projects/audition-data-collection/ros2-robot-audition-suite/ros2_ws/src/install/audition_msgs/lib/python3.12/site-packages/audition_msgs/audition_msgs_s__rosidl_typesupport_c.cpython-312-x86_64-linux-gnu.so
-- Installing: /home/moses/Moses/Robotics/ROS-Projects/audition-data-collection/ros2-robot-audition-suite/ros2_ws/src/install/audition_msgs/lib/python3.12/site-packages/audition_msgs/_audition_msgs_s.ep.rosidl_typesupport_introspection_c.c
-- Installing: /home/moses/Moses/Robotics/ROS-Projects/audition-data-collection/ros2-robot-audition-suite/ros2_ws/src/install/audition_msgs/lib/python3.12/site-packages/audition_msgs/audition_msgs_s__rosidl_typesupport_introspection_c.cpython-312-x86_64-linux-gnu.so
-- Installing: /home/moses/Moses/Robotics/ROS-Projects/audition-data-collection/ros2-robot-audition-suite/ros2_ws/src/install/audition_msgs/lib/python3.12/site-packages/audition_msgs/_audition_msgs_s.ep.rosidl_typesupport_fastrtps_c.c
-- Installing: /home/moses/Moses/Robotics/ROS-Projects/audition-data-collection/ros2-robot-audition-suite/ros2_ws/src/install/audition_msgs/lib/python3.12/site-packages/audition_msgs/srv
-- Installing: /home/moses/Moses/Robotics/ROS-Projects/audition-data-collection/ros2-robot-audition-suite/ros2_ws/src/install/audition_msgs/lib/python3.12/site-packages/audition_msgs/srv/_abort_session.py
-- Installing: /home/moses/Moses/Robotics/ROS-Projects/audition-data-collection/ros2-robot-audition-suite/ros2_ws/src/install/audition_msgs/lib/python3.12/site-packages/audition_msgs/srv/_abort_session_s.c
-- Installing: /home/moses/Moses/Robotics/ROS-Projects/audition-data-collection/ros2-robot-audition-suite/ros2_ws/src/install/audition_msgs/lib/python3.12/site-packages/audition_msgs/srv/__init__.py
-- Installing: /home/moses/Moses/Robotics/ROS-Projects/audition-data-collection/ros2-robot-audition-suite/ros2_ws/src/install/audition_msgs/lib/python3.12/site-packages/audition_msgs/srv/_proceed_to_next_s.c
-- Installing: /home/moses/Moses/Robotics/ROS-Projects/audition-data-collection/ros2-robot-audition-suite/ros2_ws/src/install/audition_msgs/lib/python3.12/site-packages/audition_msgs/srv/_proceed_to_next.py
-- Installing: /home/moses/Moses/Robotics/ROS-Projects/audition-data-collection/ros2-robot-audition-suite/ros2_ws/src/install/audition_msgs/lib/python3.12/site-packages/audition_msgs/audition_msgs_s__rosidl_typesupport_fastrtps_c.cpython-312-x86_64-linux-gnu.so
-- Installing: /home/moses/Moses/Robotics/ROS-Projects/audition-data-collection/ros2-robot-audition-suite/ros2_ws/src/install/audition_msgs/lib/python3.12/site-packages/audition_msgs/msg
-- Installing: /home/moses/Moses/Robotics/ROS-Projects/audition-data-collection/ros2-robot-audition-suite/ros2_ws/src/install/audition_msgs/lib/python3.12/site-packages/audition_msgs/msg/_collection_status.py
-- Installing: /home/moses/Moses/Robotics/ROS-Projects/audition-data-collection/ros2-robot-audition-suite/ros2_ws/src/install/audition_msgs/lib/python3.12/site-packages/audition_msgs/msg/__init__.py
-- Installing: /home/moses/Moses/Robotics/ROS-Projects/audition-data-collection/ros2-robot-audition-suite/ros2_ws/src/install/audition_msgs/lib/python3.12/site-packages/audition_msgs/msg/_collection_status_s.c
-- Installing: /home/moses/Moses/Robotics/ROS-Projects/audition-data-collection/ros2-robot-audition-suite/ros2_ws/src/install/audition_msgs/lib/python3.12/site-packages/audition_msgs/action
-- Installing: /home/moses/Moses/Robotics/ROS-Projects/audition-data-collection/ros2-robot-audition-suite/ros2_ws/src/install/audition_msgs/lib/python3.12/site-packages/audition_msgs/action/_collect_at_waypoint_s.c
-- Installing: /home/moses/Moses/Robotics/ROS-Projects/audition-data-collection/ros2-robot-audition-suite/ros2_ws/src/install/audition_msgs/lib/python3.12/site-packages/audition_msgs/action/_collect_at_waypoint.py
-- Installing: /home/moses/Moses/Robotics/ROS-Projects/audition-data-collection/ros2-robot-audition-suite/ros2_ws/src/install/audition_msgs/lib/python3.12/site-packages/audition_msgs/action/__init__.py
-- Installing: /home/moses/Moses/Robotics/ROS-Projects/audition-data-collection/ros2-robot-audition-suite/ros2_ws/src/install/audition_msgs/lib/python3.12/site-packages/audition_msgs/__init__.py
-- Installing: /home/moses/Moses/Robotics/ROS-Projects/audition-data-collection/ros2-robot-audition-suite/ros2_ws/src/install/audition_msgs/lib/python3.12/site-packages/audition_msgs/_audition_msgs_s.ep.rosidl_typesupport_c.c
Listing '/home/moses/Moses/Robotics/ROS-Projects/audition-data-collection/ros2-robot-audition-suite/ros2_ws/src/install/audition_msgs/lib/python3.12/site-packages/audition_msgs'...
Compiling '/home/moses/Moses/Robotics/ROS-Projects/audition-data-collection/ros2-robot-audition-suite/ros2_ws/src/install/audition_msgs/lib/python3.12/site-packages/audition_msgs/__init__.py'...
Listing '/home/moses/Moses/Robotics/ROS-Projects/audition-data-collection/ros2-robot-audition-suite/ros2_ws/src/install/audition_msgs/lib/python3.12/site-packages/audition_msgs/action'...
Compiling '/home/moses/Moses/Robotics/ROS-Projects/audition-data-collection/ros2-robot-audition-suite/ros2_ws/src/install/audition_msgs/lib/python3.12/site-packages/audition_msgs/action/__init__.py'...
Compiling '/home/moses/Moses/Robotics/ROS-Projects/audition-data-collection/ros2-robot-audition-suite/ros2_ws/src/install/audition_msgs/lib/python3.12/site-packages/audition_msgs/action/_collect_at_waypoint.py'...
Listing '/home/moses/Moses/Robotics/ROS-Projects/audition-data-collection/ros2-robot-audition-suite/ros2_ws/src/install/audition_msgs/lib/python3.12/site-packages/audition_msgs/msg'...
Compiling '/home/moses/Moses/Robotics/ROS-Projects/audition-data-collection/ros2-robot-audition-suite/ros2_ws/src/install/audition_msgs/lib/python3.12/site-packages/audition_msgs/msg/__init__.py'...
Compiling '/home/moses/Moses/Robotics/ROS-Projects/audition-data-collection/ros2-robot-audition-suite/ros2_ws/src/install/audition_msgs/lib/python3.12/site-packages/audition_msgs/msg/_collection_status.py'...
Listing '/home/moses/Moses/Robotics/ROS-Projects/audition-data-collection/ros2-robot-audition-suite/ros2_ws/src/install/audition_msgs/lib/python3.12/site-packages/audition_msgs/srv'...
Compiling '/home/moses/Moses/Robotics/ROS-Projects/audition-data-collection/ros2-robot-audition-suite/ros2_ws/src/install/audition_msgs/lib/python3.12/site-packages/audition_msgs/srv/__init__.py'...
Compiling '/home/moses/Moses/Robotics/ROS-Projects/audition-data-collection/ros2-robot-audition-suite/ros2_ws/src/install/audition_msgs/lib/python3.12/site-packages/audition_msgs/srv/_abort_session.py'...
Compiling '/home/moses/Moses/Robotics/ROS-Projects/audition-data-collection/ros2-robot-audition-suite/ros2_ws/src/install/audition_msgs/lib/python3.12/site-packages/audition_msgs/srv/_proceed_to_next.py'...
-- Installing: /home/moses/Moses/Robotics/ROS-Projects/audition-data-collection/ros2-robot-audition-suite/ros2_ws/src/install/audition_msgs/lib/python3.12/site-packages/audition_msgs/audition_msgs_s__rosidl_typesupport_fastrtps_c.cpython-312-x86_64-linux-gnu.so
-- Set runtime path of "/home/moses/Moses/Robotics/ROS-Projects/audition-data-collection/ros2-robot-audition-suite/ros2_ws/src/install/audition_msgs/lib/python3.12/site-packages/audition_msgs/audition_msgs_s__rosidl_typesupport_fastrtps_c.cpython-312-x86_64-linux-gnu.so" to ""
-- Installing: /home/moses/Moses/Robotics/ROS-Projects/audition-data-collection/ros2-robot-audition-suite/ros2_ws/src/install/audition_msgs/lib/python3.12/site-packages/audition_msgs/audition_msgs_s__rosidl_typesupport_introspection_c.cpython-312-x86_64-linux-gnu.so
-- Set runtime path of "/home/moses/Moses/Robotics/ROS-Projects/audition-data-collection/ros2-robot-audition-suite/ros2_ws/src/install/audition_msgs/lib/python3.12/site-packages/audition_msgs/audition_msgs_s__rosidl_typesupport_introspection_c.cpython-312-x86_64-linux-gnu.so" to ""
-- Installing: /home/moses/Moses/Robotics/ROS-Projects/audition-data-collection/ros2-robot-audition-suite/ros2_ws/src/install/audition_msgs/lib/python3.12/site-packages/audition_msgs/audition_msgs_s__rosidl_typesupport_c.cpython-312-x86_64-linux-gnu.so
-- Set runtime path of "/home/moses/Moses/Robotics/ROS-Projects/audition-data-collection/ros2-robot-audition-suite/ros2_ws/src/install/audition_msgs/lib/python3.12/site-packages/audition_msgs/audition_msgs_s__rosidl_typesupport_c.cpython-312-x86_64-linux-gnu.so" to ""
-- Installing: /home/moses/Moses/Robotics/ROS-Projects/audition-data-collection/ros2-robot-audition-suite/ros2_ws/src/install/audition_msgs/lib/libaudition_msgs__rosidl_generator_py.so
-- Set runtime path of "/home/moses/Moses/Robotics/ROS-Projects/audition-data-collection/ros2-robot-audition-suite/ros2_ws/src/install/audition_msgs/lib/libaudition_msgs__rosidl_generator_py.so" to ""
-- Installing: /home/moses/Moses/Robotics/ROS-Projects/audition-data-collection/ros2-robot-audition-suite/ros2_ws/src/install/audition_msgs/share/audition_msgs/msg/CollectionStatus.idl
-- Installing: /home/moses/Moses/Robotics/ROS-Projects/audition-data-collection/ros2-robot-audition-suite/ros2_ws/src/install/audition_msgs/share/audition_msgs/srv/ProceedToNext.idl
-- Installing: /home/moses/Moses/Robotics/ROS-Projects/audition-data-collection/ros2-robot-audition-suite/ros2_ws/src/install/audition_msgs/share/audition_msgs/srv/AbortSession.idl
-- Installing: /home/moses/Moses/Robotics/ROS-Projects/audition-data-collection/ros2-robot-audition-suite/ros2_ws/src/install/audition_msgs/share/audition_msgs/action/CollectAtWaypoint.idl
-- Installing: /home/moses/Moses/Robotics/ROS-Projects/audition-data-collection/ros2-robot-audition-suite/ros2_ws/src/install/audition_msgs/share/audition_msgs/msg/CollectionStatus.msg
-- Installing: /home/moses/Moses/Robotics/ROS-Projects/audition-data-collection/ros2-robot-audition-suite/ros2_ws/src/install/audition_msgs/share/audition_msgs/srv/ProceedToNext.srv
-- Installing: /home/moses/Moses/Robotics/ROS-Projects/audition-data-collection/ros2-robot-audition-suite/ros2_ws/src/install/audition_msgs/share/audition_msgs/srv/ProceedToNext_Request.msg
-- Installing: /home/moses/Moses/Robotics/ROS-Projects/audition-data-collection/ros2-robot-audition-suite/ros2_ws/src/install/audition_msgs/share/audition_msgs/srv/ProceedToNext_Response.msg
-- Installing: /home/moses/Moses/Robotics/ROS-Projects/audition-data-collection/ros2-robot-audition-suite/ros2_ws/src/install/audition_msgs/share/audition_msgs/srv/AbortSession.srv
-- Installing: /home/moses/Moses/Robotics/ROS-Projects/audition-data-collection/ros2-robot-audition-suite/ros2_ws/src/install/audition_msgs/share/audition_msgs/srv/AbortSession_Request.msg
-- Installing: /home/moses/Moses/Robotics/ROS-Projects/audition-data-collection/ros2-robot-audition-suite/ros2_ws/src/install/audition_msgs/share/audition_msgs/srv/AbortSession_Response.msg
-- Installing: /home/moses/Moses/Robotics/ROS-Projects/audition-data-collection/ros2-robot-audition-suite/ros2_ws/src/install/audition_msgs/share/audition_msgs/action/CollectAtWaypoint.action
-- Installing: /home/moses/Moses/Robotics/ROS-Projects/audition-data-collection/ros2-robot-audition-suite/ros2_ws/src/install/audition_msgs/share/ament_index/resource_index/package_run_dependencies/audition_msgs
-- Installing: /home/moses/Moses/Robotics/ROS-Projects/audition-data-collection/ros2-robot-audition-suite/ros2_ws/src/install/audition_msgs/share/ament_index/resource_index/parent_prefix_path/audition_msgs
-- Installing: /home/moses/Moses/Robotics/ROS-Projects/audition-data-collection/ros2-robot-audition-suite/ros2_ws/src/install/audition_msgs/share/audition_msgs/environment/ament_prefix_path.sh
-- Installing: /home/moses/Moses/Robotics/ROS-Projects/audition-data-collection/ros2-robot-audition-suite/ros2_ws/src/install/audition_msgs/share/audition_msgs/environment/ament_prefix_path.dsv
-- Installing: /home/moses/Moses/Robotics/ROS-Projects/audition-data-collection/ros2-robot-audition-suite/ros2_ws/src/install/audition_msgs/share/audition_msgs/environment/path.sh
-- Installing: /home/moses/Moses/Robotics/ROS-Projects/audition-data-collection/ros2-robot-audition-suite/ros2_ws/src/install/audition_msgs/share/audition_msgs/environment/path.dsv
-- Installing: /home/moses/Moses/Robotics/ROS-Projects/audition-data-collection/ros2-robot-audition-suite/ros2_ws/src/install/audition_msgs/share/audition_msgs/local_setup.bash
-- Installing: /home/moses/Moses/Robotics/ROS-Projects/audition-data-collection/ros2-robot-audition-suite/ros2_ws/src/install/audition_msgs/share/audition_msgs/local_setup.sh
-- Installing: /home/moses/Moses/Robotics/ROS-Projects/audition-data-collection/ros2-robot-audition-suite/ros2_ws/src/install/audition_msgs/share/audition_msgs/local_setup.zsh
-- Installing: /home/moses/Moses/Robotics/ROS-Projects/audition-data-collection/ros2-robot-audition-suite/ros2_ws/src/install/audition_msgs/share/audition_msgs/local_setup.dsv
-- Installing: /home/moses/Moses/Robotics/ROS-Projects/audition-data-collection/ros2-robot-audition-suite/ros2_ws/src/install/audition_msgs/share/audition_msgs/package.dsv
-- Installing: /home/moses/Moses/Robotics/ROS-Projects/audition-data-collection/ros2-robot-audition-suite/ros2_ws/src/install/audition_msgs/share/ament_index/resource_index/packages/audition_msgs
-- Installing: /home/moses/Moses/Robotics/ROS-Projects/audition-data-collection/ros2-robot-audition-suite/ros2_ws/src/install/audition_msgs/share/audition_msgs/cmake/export_audition_msgs__rosidl_generator_cExport.cmake
-- Installing: /home/moses/Moses/Robotics/ROS-Projects/audition-data-collection/ros2-robot-audition-suite/ros2_ws/src/install/audition_msgs/share/audition_msgs/cmake/export_audition_msgs__rosidl_generator_cExport-noconfig.cmake
-- Installing: /home/moses/Moses/Robotics/ROS-Projects/audition-data-collection/ros2-robot-audition-suite/ros2_ws/src/install/audition_msgs/share/audition_msgs/cmake/export_audition_msgs__rosidl_typesupport_fastrtps_cExport.cmake
-- Installing: /home/moses/Moses/Robotics/ROS-Projects/audition-data-collection/ros2-robot-audition-suite/ros2_ws/src/install/audition_msgs/share/audition_msgs/cmake/export_audition_msgs__rosidl_typesupport_fastrtps_cExport-noconfig.cmake
-- Installing: /home/moses/Moses/Robotics/ROS-Projects/audition-data-collection/ros2-robot-audition-suite/ros2_ws/src/install/audition_msgs/share/audition_msgs/cmake/audition_msgs__rosidl_typesupport_introspection_cExport.cmake
-- Installing: /home/moses/Moses/Robotics/ROS-Projects/audition-data-collection/ros2-robot-audition-suite/ros2_ws/src/install/audition_msgs/share/audition_msgs/cmake/audition_msgs__rosidl_typesupport_introspection_cExport-noconfig.cmake
-- Installing: /home/moses/Moses/Robotics/ROS-Projects/audition-data-collection/ros2-robot-audition-suite/ros2_ws/src/install/audition_msgs/share/audition_msgs/cmake/audition_msgs__rosidl_typesupport_cExport.cmake
-- Installing: /home/moses/Moses/Robotics/ROS-Projects/audition-data-collection/ros2-robot-audition-suite/ros2_ws/src/install/audition_msgs/share/audition_msgs/cmake/audition_msgs__rosidl_typesupport_cExport-noconfig.cmake
-- Installing: /home/moses/Moses/Robotics/ROS-Projects/audition-data-collection/ros2-robot-audition-suite/ros2_ws/src/install/audition_msgs/share/audition_msgs/cmake/export_audition_msgs__rosidl_generator_cppExport.cmake
-- Installing: /home/moses/Moses/Robotics/ROS-Projects/audition-data-collection/ros2-robot-audition-suite/ros2_ws/src/install/audition_msgs/share/audition_msgs/cmake/export_audition_msgs__rosidl_typesupport_fastrtps_cppExport.cmake
-- Installing: /home/moses/Moses/Robotics/ROS-Projects/audition-data-collection/ros2-robot-audition-suite/ros2_ws/src/install/audition_msgs/share/audition_msgs/cmake/export_audition_msgs__rosidl_typesupport_fastrtps_cppExport-noconfig.cmake
-- Installing: /home/moses/Moses/Robotics/ROS-Projects/audition-data-collection/ros2-robot-audition-suite/ros2_ws/src/install/audition_msgs/share/audition_msgs/cmake/audition_msgs__rosidl_typesupport_introspection_cppExport.cmake
-- Installing: /home/moses/Moses/Robotics/ROS-Projects/audition-data-collection/ros2-robot-audition-suite/ros2_ws/src/install/audition_msgs/share/audition_msgs/cmake/audition_msgs__rosidl_typesupport_introspection_cppExport-noconfig.cmake
-- Installing: /home/moses/Moses/Robotics/ROS-Projects/audition-data-collection/ros2-robot-audition-suite/ros2_ws/src/install/audition_msgs/share/audition_msgs/cmake/audition_msgs__rosidl_typesupport_cppExport.cmake
-- Installing: /home/moses/Moses/Robotics/ROS-Projects/audition-data-collection/ros2-robot-audition-suite/ros2_ws/src/install/audition_msgs/share/audition_msgs/cmake/audition_msgs__rosidl_typesupport_cppExport-noconfig.cmake
-- Installing: /home/moses/Moses/Robotics/ROS-Projects/audition-data-collection/ros2-robot-audition-suite/ros2_ws/src/install/audition_msgs/share/audition_msgs/cmake/export_audition_msgs__rosidl_generator_pyExport.cmake
-- Installing: /home/moses/Moses/Robotics/ROS-Projects/audition-data-collection/ros2-robot-audition-suite/ros2_ws/src/install/audition_msgs/share/audition_msgs/cmake/export_audition_msgs__rosidl_generator_pyExport-noconfig.cmake
-- Installing: /home/moses/Moses/Robotics/ROS-Projects/audition-data-collection/ros2-robot-audition-suite/ros2_ws/src/install/audition_msgs/share/audition_msgs/cmake/rosidl_cmake-extras.cmake
-- Installing: /home/moses/Moses/Robotics/ROS-Projects/audition-data-collection/ros2-robot-audition-suite/ros2_ws/src/install/audition_msgs/share/audition_msgs/cmake/ament_cmake_export_dependencies-extras.cmake
-- Installing: /home/moses/Moses/Robotics/ROS-Projects/audition-data-collection/ros2-robot-audition-suite/ros2_ws/src/install/audition_msgs/share/audition_msgs/cmake/ament_cmake_export_include_directories-extras.cmake
-- Installing: /home/moses/Moses/Robotics/ROS-Projects/audition-data-collection/ros2-robot-audition-suite/ros2_ws/src/install/audition_msgs/share/audition_msgs/cmake/ament_cmake_export_libraries-extras.cmake
-- Installing: /home/moses/Moses/Robotics/ROS-Projects/audition-data-collection/ros2-robot-audition-suite/ros2_ws/src/install/audition_msgs/share/audition_msgs/cmake/ament_cmake_export_targets-extras.cmake
-- Installing: /home/moses/Moses/Robotics/ROS-Projects/audition-data-collection/ros2-robot-audition-suite/ros2_ws/src/install/audition_msgs/share/audition_msgs/cmake/rosidl_cmake_export_typesupport_targets-extras.cmake
-- Installing: /home/moses/Moses/Robotics/ROS-Projects/audition-data-collection/ros2-robot-audition-suite/ros2_ws/src/install/audition_msgs/share/audition_msgs/cmake/rosidl_cmake_export_typesupport_libraries-extras.cmake
-- Installing: /home/moses/Moses/Robotics/ROS-Projects/audition-data-collection/ros2-robot-audition-suite/ros2_ws/src/install/audition_msgs/share/audition_msgs/cmake/audition_msgsConfig.cmake
-- Installing: /home/moses/Moses/Robotics/ROS-Projects/audition-data-collection/ros2-robot-audition-suite/ros2_ws/src/install/audition_msgs/share/audition_msgs/cmake/audition_msgsConfig-version.cmake
-- Installing: /home/moses/Moses/Robotics/ROS-Projects/audition-data-collection/ros2-robot-audition-suite/ros2_ws/src/install/audition_msgs/share/audition_msgs/package.xml
