[0.013s] Invoking command in '/home/moses/Moses/Robotics/ROS-Projects/audition-data-collection/ros2-robot-audition-suite/ros2_ws/src/build/audition_msgs': CMAKE_PREFIX_PATH=/opt/ros/humble CONDA_PROMPT_MODIFIER=(base) /usr/bin/cmake /home/moses/Moses/Robotics/ROS-Projects/audition-data-collection/ros2-robot-audition-suite/ros2_ws/src/audition_msgs -DCMAKE_INSTALL_PREFIX=/home/moses/Moses/Robotics/ROS-Projects/audition-data-collection/ros2-robot-audition-suite/ros2_ws/src/install/audition_msgs
[0.132s] -- The C compiler identification is Clang 18.1.8
[0.276s] -- The CXX compiler identification is Clang 18.1.8
[0.284s] -- Detecting C compiler ABI info
[0.402s] -- Detecting C compiler ABI info - done
[0.405s] -- Check for working C compiler: /usr/bin/clang-18 - skipped
[0.405s] -- Detecting C compile features
[0.406s] -- Detecting C compile features - done
[0.408s] -- Detecting CXX compiler ABI info
[0.508s] -- Detecting CXX compiler ABI info - done
[0.512s] -- Check for working CXX compiler: /usr/bin/clang++-18 - skipped
[0.512s] -- Detecting CXX compile features
[0.513s] -- Detecting CXX compile features - done
[0.514s] -- Found ament_cmake: 1.3.11 (/opt/ros/humble/share/ament_cmake/cmake)
[0.995s] -- Found Python3: /home/moses/miniforge3/bin/python3 (found version "3.12.11") found components: Interpreter 
[1.129s] -- Found rosidl_default_generators: 1.2.0 (/opt/ros/humble/share/rosidl_default_generators/cmake)
[1.132s] -- Using all available rosidl_typesupport_c: rosidl_typesupport_fastrtps_c;rosidl_typesupport_introspection_c
[1.140s] -- Found rosidl_adapter: 3.1.7 (/opt/ros/humble/share/rosidl_adapter/cmake)
[1.191s] -- Using all available rosidl_typesupport_cpp: rosidl_typesupport_fastrtps_cpp;rosidl_typesupport_introspection_cpp
[1.228s] -- Found std_msgs: 4.9.0 (/opt/ros/humble/share/std_msgs/cmake)
[1.258s] -- Found action_msgs: 1.2.2 (/opt/ros/humble/share/action_msgs/cmake)
[1.553s] -- Found ament_cmake_ros: 0.10.0 (/opt/ros/humble/share/ament_cmake_ros/cmake)
[1.838s] -- Using all available rosidl_typesupport_c: rosidl_typesupport_fastrtps_c;rosidl_typesupport_introspection_c
[2.247s] -- Using all available rosidl_typesupport_cpp: rosidl_typesupport_fastrtps_cpp;rosidl_typesupport_introspection_cpp
[2.290s] -- Found PythonInterp: /home/moses/miniforge3/bin/python3 (found suitable version "3.12.11", minimum required is "3.6") 
[2.292s] -- Found python_cmake_module: 0.10.0 (/opt/ros/humble/share/python_cmake_module/cmake)
[2.336s] -- Found PythonLibs: /home/moses/miniforge3/lib/libpython3.12.so (found suitable version "3.12.11", minimum required is "3.5") 
[2.336s] -- Using PYTHON_EXECUTABLE: /home/moses/miniforge3/bin/python3
[2.336s] -- Using PYTHON_INCLUDE_DIRS: /home/moses/miniforge3/include/python3.12
[2.336s] -- Using PYTHON_LIBRARIES: /home/moses/miniforge3/lib/libpython3.12.so
[2.366s] -- Found PythonExtra: .so  
[2.518s] -- Using numpy include directory: /home/moses/miniforge3/lib/python3.12/site-packages/numpy/_core/include
[2.531s] -- Configuring done
[2.558s] -- Generating done
[2.566s] -- Build files have been written to: /home/moses/Moses/Robotics/ROS-Projects/audition-data-collection/ros2-robot-audition-suite/ros2_ws/src/build/audition_msgs
[2.570s] Invoked command in '/home/moses/Moses/Robotics/ROS-Projects/audition-data-collection/ros2-robot-audition-suite/ros2_ws/src/build/audition_msgs' returned '0': CMAKE_PREFIX_PATH=/opt/ros/humble CONDA_PROMPT_MODIFIER=(base) /usr/bin/cmake /home/moses/Moses/Robotics/ROS-Projects/audition-data-collection/ros2-robot-audition-suite/ros2_ws/src/audition_msgs -DCMAKE_INSTALL_PREFIX=/home/moses/Moses/Robotics/ROS-Projects/audition-data-collection/ros2-robot-audition-suite/ros2_ws/src/install/audition_msgs
[2.573s] Invoking command in '/home/moses/Moses/Robotics/ROS-Projects/audition-data-collection/ros2-robot-audition-suite/ros2_ws/src/build/audition_msgs': CMAKE_PREFIX_PATH=/opt/ros/humble CONDA_PROMPT_MODIFIER=(base) /usr/bin/cmake --build /home/moses/Moses/Robotics/ROS-Projects/audition-data-collection/ros2-robot-audition-suite/ros2_ws/src/build/audition_msgs -- -j20 -l20
[2.623s] [  1%] [34m[1mGenerating C code for ROS interfaces[0m
[2.642s] [  3%] [34m[1mGenerating C++ code for ROS interfaces[0m
[2.652s] [  3%] Built target ament_cmake_python_copy_audition_msgs
[2.959s] running egg_info
[2.976s] creating audition_msgs.egg-info
[2.976s] writing audition_msgs.egg-info/PKG-INFO
[2.976s] writing dependency_links to audition_msgs.egg-info/dependency_links.txt
[2.977s] writing top-level names to audition_msgs.egg-info/top_level.txt
[2.977s] writing manifest file 'audition_msgs.egg-info/SOURCES.txt'
[3.026s] reading manifest file 'audition_msgs.egg-info/SOURCES.txt'
[3.027s] writing manifest file 'audition_msgs.egg-info/SOURCES.txt'
[3.075s] [  3%] Built target ament_cmake_python_build_audition_msgs_egg
[3.288s] [  5%] [32mBuilding C object CMakeFiles/audition_msgs__rosidl_generator_c.dir/rosidl_generator_c/audition_msgs/srv/detail/proceed_to_next__functions.c.o[0m
[3.288s] [  7%] [32mBuilding C object CMakeFiles/audition_msgs__rosidl_generator_c.dir/rosidl_generator_c/audition_msgs/msg/detail/collection_status__functions.c.o[0m
[3.288s] [  9%] [32mBuilding C object CMakeFiles/audition_msgs__rosidl_generator_c.dir/rosidl_generator_c/audition_msgs/srv/detail/abort_session__functions.c.o[0m
[3.292s] [ 10%] [32mBuilding C object CMakeFiles/audition_msgs__rosidl_generator_c.dir/rosidl_generator_c/audition_msgs/action/detail/collect_at_waypoint__functions.c.o[0m
[3.304s] [ 10%] Built target audition_msgs__cpp
[3.329s] [ 14%] [34m[1mGenerating C++ type support dispatch for ROS interfaces[0m
[3.329s] [ 14%] [34m[1mGenerating C++ introspection for ROS interfaces[0m
[3.329s] [ 16%] [34m[1mGenerating C++ type support for eProsima Fast-RTPS[0m
[3.405s] [ 18%] [32m[1mLinking C shared library libaudition_msgs__rosidl_generator_c.so[0m
[3.469s] [ 18%] Built target audition_msgs__rosidl_generator_c
[3.480s] [ 20%] [34m[1mGenerating C type support for eProsima Fast-RTPS[0m
[3.482s] [ 23%] [34m[1mGenerating C type support dispatch for ROS interfaces[0m
[3.483s] [ 23%] [34m[1mGenerating C introspection for ROS interfaces[0m
[3.755s] [ 25%] [32mBuilding CXX object CMakeFiles/audition_msgs__rosidl_typesupport_cpp.dir/rosidl_typesupport_cpp/audition_msgs/srv/proceed_to_next__type_support.cpp.o[0m
[3.761s] [ 30%] [32mBuilding CXX object CMakeFiles/audition_msgs__rosidl_typesupport_cpp.dir/rosidl_typesupport_cpp/audition_msgs/srv/abort_session__type_support.cpp.o[0m
[3.761s] [ 30%] [32mBuilding CXX object CMakeFiles/audition_msgs__rosidl_typesupport_cpp.dir/rosidl_typesupport_cpp/audition_msgs/msg/collection_status__type_support.cpp.o[0m
[3.761s] [ 30%] [32mBuilding CXX object CMakeFiles/audition_msgs__rosidl_typesupport_cpp.dir/rosidl_typesupport_cpp/audition_msgs/action/collect_at_waypoint__type_support.cpp.o[0m
[3.805s] [ 32%] [32mBuilding CXX object CMakeFiles/audition_msgs__rosidl_typesupport_introspection_cpp.dir/rosidl_typesupport_introspection_cpp/audition_msgs/srv/detail/abort_session__type_support.cpp.o[0m
[3.808s] [ 34%] [32mBuilding CXX object CMakeFiles/audition_msgs__rosidl_typesupport_introspection_cpp.dir/rosidl_typesupport_introspection_cpp/audition_msgs/srv/detail/proceed_to_next__type_support.cpp.o[0m
[3.809s] [ 36%] [32mBuilding CXX object CMakeFiles/audition_msgs__rosidl_typesupport_introspection_cpp.dir/rosidl_typesupport_introspection_cpp/audition_msgs/msg/detail/collection_status__type_support.cpp.o[0m
[3.811s] [ 38%] [32mBuilding CXX object CMakeFiles/audition_msgs__rosidl_typesupport_introspection_cpp.dir/rosidl_typesupport_introspection_cpp/audition_msgs/action/detail/collect_at_waypoint__type_support.cpp.o[0m
[3.943s] [ 40%] [32mBuilding CXX object CMakeFiles/audition_msgs__rosidl_typesupport_fastrtps_cpp.dir/rosidl_typesupport_fastrtps_cpp/audition_msgs/srv/detail/dds_fastrtps/abort_session__type_support.cpp.o[0m
[3.945s] [ 43%] [32mBuilding CXX object CMakeFiles/audition_msgs__rosidl_typesupport_fastrtps_cpp.dir/rosidl_typesupport_fastrtps_cpp/audition_msgs/srv/detail/dds_fastrtps/proceed_to_next__type_support.cpp.o[0m
[3.945s] [ 43%] [32mBuilding CXX object CMakeFiles/audition_msgs__rosidl_typesupport_fastrtps_cpp.dir/rosidl_typesupport_fastrtps_cpp/audition_msgs/msg/detail/dds_fastrtps/collection_status__type_support.cpp.o[0m
[3.948s] [ 45%] [32mBuilding CXX object CMakeFiles/audition_msgs__rosidl_typesupport_fastrtps_cpp.dir/rosidl_typesupport_fastrtps_cpp/audition_msgs/action/detail/dds_fastrtps/collect_at_waypoint__type_support.cpp.o[0m
[4.110s] [ 47%] [32mBuilding CXX object CMakeFiles/audition_msgs__rosidl_typesupport_c.dir/rosidl_typesupport_c/audition_msgs/msg/collection_status__type_support.cpp.o[0m
[4.114s] [ 49%] [32mBuilding CXX object CMakeFiles/audition_msgs__rosidl_typesupport_c.dir/rosidl_typesupport_c/audition_msgs/action/collect_at_waypoint__type_support.cpp.o[0m
[4.116s] [ 50%] [32mBuilding CXX object CMakeFiles/audition_msgs__rosidl_typesupport_c.dir/rosidl_typesupport_c/audition_msgs/srv/abort_session__type_support.cpp.o[0m
[4.123s] [ 52%] [32mBuilding CXX object CMakeFiles/audition_msgs__rosidl_typesupport_c.dir/rosidl_typesupport_c/audition_msgs/srv/proceed_to_next__type_support.cpp.o[0m
[4.248s] [ 54%] [32m[1mLinking CXX shared library libaudition_msgs__rosidl_typesupport_c.so[0m
[4.303s] [ 56%] [32mBuilding CXX object CMakeFiles/audition_msgs__rosidl_typesupport_fastrtps_c.dir/rosidl_typesupport_fastrtps_c/audition_msgs/msg/detail/collection_status__type_support_c.cpp.o[0m
[4.304s] [ 58%] [32mBuilding CXX object CMakeFiles/audition_msgs__rosidl_typesupport_fastrtps_c.dir/rosidl_typesupport_fastrtps_c/audition_msgs/srv/detail/proceed_to_next__type_support_c.cpp.o[0m
[4.304s] [ 60%] [32mBuilding CXX object CMakeFiles/audition_msgs__rosidl_typesupport_fastrtps_c.dir/rosidl_typesupport_fastrtps_c/audition_msgs/action/detail/collect_at_waypoint__type_support_c.cpp.o[0m
[4.307s] [ 61%] [32mBuilding CXX object CMakeFiles/audition_msgs__rosidl_typesupport_fastrtps_c.dir/rosidl_typesupport_fastrtps_c/audition_msgs/srv/detail/abort_session__type_support_c.cpp.o[0m
[4.404s] [ 63%] [32mBuilding C object CMakeFiles/audition_msgs__rosidl_typesupport_introspection_c.dir/rosidl_typesupport_introspection_c/audition_msgs/msg/detail/collection_status__type_support.c.o[0m
[4.405s] [ 65%] [32mBuilding C object CMakeFiles/audition_msgs__rosidl_typesupport_introspection_c.dir/rosidl_typesupport_introspection_c/audition_msgs/srv/detail/proceed_to_next__type_support.c.o[0m
[4.424s] [ 67%] [32mBuilding C object CMakeFiles/audition_msgs__rosidl_typesupport_introspection_c.dir/rosidl_typesupport_introspection_c/audition_msgs/srv/detail/abort_session__type_support.c.o[0m
[4.425s] [ 69%] [32mBuilding C object CMakeFiles/audition_msgs__rosidl_typesupport_introspection_c.dir/rosidl_typesupport_introspection_c/audition_msgs/action/detail/collect_at_waypoint__type_support.c.o[0m
[4.490s] [ 69%] Built target audition_msgs__rosidl_typesupport_c
[4.538s] [ 70%] [32m[1mLinking C shared library libaudition_msgs__rosidl_typesupport_introspection_c.so[0m
[4.642s] [ 70%] Built target audition_msgs__rosidl_typesupport_introspection_c
[5.148s] [ 72%] [32m[1mLinking CXX shared library libaudition_msgs__rosidl_typesupport_fastrtps_c.so[0m
[5.285s] [ 74%] [32m[1mLinking CXX shared library libaudition_msgs__rosidl_typesupport_introspection_cpp.so[0m
[5.295s] [ 74%] Built target audition_msgs__rosidl_typesupport_fastrtps_c
[5.305s] [ 76%] [32m[1mLinking CXX shared library libaudition_msgs__rosidl_typesupport_cpp.so[0m
[5.389s] [ 78%] [32m[1mLinking CXX shared library libaudition_msgs__rosidl_typesupport_fastrtps_cpp.so[0m
[5.399s] [ 78%] Built target audition_msgs__rosidl_typesupport_introspection_cpp
[5.410s] [ 78%] Built target audition_msgs__rosidl_typesupport_cpp
[5.465s] [ 78%] Built target audition_msgs__rosidl_typesupport_fastrtps_cpp
[5.487s] [ 78%] Built target audition_msgs
[5.503s] [ 80%] [34m[1mGenerating Python code for ROS interfaces[0m
[6.345s] [ 80%] Built target audition_msgs__py
[6.368s] [ 81%] [32mBuilding C object CMakeFiles/audition_msgs__rosidl_generator_py.dir/rosidl_generator_py/audition_msgs/srv/_proceed_to_next_s.c.o[0m
[6.369s] [ 83%] [32mBuilding C object CMakeFiles/audition_msgs__rosidl_generator_py.dir/rosidl_generator_py/audition_msgs/srv/_abort_session_s.c.o[0m
[6.370s] [ 85%] [32mBuilding C object CMakeFiles/audition_msgs__rosidl_generator_py.dir/rosidl_generator_py/audition_msgs/msg/_collection_status_s.c.o[0m
[6.371s] [ 87%] [32mBuilding C object CMakeFiles/audition_msgs__rosidl_generator_py.dir/rosidl_generator_py/audition_msgs/action/_collect_at_waypoint_s.c.o[0m
[6.498s] [ 89%] [32m[1mLinking C shared library rosidl_generator_py/audition_msgs/libaudition_msgs__rosidl_generator_py.so[0m
[6.551s] [ 89%] Built target audition_msgs__rosidl_generator_py
[6.574s] [ 94%] [32mBuilding C object CMakeFiles/audition_msgs__rosidl_typesupport_fastrtps_c__pyext.dir/rosidl_generator_py/audition_msgs/_audition_msgs_s.ep.rosidl_typesupport_fastrtps_c.c.o[0m
[6.574s] [ 94%] [32mBuilding C object CMakeFiles/audition_msgs__rosidl_typesupport_introspection_c__pyext.dir/rosidl_generator_py/audition_msgs/_audition_msgs_s.ep.rosidl_typesupport_introspection_c.c.o[0m
[6.574s] [ 94%] [32mBuilding C object CMakeFiles/audition_msgs__rosidl_typesupport_c__pyext.dir/rosidl_generator_py/audition_msgs/_audition_msgs_s.ep.rosidl_typesupport_c.c.o[0m
[6.754s] [100%] [32m[1mLinking C shared library rosidl_generator_py/audition_msgs/audition_msgs_s__rosidl_typesupport_fastrtps_c.cpython-312-x86_64-linux-gnu.so[0m
[6.754s] [100%] [32m[1mLinking C shared library rosidl_generator_py/audition_msgs/audition_msgs_s__rosidl_typesupport_c.cpython-312-x86_64-linux-gnu.so[0m
[6.755s] [100%] [32m[1mLinking C shared library rosidl_generator_py/audition_msgs/audition_msgs_s__rosidl_typesupport_introspection_c.cpython-312-x86_64-linux-gnu.so[0m
[6.859s] [100%] Built target audition_msgs__rosidl_typesupport_fastrtps_c__pyext
[6.862s] [100%] Built target audition_msgs__rosidl_typesupport_introspection_c__pyext
[6.863s] [100%] Built target audition_msgs__rosidl_typesupport_c__pyext
[6.881s] Invoked command in '/home/moses/Moses/Robotics/ROS-Projects/audition-data-collection/ros2-robot-audition-suite/ros2_ws/src/build/audition_msgs' returned '0': CMAKE_PREFIX_PATH=/opt/ros/humble CONDA_PROMPT_MODIFIER=(base) /usr/bin/cmake --build /home/moses/Moses/Robotics/ROS-Projects/audition-data-collection/ros2-robot-audition-suite/ros2_ws/src/build/audition_msgs -- -j20 -l20
[6.898s] Invoking command in '/home/moses/Moses/Robotics/ROS-Projects/audition-data-collection/ros2-robot-audition-suite/ros2_ws/src/build/audition_msgs': CMAKE_PREFIX_PATH=/opt/ros/humble CONDA_PROMPT_MODIFIER=(base) /usr/bin/cmake --install /home/moses/Moses/Robotics/ROS-Projects/audition-data-collection/ros2-robot-audition-suite/ros2_ws/src/build/audition_msgs
[6.909s] -- Install configuration: ""
[6.909s] -- Installing: /home/moses/Moses/Robotics/ROS-Projects/audition-data-collection/ros2-robot-audition-suite/ros2_ws/src/install/audition_msgs/share/ament_index/resource_index/rosidl_interfaces/audition_msgs
[6.909s] -- Installing: /home/moses/Moses/Robotics/ROS-Projects/audition-data-collection/ros2-robot-audition-suite/ros2_ws/src/install/audition_msgs/include/audition_msgs/audition_msgs
[6.910s] -- Installing: /home/moses/Moses/Robotics/ROS-Projects/audition-data-collection/ros2-robot-audition-suite/ros2_ws/src/install/audition_msgs/include/audition_msgs/audition_msgs/srv
[6.910s] -- Installing: /home/moses/Moses/Robotics/ROS-Projects/audition-data-collection/ros2-robot-audition-suite/ros2_ws/src/install/audition_msgs/include/audition_msgs/audition_msgs/srv/detail
[6.910s] -- Installing: /home/moses/Moses/Robotics/ROS-Projects/audition-data-collection/ros2-robot-audition-suite/ros2_ws/src/install/audition_msgs/include/audition_msgs/audition_msgs/srv/detail/proceed_to_next__functions.h
[6.910s] -- Installing: /home/moses/Moses/Robotics/ROS-Projects/audition-data-collection/ros2-robot-audition-suite/ros2_ws/src/install/audition_msgs/include/audition_msgs/audition_msgs/srv/detail/abort_session__functions.c
[6.910s] -- Installing: /home/moses/Moses/Robotics/ROS-Projects/audition-data-collection/ros2-robot-audition-suite/ros2_ws/src/install/audition_msgs/include/audition_msgs/audition_msgs/srv/detail/proceed_to_next__functions.c
[6.910s] -- Installing: /home/moses/Moses/Robotics/ROS-Projects/audition-data-collection/ros2-robot-audition-suite/ros2_ws/src/install/audition_msgs/include/audition_msgs/audition_msgs/srv/detail/proceed_to_next__struct.h
[6.910s] -- Installing: /home/moses/Moses/Robotics/ROS-Projects/audition-data-collection/ros2-robot-audition-suite/ros2_ws/src/install/audition_msgs/include/audition_msgs/audition_msgs/srv/detail/proceed_to_next__type_support.h
[6.911s] -- Installing: /home/moses/Moses/Robotics/ROS-Projects/audition-data-collection/ros2-robot-audition-suite/ros2_ws/src/install/audition_msgs/include/audition_msgs/audition_msgs/srv/detail/abort_session__struct.h
[6.911s] -- Installing: /home/moses/Moses/Robotics/ROS-Projects/audition-data-collection/ros2-robot-audition-suite/ros2_ws/src/install/audition_msgs/include/audition_msgs/audition_msgs/srv/detail/abort_session__type_support.h
[6.911s] -- Installing: /home/moses/Moses/Robotics/ROS-Projects/audition-data-collection/ros2-robot-audition-suite/ros2_ws/src/install/audition_msgs/include/audition_msgs/audition_msgs/srv/detail/abort_session__functions.h
[6.911s] -- Installing: /home/moses/Moses/Robotics/ROS-Projects/audition-data-collection/ros2-robot-audition-suite/ros2_ws/src/install/audition_msgs/include/audition_msgs/audition_msgs/srv/abort_session.h
[6.911s] -- Installing: /home/moses/Moses/Robotics/ROS-Projects/audition-data-collection/ros2-robot-audition-suite/ros2_ws/src/install/audition_msgs/include/audition_msgs/audition_msgs/srv/proceed_to_next.h
[6.911s] -- Installing: /home/moses/Moses/Robotics/ROS-Projects/audition-data-collection/ros2-robot-audition-suite/ros2_ws/src/install/audition_msgs/include/audition_msgs/audition_msgs/msg
[6.911s] -- Installing: /home/moses/Moses/Robotics/ROS-Projects/audition-data-collection/ros2-robot-audition-suite/ros2_ws/src/install/audition_msgs/include/audition_msgs/audition_msgs/msg/detail
[6.912s] -- Installing: /home/moses/Moses/Robotics/ROS-Projects/audition-data-collection/ros2-robot-audition-suite/ros2_ws/src/install/audition_msgs/include/audition_msgs/audition_msgs/msg/detail/collection_status__struct.h
[6.912s] -- Installing: /home/moses/Moses/Robotics/ROS-Projects/audition-data-collection/ros2-robot-audition-suite/ros2_ws/src/install/audition_msgs/include/audition_msgs/audition_msgs/msg/detail/collection_status__functions.c
[6.912s] -- Installing: /home/moses/Moses/Robotics/ROS-Projects/audition-data-collection/ros2-robot-audition-suite/ros2_ws/src/install/audition_msgs/include/audition_msgs/audition_msgs/msg/detail/collection_status__type_support.h
[6.912s] -- Installing: /home/moses/Moses/Robotics/ROS-Projects/audition-data-collection/ros2-robot-audition-suite/ros2_ws/src/install/audition_msgs/include/audition_msgs/audition_msgs/msg/detail/collection_status__functions.h
[6.912s] -- Installing: /home/moses/Moses/Robotics/ROS-Projects/audition-data-collection/ros2-robot-audition-suite/ros2_ws/src/install/audition_msgs/include/audition_msgs/audition_msgs/msg/rosidl_generator_c__visibility_control.h
[6.912s] -- Installing: /home/moses/Moses/Robotics/ROS-Projects/audition-data-collection/ros2-robot-audition-suite/ros2_ws/src/install/audition_msgs/include/audition_msgs/audition_msgs/msg/collection_status.h
[6.912s] -- Installing: /home/moses/Moses/Robotics/ROS-Projects/audition-data-collection/ros2-robot-audition-suite/ros2_ws/src/install/audition_msgs/include/audition_msgs/audition_msgs/action
[6.912s] -- Installing: /home/moses/Moses/Robotics/ROS-Projects/audition-data-collection/ros2-robot-audition-suite/ros2_ws/src/install/audition_msgs/include/audition_msgs/audition_msgs/action/detail
[6.912s] -- Installing: /home/moses/Moses/Robotics/ROS-Projects/audition-data-collection/ros2-robot-audition-suite/ros2_ws/src/install/audition_msgs/include/audition_msgs/audition_msgs/action/detail/collect_at_waypoint__functions.c
[6.912s] -- Installing: /home/moses/Moses/Robotics/ROS-Projects/audition-data-collection/ros2-robot-audition-suite/ros2_ws/src/install/audition_msgs/include/audition_msgs/audition_msgs/action/detail/collect_at_waypoint__functions.h
[6.913s] -- Installing: /home/moses/Moses/Robotics/ROS-Projects/audition-data-collection/ros2-robot-audition-suite/ros2_ws/src/install/audition_msgs/include/audition_msgs/audition_msgs/action/detail/collect_at_waypoint__type_support.h
[6.913s] -- Installing: /home/moses/Moses/Robotics/ROS-Projects/audition-data-collection/ros2-robot-audition-suite/ros2_ws/src/install/audition_msgs/include/audition_msgs/audition_msgs/action/detail/collect_at_waypoint__struct.h
[6.913s] -- Installing: /home/moses/Moses/Robotics/ROS-Projects/audition-data-collection/ros2-robot-audition-suite/ros2_ws/src/install/audition_msgs/include/audition_msgs/audition_msgs/action/collect_at_waypoint.h
[6.913s] -- Installing: /home/moses/Moses/Robotics/ROS-Projects/audition-data-collection/ros2-robot-audition-suite/ros2_ws/src/install/audition_msgs/share/audition_msgs/environment/library_path.sh
[6.913s] -- Installing: /home/moses/Moses/Robotics/ROS-Projects/audition-data-collection/ros2-robot-audition-suite/ros2_ws/src/install/audition_msgs/share/audition_msgs/environment/library_path.dsv
[6.913s] -- Installing: /home/moses/Moses/Robotics/ROS-Projects/audition-data-collection/ros2-robot-audition-suite/ros2_ws/src/install/audition_msgs/lib/libaudition_msgs__rosidl_generator_c.so
[6.913s] -- Set runtime path of "/home/moses/Moses/Robotics/ROS-Projects/audition-data-collection/ros2-robot-audition-suite/ros2_ws/src/install/audition_msgs/lib/libaudition_msgs__rosidl_generator_c.so" to ""
[6.913s] -- Up-to-date: /home/moses/Moses/Robotics/ROS-Projects/audition-data-collection/ros2-robot-audition-suite/ros2_ws/src/install/audition_msgs/include/audition_msgs/audition_msgs
[6.913s] -- Up-to-date: /home/moses/Moses/Robotics/ROS-Projects/audition-data-collection/ros2-robot-audition-suite/ros2_ws/src/install/audition_msgs/include/audition_msgs/audition_msgs/srv
[6.913s] -- Up-to-date: /home/moses/Moses/Robotics/ROS-Projects/audition-data-collection/ros2-robot-audition-suite/ros2_ws/src/install/audition_msgs/include/audition_msgs/audition_msgs/srv/detail
[6.913s] -- Installing: /home/moses/Moses/Robotics/ROS-Projects/audition-data-collection/ros2-robot-audition-suite/ros2_ws/src/install/audition_msgs/include/audition_msgs/audition_msgs/srv/detail/proceed_to_next__rosidl_typesupport_fastrtps_c.h
[6.914s] -- Installing: /home/moses/Moses/Robotics/ROS-Projects/audition-data-collection/ros2-robot-audition-suite/ros2_ws/src/install/audition_msgs/include/audition_msgs/audition_msgs/srv/detail/abort_session__rosidl_typesupport_fastrtps_c.h
[6.914s] -- Up-to-date: /home/moses/Moses/Robotics/ROS-Projects/audition-data-collection/ros2-robot-audition-suite/ros2_ws/src/install/audition_msgs/include/audition_msgs/audition_msgs/msg
[6.914s] -- Up-to-date: /home/moses/Moses/Robotics/ROS-Projects/audition-data-collection/ros2-robot-audition-suite/ros2_ws/src/install/audition_msgs/include/audition_msgs/audition_msgs/msg/detail
[6.914s] -- Installing: /home/moses/Moses/Robotics/ROS-Projects/audition-data-collection/ros2-robot-audition-suite/ros2_ws/src/install/audition_msgs/include/audition_msgs/audition_msgs/msg/detail/collection_status__rosidl_typesupport_fastrtps_c.h
[6.914s] -- Installing: /home/moses/Moses/Robotics/ROS-Projects/audition-data-collection/ros2-robot-audition-suite/ros2_ws/src/install/audition_msgs/include/audition_msgs/audition_msgs/msg/rosidl_typesupport_fastrtps_c__visibility_control.h
[6.914s] -- Up-to-date: /home/moses/Moses/Robotics/ROS-Projects/audition-data-collection/ros2-robot-audition-suite/ros2_ws/src/install/audition_msgs/include/audition_msgs/audition_msgs/action
[6.914s] -- Up-to-date: /home/moses/Moses/Robotics/ROS-Projects/audition-data-collection/ros2-robot-audition-suite/ros2_ws/src/install/audition_msgs/include/audition_msgs/audition_msgs/action/detail
[6.914s] -- Installing: /home/moses/Moses/Robotics/ROS-Projects/audition-data-collection/ros2-robot-audition-suite/ros2_ws/src/install/audition_msgs/include/audition_msgs/audition_msgs/action/detail/collect_at_waypoint__rosidl_typesupport_fastrtps_c.h
[6.914s] -- Installing: /home/moses/Moses/Robotics/ROS-Projects/audition-data-collection/ros2-robot-audition-suite/ros2_ws/src/install/audition_msgs/lib/libaudition_msgs__rosidl_typesupport_fastrtps_c.so
[6.915s] -- Set runtime path of "/home/moses/Moses/Robotics/ROS-Projects/audition-data-collection/ros2-robot-audition-suite/ros2_ws/src/install/audition_msgs/lib/libaudition_msgs__rosidl_typesupport_fastrtps_c.so" to ""
[6.915s] -- Up-to-date: /home/moses/Moses/Robotics/ROS-Projects/audition-data-collection/ros2-robot-audition-suite/ros2_ws/src/install/audition_msgs/include/audition_msgs/audition_msgs
[6.915s] -- Up-to-date: /home/moses/Moses/Robotics/ROS-Projects/audition-data-collection/ros2-robot-audition-suite/ros2_ws/src/install/audition_msgs/include/audition_msgs/audition_msgs/srv
[6.915s] -- Up-to-date: /home/moses/Moses/Robotics/ROS-Projects/audition-data-collection/ros2-robot-audition-suite/ros2_ws/src/install/audition_msgs/include/audition_msgs/audition_msgs/srv/detail
[6.915s] -- Installing: /home/moses/Moses/Robotics/ROS-Projects/audition-data-collection/ros2-robot-audition-suite/ros2_ws/src/install/audition_msgs/include/audition_msgs/audition_msgs/srv/detail/abort_session__type_support.c
[6.915s] -- Installing: /home/moses/Moses/Robotics/ROS-Projects/audition-data-collection/ros2-robot-audition-suite/ros2_ws/src/install/audition_msgs/include/audition_msgs/audition_msgs/srv/detail/abort_session__rosidl_typesupport_introspection_c.h
[6.915s] -- Installing: /home/moses/Moses/Robotics/ROS-Projects/audition-data-collection/ros2-robot-audition-suite/ros2_ws/src/install/audition_msgs/include/audition_msgs/audition_msgs/srv/detail/proceed_to_next__type_support.c
[6.915s] -- Installing: /home/moses/Moses/Robotics/ROS-Projects/audition-data-collection/ros2-robot-audition-suite/ros2_ws/src/install/audition_msgs/include/audition_msgs/audition_msgs/srv/detail/proceed_to_next__rosidl_typesupport_introspection_c.h
[6.915s] -- Up-to-date: /home/moses/Moses/Robotics/ROS-Projects/audition-data-collection/ros2-robot-audition-suite/ros2_ws/src/install/audition_msgs/include/audition_msgs/audition_msgs/msg
[6.916s] -- Up-to-date: /home/moses/Moses/Robotics/ROS-Projects/audition-data-collection/ros2-robot-audition-suite/ros2_ws/src/install/audition_msgs/include/audition_msgs/audition_msgs/msg/detail
[6.916s] -- Installing: /home/moses/Moses/Robotics/ROS-Projects/audition-data-collection/ros2-robot-audition-suite/ros2_ws/src/install/audition_msgs/include/audition_msgs/audition_msgs/msg/detail/collection_status__type_support.c
[6.916s] -- Installing: /home/moses/Moses/Robotics/ROS-Projects/audition-data-collection/ros2-robot-audition-suite/ros2_ws/src/install/audition_msgs/include/audition_msgs/audition_msgs/msg/detail/collection_status__rosidl_typesupport_introspection_c.h
[6.916s] -- Installing: /home/moses/Moses/Robotics/ROS-Projects/audition-data-collection/ros2-robot-audition-suite/ros2_ws/src/install/audition_msgs/include/audition_msgs/audition_msgs/msg/rosidl_typesupport_introspection_c__visibility_control.h
[6.916s] -- Up-to-date: /home/moses/Moses/Robotics/ROS-Projects/audition-data-collection/ros2-robot-audition-suite/ros2_ws/src/install/audition_msgs/include/audition_msgs/audition_msgs/action
[6.916s] -- Up-to-date: /home/moses/Moses/Robotics/ROS-Projects/audition-data-collection/ros2-robot-audition-suite/ros2_ws/src/install/audition_msgs/include/audition_msgs/audition_msgs/action/detail
[6.916s] -- Installing: /home/moses/Moses/Robotics/ROS-Projects/audition-data-collection/ros2-robot-audition-suite/ros2_ws/src/install/audition_msgs/include/audition_msgs/audition_msgs/action/detail/collect_at_waypoint__rosidl_typesupport_introspection_c.h
[6.916s] -- Installing: /home/moses/Moses/Robotics/ROS-Projects/audition-data-collection/ros2-robot-audition-suite/ros2_ws/src/install/audition_msgs/include/audition_msgs/audition_msgs/action/detail/collect_at_waypoint__type_support.c
[6.916s] -- Installing: /home/moses/Moses/Robotics/ROS-Projects/audition-data-collection/ros2-robot-audition-suite/ros2_ws/src/install/audition_msgs/lib/libaudition_msgs__rosidl_typesupport_introspection_c.so
[6.917s] -- Set runtime path of "/home/moses/Moses/Robotics/ROS-Projects/audition-data-collection/ros2-robot-audition-suite/ros2_ws/src/install/audition_msgs/lib/libaudition_msgs__rosidl_typesupport_introspection_c.so" to ""
[6.917s] -- Installing: /home/moses/Moses/Robotics/ROS-Projects/audition-data-collection/ros2-robot-audition-suite/ros2_ws/src/install/audition_msgs/lib/libaudition_msgs__rosidl_typesupport_c.so
[6.917s] -- Set runtime path of "/home/moses/Moses/Robotics/ROS-Projects/audition-data-collection/ros2-robot-audition-suite/ros2_ws/src/install/audition_msgs/lib/libaudition_msgs__rosidl_typesupport_c.so" to ""
[6.917s] -- Up-to-date: /home/moses/Moses/Robotics/ROS-Projects/audition-data-collection/ros2-robot-audition-suite/ros2_ws/src/install/audition_msgs/include/audition_msgs/audition_msgs
[6.917s] -- Up-to-date: /home/moses/Moses/Robotics/ROS-Projects/audition-data-collection/ros2-robot-audition-suite/ros2_ws/src/install/audition_msgs/include/audition_msgs/audition_msgs/srv
[6.917s] -- Up-to-date: /home/moses/Moses/Robotics/ROS-Projects/audition-data-collection/ros2-robot-audition-suite/ros2_ws/src/install/audition_msgs/include/audition_msgs/audition_msgs/srv/detail
[6.917s] -- Installing: /home/moses/Moses/Robotics/ROS-Projects/audition-data-collection/ros2-robot-audition-suite/ros2_ws/src/install/audition_msgs/include/audition_msgs/audition_msgs/srv/detail/proceed_to_next__struct.hpp
[6.917s] -- Installing: /home/moses/Moses/Robotics/ROS-Projects/audition-data-collection/ros2-robot-audition-suite/ros2_ws/src/install/audition_msgs/include/audition_msgs/audition_msgs/srv/detail/proceed_to_next__traits.hpp
[6.917s] -- Installing: /home/moses/Moses/Robotics/ROS-Projects/audition-data-collection/ros2-robot-audition-suite/ros2_ws/src/install/audition_msgs/include/audition_msgs/audition_msgs/srv/detail/abort_session__struct.hpp
[6.917s] -- Installing: /home/moses/Moses/Robotics/ROS-Projects/audition-data-collection/ros2-robot-audition-suite/ros2_ws/src/install/audition_msgs/include/audition_msgs/audition_msgs/srv/detail/proceed_to_next__builder.hpp
[6.917s] -- Installing: /home/moses/Moses/Robotics/ROS-Projects/audition-data-collection/ros2-robot-audition-suite/ros2_ws/src/install/audition_msgs/include/audition_msgs/audition_msgs/srv/detail/abort_session__traits.hpp
[6.917s] -- Installing: /home/moses/Moses/Robotics/ROS-Projects/audition-data-collection/ros2-robot-audition-suite/ros2_ws/src/install/audition_msgs/include/audition_msgs/audition_msgs/srv/detail/abort_session__builder.hpp
[6.917s] -- Installing: /home/moses/Moses/Robotics/ROS-Projects/audition-data-collection/ros2-robot-audition-suite/ros2_ws/src/install/audition_msgs/include/audition_msgs/audition_msgs/srv/detail/proceed_to_next__type_support.hpp
[6.918s] -- Installing: /home/moses/Moses/Robotics/ROS-Projects/audition-data-collection/ros2-robot-audition-suite/ros2_ws/src/install/audition_msgs/include/audition_msgs/audition_msgs/srv/detail/abort_session__type_support.hpp
[6.918s] -- Installing: /home/moses/Moses/Robotics/ROS-Projects/audition-data-collection/ros2-robot-audition-suite/ros2_ws/src/install/audition_msgs/include/audition_msgs/audition_msgs/srv/abort_session.hpp
[6.918s] -- Installing: /home/moses/Moses/Robotics/ROS-Projects/audition-data-collection/ros2-robot-audition-suite/ros2_ws/src/install/audition_msgs/include/audition_msgs/audition_msgs/srv/proceed_to_next.hpp
[6.918s] -- Up-to-date: /home/moses/Moses/Robotics/ROS-Projects/audition-data-collection/ros2-robot-audition-suite/ros2_ws/src/install/audition_msgs/include/audition_msgs/audition_msgs/msg
[6.918s] -- Up-to-date: /home/moses/Moses/Robotics/ROS-Projects/audition-data-collection/ros2-robot-audition-suite/ros2_ws/src/install/audition_msgs/include/audition_msgs/audition_msgs/msg/detail
[6.918s] -- Installing: /home/moses/Moses/Robotics/ROS-Projects/audition-data-collection/ros2-robot-audition-suite/ros2_ws/src/install/audition_msgs/include/audition_msgs/audition_msgs/msg/detail/collection_status__type_support.hpp
[6.918s] -- Installing: /home/moses/Moses/Robotics/ROS-Projects/audition-data-collection/ros2-robot-audition-suite/ros2_ws/src/install/audition_msgs/include/audition_msgs/audition_msgs/msg/detail/collection_status__builder.hpp
[6.918s] -- Installing: /home/moses/Moses/Robotics/ROS-Projects/audition-data-collection/ros2-robot-audition-suite/ros2_ws/src/install/audition_msgs/include/audition_msgs/audition_msgs/msg/detail/collection_status__traits.hpp
[6.918s] -- Installing: /home/moses/Moses/Robotics/ROS-Projects/audition-data-collection/ros2-robot-audition-suite/ros2_ws/src/install/audition_msgs/include/audition_msgs/audition_msgs/msg/detail/collection_status__struct.hpp
[6.918s] -- Installing: /home/moses/Moses/Robotics/ROS-Projects/audition-data-collection/ros2-robot-audition-suite/ros2_ws/src/install/audition_msgs/include/audition_msgs/audition_msgs/msg/rosidl_generator_cpp__visibility_control.hpp
[6.918s] -- Installing: /home/moses/Moses/Robotics/ROS-Projects/audition-data-collection/ros2-robot-audition-suite/ros2_ws/src/install/audition_msgs/include/audition_msgs/audition_msgs/msg/collection_status.hpp
[6.918s] -- Up-to-date: /home/moses/Moses/Robotics/ROS-Projects/audition-data-collection/ros2-robot-audition-suite/ros2_ws/src/install/audition_msgs/include/audition_msgs/audition_msgs/action
[6.918s] -- Up-to-date: /home/moses/Moses/Robotics/ROS-Projects/audition-data-collection/ros2-robot-audition-suite/ros2_ws/src/install/audition_msgs/include/audition_msgs/audition_msgs/action/detail
[6.918s] -- Installing: /home/moses/Moses/Robotics/ROS-Projects/audition-data-collection/ros2-robot-audition-suite/ros2_ws/src/install/audition_msgs/include/audition_msgs/audition_msgs/action/detail/collect_at_waypoint__type_support.hpp
[6.918s] -- Installing: /home/moses/Moses/Robotics/ROS-Projects/audition-data-collection/ros2-robot-audition-suite/ros2_ws/src/install/audition_msgs/include/audition_msgs/audition_msgs/action/detail/collect_at_waypoint__builder.hpp
[6.918s] -- Installing: /home/moses/Moses/Robotics/ROS-Projects/audition-data-collection/ros2-robot-audition-suite/ros2_ws/src/install/audition_msgs/include/audition_msgs/audition_msgs/action/detail/collect_at_waypoint__struct.hpp
[6.918s] -- Installing: /home/moses/Moses/Robotics/ROS-Projects/audition-data-collection/ros2-robot-audition-suite/ros2_ws/src/install/audition_msgs/include/audition_msgs/audition_msgs/action/detail/collect_at_waypoint__traits.hpp
[6.918s] -- Installing: /home/moses/Moses/Robotics/ROS-Projects/audition-data-collection/ros2-robot-audition-suite/ros2_ws/src/install/audition_msgs/include/audition_msgs/audition_msgs/action/collect_at_waypoint.hpp
[6.919s] -- Up-to-date: /home/moses/Moses/Robotics/ROS-Projects/audition-data-collection/ros2-robot-audition-suite/ros2_ws/src/install/audition_msgs/include/audition_msgs/audition_msgs
[6.919s] -- Up-to-date: /home/moses/Moses/Robotics/ROS-Projects/audition-data-collection/ros2-robot-audition-suite/ros2_ws/src/install/audition_msgs/include/audition_msgs/audition_msgs/srv
[6.919s] -- Up-to-date: /home/moses/Moses/Robotics/ROS-Projects/audition-data-collection/ros2-robot-audition-suite/ros2_ws/src/install/audition_msgs/include/audition_msgs/audition_msgs/srv/detail
[6.919s] -- Installing: /home/moses/Moses/Robotics/ROS-Projects/audition-data-collection/ros2-robot-audition-suite/ros2_ws/src/install/audition_msgs/include/audition_msgs/audition_msgs/srv/detail/proceed_to_next__rosidl_typesupport_fastrtps_cpp.hpp
[6.919s] -- Installing: /home/moses/Moses/Robotics/ROS-Projects/audition-data-collection/ros2-robot-audition-suite/ros2_ws/src/install/audition_msgs/include/audition_msgs/audition_msgs/srv/detail/dds_fastrtps
[6.919s] -- Installing: /home/moses/Moses/Robotics/ROS-Projects/audition-data-collection/ros2-robot-audition-suite/ros2_ws/src/install/audition_msgs/include/audition_msgs/audition_msgs/srv/detail/abort_session__rosidl_typesupport_fastrtps_cpp.hpp
[6.919s] -- Up-to-date: /home/moses/Moses/Robotics/ROS-Projects/audition-data-collection/ros2-robot-audition-suite/ros2_ws/src/install/audition_msgs/include/audition_msgs/audition_msgs/msg
[6.919s] -- Up-to-date: /home/moses/Moses/Robotics/ROS-Projects/audition-data-collection/ros2-robot-audition-suite/ros2_ws/src/install/audition_msgs/include/audition_msgs/audition_msgs/msg/detail
[6.919s] -- Installing: /home/moses/Moses/Robotics/ROS-Projects/audition-data-collection/ros2-robot-audition-suite/ros2_ws/src/install/audition_msgs/include/audition_msgs/audition_msgs/msg/detail/collection_status__rosidl_typesupport_fastrtps_cpp.hpp
[6.919s] -- Installing: /home/moses/Moses/Robotics/ROS-Projects/audition-data-collection/ros2-robot-audition-suite/ros2_ws/src/install/audition_msgs/include/audition_msgs/audition_msgs/msg/detail/dds_fastrtps
[6.919s] -- Installing: /home/moses/Moses/Robotics/ROS-Projects/audition-data-collection/ros2-robot-audition-suite/ros2_ws/src/install/audition_msgs/include/audition_msgs/audition_msgs/msg/rosidl_typesupport_fastrtps_cpp__visibility_control.h
[6.919s] -- Up-to-date: /home/moses/Moses/Robotics/ROS-Projects/audition-data-collection/ros2-robot-audition-suite/ros2_ws/src/install/audition_msgs/include/audition_msgs/audition_msgs/action
[6.920s] -- Up-to-date: /home/moses/Moses/Robotics/ROS-Projects/audition-data-collection/ros2-robot-audition-suite/ros2_ws/src/install/audition_msgs/include/audition_msgs/audition_msgs/action/detail
[6.920s] -- Installing: /home/moses/Moses/Robotics/ROS-Projects/audition-data-collection/ros2-robot-audition-suite/ros2_ws/src/install/audition_msgs/include/audition_msgs/audition_msgs/action/detail/collect_at_waypoint__rosidl_typesupport_fastrtps_cpp.hpp
[6.920s] -- Installing: /home/moses/Moses/Robotics/ROS-Projects/audition-data-collection/ros2-robot-audition-suite/ros2_ws/src/install/audition_msgs/include/audition_msgs/audition_msgs/action/detail/dds_fastrtps
[6.920s] -- Installing: /home/moses/Moses/Robotics/ROS-Projects/audition-data-collection/ros2-robot-audition-suite/ros2_ws/src/install/audition_msgs/lib/libaudition_msgs__rosidl_typesupport_fastrtps_cpp.so
[6.920s] -- Set runtime path of "/home/moses/Moses/Robotics/ROS-Projects/audition-data-collection/ros2-robot-audition-suite/ros2_ws/src/install/audition_msgs/lib/libaudition_msgs__rosidl_typesupport_fastrtps_cpp.so" to ""
[6.920s] -- Up-to-date: /home/moses/Moses/Robotics/ROS-Projects/audition-data-collection/ros2-robot-audition-suite/ros2_ws/src/install/audition_msgs/include/audition_msgs/audition_msgs
[6.921s] -- Up-to-date: /home/moses/Moses/Robotics/ROS-Projects/audition-data-collection/ros2-robot-audition-suite/ros2_ws/src/install/audition_msgs/include/audition_msgs/audition_msgs/srv
[6.921s] -- Up-to-date: /home/moses/Moses/Robotics/ROS-Projects/audition-data-collection/ros2-robot-audition-suite/ros2_ws/src/install/audition_msgs/include/audition_msgs/audition_msgs/srv/detail
[6.921s] -- Installing: /home/moses/Moses/Robotics/ROS-Projects/audition-data-collection/ros2-robot-audition-suite/ros2_ws/src/install/audition_msgs/include/audition_msgs/audition_msgs/srv/detail/proceed_to_next__rosidl_typesupport_introspection_cpp.hpp
[6.921s] -- Installing: /home/moses/Moses/Robotics/ROS-Projects/audition-data-collection/ros2-robot-audition-suite/ros2_ws/src/install/audition_msgs/include/audition_msgs/audition_msgs/srv/detail/abort_session__type_support.cpp
[6.921s] -- Installing: /home/moses/Moses/Robotics/ROS-Projects/audition-data-collection/ros2-robot-audition-suite/ros2_ws/src/install/audition_msgs/include/audition_msgs/audition_msgs/srv/detail/proceed_to_next__type_support.cpp
[6.921s] -- Installing: /home/moses/Moses/Robotics/ROS-Projects/audition-data-collection/ros2-robot-audition-suite/ros2_ws/src/install/audition_msgs/include/audition_msgs/audition_msgs/srv/detail/abort_session__rosidl_typesupport_introspection_cpp.hpp
[6.921s] -- Up-to-date: /home/moses/Moses/Robotics/ROS-Projects/audition-data-collection/ros2-robot-audition-suite/ros2_ws/src/install/audition_msgs/include/audition_msgs/audition_msgs/msg
[6.921s] -- Up-to-date: /home/moses/Moses/Robotics/ROS-Projects/audition-data-collection/ros2-robot-audition-suite/ros2_ws/src/install/audition_msgs/include/audition_msgs/audition_msgs/msg/detail
[6.921s] -- Installing: /home/moses/Moses/Robotics/ROS-Projects/audition-data-collection/ros2-robot-audition-suite/ros2_ws/src/install/audition_msgs/include/audition_msgs/audition_msgs/msg/detail/collection_status__type_support.cpp
[6.921s] -- Installing: /home/moses/Moses/Robotics/ROS-Projects/audition-data-collection/ros2-robot-audition-suite/ros2_ws/src/install/audition_msgs/include/audition_msgs/audition_msgs/msg/detail/collection_status__rosidl_typesupport_introspection_cpp.hpp
[6.922s] -- Up-to-date: /home/moses/Moses/Robotics/ROS-Projects/audition-data-collection/ros2-robot-audition-suite/ros2_ws/src/install/audition_msgs/include/audition_msgs/audition_msgs/action
[6.922s] -- Up-to-date: /home/moses/Moses/Robotics/ROS-Projects/audition-data-collection/ros2-robot-audition-suite/ros2_ws/src/install/audition_msgs/include/audition_msgs/audition_msgs/action/detail
[6.922s] -- Installing: /home/moses/Moses/Robotics/ROS-Projects/audition-data-collection/ros2-robot-audition-suite/ros2_ws/src/install/audition_msgs/include/audition_msgs/audition_msgs/action/detail/collect_at_waypoint__type_support.cpp
[6.922s] -- Installing: /home/moses/Moses/Robotics/ROS-Projects/audition-data-collection/ros2-robot-audition-suite/ros2_ws/src/install/audition_msgs/include/audition_msgs/audition_msgs/action/detail/collect_at_waypoint__rosidl_typesupport_introspection_cpp.hpp
[6.922s] -- Installing: /home/moses/Moses/Robotics/ROS-Projects/audition-data-collection/ros2-robot-audition-suite/ros2_ws/src/install/audition_msgs/lib/libaudition_msgs__rosidl_typesupport_introspection_cpp.so
[6.922s] -- Set runtime path of "/home/moses/Moses/Robotics/ROS-Projects/audition-data-collection/ros2-robot-audition-suite/ros2_ws/src/install/audition_msgs/lib/libaudition_msgs__rosidl_typesupport_introspection_cpp.so" to ""
[6.922s] -- Installing: /home/moses/Moses/Robotics/ROS-Projects/audition-data-collection/ros2-robot-audition-suite/ros2_ws/src/install/audition_msgs/lib/libaudition_msgs__rosidl_typesupport_cpp.so
[6.922s] -- Set runtime path of "/home/moses/Moses/Robotics/ROS-Projects/audition-data-collection/ros2-robot-audition-suite/ros2_ws/src/install/audition_msgs/lib/libaudition_msgs__rosidl_typesupport_cpp.so" to ""
[6.922s] -- Installing: /home/moses/Moses/Robotics/ROS-Projects/audition-data-collection/ros2-robot-audition-suite/ros2_ws/src/install/audition_msgs/share/audition_msgs/environment/pythonpath.sh
[6.923s] -- Installing: /home/moses/Moses/Robotics/ROS-Projects/audition-data-collection/ros2-robot-audition-suite/ros2_ws/src/install/audition_msgs/share/audition_msgs/environment/pythonpath.dsv
[6.923s] -- Installing: /home/moses/Moses/Robotics/ROS-Projects/audition-data-collection/ros2-robot-audition-suite/ros2_ws/src/install/audition_msgs/lib/python3.12/site-packages/audition_msgs-0.0.1-py3.12.egg-info
[6.923s] -- Installing: /home/moses/Moses/Robotics/ROS-Projects/audition-data-collection/ros2-robot-audition-suite/ros2_ws/src/install/audition_msgs/lib/python3.12/site-packages/audition_msgs-0.0.1-py3.12.egg-info/dependency_links.txt
[6.923s] -- Installing: /home/moses/Moses/Robotics/ROS-Projects/audition-data-collection/ros2-robot-audition-suite/ros2_ws/src/install/audition_msgs/lib/python3.12/site-packages/audition_msgs-0.0.1-py3.12.egg-info/SOURCES.txt
[6.923s] -- Installing: /home/moses/Moses/Robotics/ROS-Projects/audition-data-collection/ros2-robot-audition-suite/ros2_ws/src/install/audition_msgs/lib/python3.12/site-packages/audition_msgs-0.0.1-py3.12.egg-info/PKG-INFO
[6.923s] -- Installing: /home/moses/Moses/Robotics/ROS-Projects/audition-data-collection/ros2-robot-audition-suite/ros2_ws/src/install/audition_msgs/lib/python3.12/site-packages/audition_msgs-0.0.1-py3.12.egg-info/top_level.txt
[6.923s] -- Installing: /home/moses/Moses/Robotics/ROS-Projects/audition-data-collection/ros2-robot-audition-suite/ros2_ws/src/install/audition_msgs/lib/python3.12/site-packages/audition_msgs
[6.923s] -- Installing: /home/moses/Moses/Robotics/ROS-Projects/audition-data-collection/ros2-robot-audition-suite/ros2_ws/src/install/audition_msgs/lib/python3.12/site-packages/audition_msgs/libaudition_msgs__rosidl_generator_py.so
[6.923s] -- Installing: /home/moses/Moses/Robotics/ROS-Projects/audition-data-collection/ros2-robot-audition-suite/ros2_ws/src/install/audition_msgs/lib/python3.12/site-packages/audition_msgs/audition_msgs_s__rosidl_typesupport_c.cpython-312-x86_64-linux-gnu.so
[6.923s] -- Installing: /home/moses/Moses/Robotics/ROS-Projects/audition-data-collection/ros2-robot-audition-suite/ros2_ws/src/install/audition_msgs/lib/python3.12/site-packages/audition_msgs/_audition_msgs_s.ep.rosidl_typesupport_introspection_c.c
[6.924s] -- Installing: /home/moses/Moses/Robotics/ROS-Projects/audition-data-collection/ros2-robot-audition-suite/ros2_ws/src/install/audition_msgs/lib/python3.12/site-packages/audition_msgs/audition_msgs_s__rosidl_typesupport_introspection_c.cpython-312-x86_64-linux-gnu.so
[6.924s] -- Installing: /home/moses/Moses/Robotics/ROS-Projects/audition-data-collection/ros2-robot-audition-suite/ros2_ws/src/install/audition_msgs/lib/python3.12/site-packages/audition_msgs/_audition_msgs_s.ep.rosidl_typesupport_fastrtps_c.c
[6.924s] -- Installing: /home/moses/Moses/Robotics/ROS-Projects/audition-data-collection/ros2-robot-audition-suite/ros2_ws/src/install/audition_msgs/lib/python3.12/site-packages/audition_msgs/srv
[6.924s] -- Installing: /home/moses/Moses/Robotics/ROS-Projects/audition-data-collection/ros2-robot-audition-suite/ros2_ws/src/install/audition_msgs/lib/python3.12/site-packages/audition_msgs/srv/_abort_session.py
[6.924s] -- Installing: /home/moses/Moses/Robotics/ROS-Projects/audition-data-collection/ros2-robot-audition-suite/ros2_ws/src/install/audition_msgs/lib/python3.12/site-packages/audition_msgs/srv/_abort_session_s.c
[6.924s] -- Installing: /home/moses/Moses/Robotics/ROS-Projects/audition-data-collection/ros2-robot-audition-suite/ros2_ws/src/install/audition_msgs/lib/python3.12/site-packages/audition_msgs/srv/__init__.py
[6.924s] -- Installing: /home/moses/Moses/Robotics/ROS-Projects/audition-data-collection/ros2-robot-audition-suite/ros2_ws/src/install/audition_msgs/lib/python3.12/site-packages/audition_msgs/srv/_proceed_to_next_s.c
[6.924s] -- Installing: /home/moses/Moses/Robotics/ROS-Projects/audition-data-collection/ros2-robot-audition-suite/ros2_ws/src/install/audition_msgs/lib/python3.12/site-packages/audition_msgs/srv/_proceed_to_next.py
[6.924s] -- Installing: /home/moses/Moses/Robotics/ROS-Projects/audition-data-collection/ros2-robot-audition-suite/ros2_ws/src/install/audition_msgs/lib/python3.12/site-packages/audition_msgs/audition_msgs_s__rosidl_typesupport_fastrtps_c.cpython-312-x86_64-linux-gnu.so
[6.924s] -- Installing: /home/moses/Moses/Robotics/ROS-Projects/audition-data-collection/ros2-robot-audition-suite/ros2_ws/src/install/audition_msgs/lib/python3.12/site-packages/audition_msgs/msg
[6.924s] -- Installing: /home/moses/Moses/Robotics/ROS-Projects/audition-data-collection/ros2-robot-audition-suite/ros2_ws/src/install/audition_msgs/lib/python3.12/site-packages/audition_msgs/msg/_collection_status.py
[6.924s] -- Installing: /home/moses/Moses/Robotics/ROS-Projects/audition-data-collection/ros2-robot-audition-suite/ros2_ws/src/install/audition_msgs/lib/python3.12/site-packages/audition_msgs/msg/__init__.py
[6.924s] -- Installing: /home/moses/Moses/Robotics/ROS-Projects/audition-data-collection/ros2-robot-audition-suite/ros2_ws/src/install/audition_msgs/lib/python3.12/site-packages/audition_msgs/msg/_collection_status_s.c
[6.925s] -- Installing: /home/moses/Moses/Robotics/ROS-Projects/audition-data-collection/ros2-robot-audition-suite/ros2_ws/src/install/audition_msgs/lib/python3.12/site-packages/audition_msgs/action
[6.925s] -- Installing: /home/moses/Moses/Robotics/ROS-Projects/audition-data-collection/ros2-robot-audition-suite/ros2_ws/src/install/audition_msgs/lib/python3.12/site-packages/audition_msgs/action/_collect_at_waypoint_s.c
[6.925s] -- Installing: /home/moses/Moses/Robotics/ROS-Projects/audition-data-collection/ros2-robot-audition-suite/ros2_ws/src/install/audition_msgs/lib/python3.12/site-packages/audition_msgs/action/_collect_at_waypoint.py
[6.925s] -- Installing: /home/moses/Moses/Robotics/ROS-Projects/audition-data-collection/ros2-robot-audition-suite/ros2_ws/src/install/audition_msgs/lib/python3.12/site-packages/audition_msgs/action/__init__.py
[6.926s] -- Installing: /home/moses/Moses/Robotics/ROS-Projects/audition-data-collection/ros2-robot-audition-suite/ros2_ws/src/install/audition_msgs/lib/python3.12/site-packages/audition_msgs/__init__.py
[6.926s] -- Installing: /home/moses/Moses/Robotics/ROS-Projects/audition-data-collection/ros2-robot-audition-suite/ros2_ws/src/install/audition_msgs/lib/python3.12/site-packages/audition_msgs/_audition_msgs_s.ep.rosidl_typesupport_c.c
[6.995s] Listing '/home/moses/Moses/Robotics/ROS-Projects/audition-data-collection/ros2-robot-audition-suite/ros2_ws/src/install/audition_msgs/lib/python3.12/site-packages/audition_msgs'...
[6.995s] Compiling '/home/moses/Moses/Robotics/ROS-Projects/audition-data-collection/ros2-robot-audition-suite/ros2_ws/src/install/audition_msgs/lib/python3.12/site-packages/audition_msgs/__init__.py'...
[6.995s] Listing '/home/moses/Moses/Robotics/ROS-Projects/audition-data-collection/ros2-robot-audition-suite/ros2_ws/src/install/audition_msgs/lib/python3.12/site-packages/audition_msgs/action'...
[6.995s] Compiling '/home/moses/Moses/Robotics/ROS-Projects/audition-data-collection/ros2-robot-audition-suite/ros2_ws/src/install/audition_msgs/lib/python3.12/site-packages/audition_msgs/action/__init__.py'...
[6.995s] Compiling '/home/moses/Moses/Robotics/ROS-Projects/audition-data-collection/ros2-robot-audition-suite/ros2_ws/src/install/audition_msgs/lib/python3.12/site-packages/audition_msgs/action/_collect_at_waypoint.py'...
[6.995s] Listing '/home/moses/Moses/Robotics/ROS-Projects/audition-data-collection/ros2-robot-audition-suite/ros2_ws/src/install/audition_msgs/lib/python3.12/site-packages/audition_msgs/msg'...
[6.995s] Compiling '/home/moses/Moses/Robotics/ROS-Projects/audition-data-collection/ros2-robot-audition-suite/ros2_ws/src/install/audition_msgs/lib/python3.12/site-packages/audition_msgs/msg/__init__.py'...
[6.995s] Compiling '/home/moses/Moses/Robotics/ROS-Projects/audition-data-collection/ros2-robot-audition-suite/ros2_ws/src/install/audition_msgs/lib/python3.12/site-packages/audition_msgs/msg/_collection_status.py'...
[6.995s] Listing '/home/moses/Moses/Robotics/ROS-Projects/audition-data-collection/ros2-robot-audition-suite/ros2_ws/src/install/audition_msgs/lib/python3.12/site-packages/audition_msgs/srv'...
[6.995s] Compiling '/home/moses/Moses/Robotics/ROS-Projects/audition-data-collection/ros2-robot-audition-suite/ros2_ws/src/install/audition_msgs/lib/python3.12/site-packages/audition_msgs/srv/__init__.py'...
[6.995s] Compiling '/home/moses/Moses/Robotics/ROS-Projects/audition-data-collection/ros2-robot-audition-suite/ros2_ws/src/install/audition_msgs/lib/python3.12/site-packages/audition_msgs/srv/_abort_session.py'...
[6.995s] Compiling '/home/moses/Moses/Robotics/ROS-Projects/audition-data-collection/ros2-robot-audition-suite/ros2_ws/src/install/audition_msgs/lib/python3.12/site-packages/audition_msgs/srv/_proceed_to_next.py'...
[7.003s] -- Installing: /home/moses/Moses/Robotics/ROS-Projects/audition-data-collection/ros2-robot-audition-suite/ros2_ws/src/install/audition_msgs/lib/python3.12/site-packages/audition_msgs/audition_msgs_s__rosidl_typesupport_fastrtps_c.cpython-312-x86_64-linux-gnu.so
[7.003s] -- Set runtime path of "/home/moses/Moses/Robotics/ROS-Projects/audition-data-collection/ros2-robot-audition-suite/ros2_ws/src/install/audition_msgs/lib/python3.12/site-packages/audition_msgs/audition_msgs_s__rosidl_typesupport_fastrtps_c.cpython-312-x86_64-linux-gnu.so" to ""
[7.003s] -- Installing: /home/moses/Moses/Robotics/ROS-Projects/audition-data-collection/ros2-robot-audition-suite/ros2_ws/src/install/audition_msgs/lib/python3.12/site-packages/audition_msgs/audition_msgs_s__rosidl_typesupport_introspection_c.cpython-312-x86_64-linux-gnu.so
[7.003s] -- Set runtime path of "/home/moses/Moses/Robotics/ROS-Projects/audition-data-collection/ros2-robot-audition-suite/ros2_ws/src/install/audition_msgs/lib/python3.12/site-packages/audition_msgs/audition_msgs_s__rosidl_typesupport_introspection_c.cpython-312-x86_64-linux-gnu.so" to ""
[7.003s] -- Installing: /home/moses/Moses/Robotics/ROS-Projects/audition-data-collection/ros2-robot-audition-suite/ros2_ws/src/install/audition_msgs/lib/python3.12/site-packages/audition_msgs/audition_msgs_s__rosidl_typesupport_c.cpython-312-x86_64-linux-gnu.so
[7.004s] -- Set runtime path of "/home/moses/Moses/Robotics/ROS-Projects/audition-data-collection/ros2-robot-audition-suite/ros2_ws/src/install/audition_msgs/lib/python3.12/site-packages/audition_msgs/audition_msgs_s__rosidl_typesupport_c.cpython-312-x86_64-linux-gnu.so" to ""
[7.004s] -- Installing: /home/moses/Moses/Robotics/ROS-Projects/audition-data-collection/ros2-robot-audition-suite/ros2_ws/src/install/audition_msgs/lib/libaudition_msgs__rosidl_generator_py.so
[7.004s] -- Set runtime path of "/home/moses/Moses/Robotics/ROS-Projects/audition-data-collection/ros2-robot-audition-suite/ros2_ws/src/install/audition_msgs/lib/libaudition_msgs__rosidl_generator_py.so" to ""
[7.005s] -- Installing: /home/moses/Moses/Robotics/ROS-Projects/audition-data-collection/ros2-robot-audition-suite/ros2_ws/src/install/audition_msgs/share/audition_msgs/msg/CollectionStatus.idl
[7.005s] -- Installing: /home/moses/Moses/Robotics/ROS-Projects/audition-data-collection/ros2-robot-audition-suite/ros2_ws/src/install/audition_msgs/share/audition_msgs/srv/ProceedToNext.idl
[7.005s] -- Installing: /home/moses/Moses/Robotics/ROS-Projects/audition-data-collection/ros2-robot-audition-suite/ros2_ws/src/install/audition_msgs/share/audition_msgs/srv/AbortSession.idl
[7.005s] -- Installing: /home/moses/Moses/Robotics/ROS-Projects/audition-data-collection/ros2-robot-audition-suite/ros2_ws/src/install/audition_msgs/share/audition_msgs/action/CollectAtWaypoint.idl
[7.005s] -- Installing: /home/moses/Moses/Robotics/ROS-Projects/audition-data-collection/ros2-robot-audition-suite/ros2_ws/src/install/audition_msgs/share/audition_msgs/msg/CollectionStatus.msg
[7.005s] -- Installing: /home/moses/Moses/Robotics/ROS-Projects/audition-data-collection/ros2-robot-audition-suite/ros2_ws/src/install/audition_msgs/share/audition_msgs/srv/ProceedToNext.srv
[7.006s] -- Installing: /home/moses/Moses/Robotics/ROS-Projects/audition-data-collection/ros2-robot-audition-suite/ros2_ws/src/install/audition_msgs/share/audition_msgs/srv/ProceedToNext_Request.msg
[7.006s] -- Installing: /home/moses/Moses/Robotics/ROS-Projects/audition-data-collection/ros2-robot-audition-suite/ros2_ws/src/install/audition_msgs/share/audition_msgs/srv/ProceedToNext_Response.msg
[7.006s] -- Installing: /home/moses/Moses/Robotics/ROS-Projects/audition-data-collection/ros2-robot-audition-suite/ros2_ws/src/install/audition_msgs/share/audition_msgs/srv/AbortSession.srv
[7.007s] -- Installing: /home/moses/Moses/Robotics/ROS-Projects/audition-data-collection/ros2-robot-audition-suite/ros2_ws/src/install/audition_msgs/share/audition_msgs/srv/AbortSession_Request.msg
[7.007s] -- Installing: /home/moses/Moses/Robotics/ROS-Projects/audition-data-collection/ros2-robot-audition-suite/ros2_ws/src/install/audition_msgs/share/audition_msgs/srv/AbortSession_Response.msg
[7.007s] -- Installing: /home/moses/Moses/Robotics/ROS-Projects/audition-data-collection/ros2-robot-audition-suite/ros2_ws/src/install/audition_msgs/share/audition_msgs/action/CollectAtWaypoint.action
[7.007s] -- Installing: /home/moses/Moses/Robotics/ROS-Projects/audition-data-collection/ros2-robot-audition-suite/ros2_ws/src/install/audition_msgs/share/ament_index/resource_index/package_run_dependencies/audition_msgs
[7.007s] -- Installing: /home/moses/Moses/Robotics/ROS-Projects/audition-data-collection/ros2-robot-audition-suite/ros2_ws/src/install/audition_msgs/share/ament_index/resource_index/parent_prefix_path/audition_msgs
[7.007s] -- Installing: /home/moses/Moses/Robotics/ROS-Projects/audition-data-collection/ros2-robot-audition-suite/ros2_ws/src/install/audition_msgs/share/audition_msgs/environment/ament_prefix_path.sh
[7.007s] -- Installing: /home/moses/Moses/Robotics/ROS-Projects/audition-data-collection/ros2-robot-audition-suite/ros2_ws/src/install/audition_msgs/share/audition_msgs/environment/ament_prefix_path.dsv
[7.008s] -- Installing: /home/moses/Moses/Robotics/ROS-Projects/audition-data-collection/ros2-robot-audition-suite/ros2_ws/src/install/audition_msgs/share/audition_msgs/environment/path.sh
[7.008s] -- Installing: /home/moses/Moses/Robotics/ROS-Projects/audition-data-collection/ros2-robot-audition-suite/ros2_ws/src/install/audition_msgs/share/audition_msgs/environment/path.dsv
[7.008s] -- Installing: /home/moses/Moses/Robotics/ROS-Projects/audition-data-collection/ros2-robot-audition-suite/ros2_ws/src/install/audition_msgs/share/audition_msgs/local_setup.bash
[7.008s] -- Installing: /home/moses/Moses/Robotics/ROS-Projects/audition-data-collection/ros2-robot-audition-suite/ros2_ws/src/install/audition_msgs/share/audition_msgs/local_setup.sh
[7.008s] -- Installing: /home/moses/Moses/Robotics/ROS-Projects/audition-data-collection/ros2-robot-audition-suite/ros2_ws/src/install/audition_msgs/share/audition_msgs/local_setup.zsh
[7.008s] -- Installing: /home/moses/Moses/Robotics/ROS-Projects/audition-data-collection/ros2-robot-audition-suite/ros2_ws/src/install/audition_msgs/share/audition_msgs/local_setup.dsv
[7.008s] -- Installing: /home/moses/Moses/Robotics/ROS-Projects/audition-data-collection/ros2-robot-audition-suite/ros2_ws/src/install/audition_msgs/share/audition_msgs/package.dsv
[7.008s] -- Installing: /home/moses/Moses/Robotics/ROS-Projects/audition-data-collection/ros2-robot-audition-suite/ros2_ws/src/install/audition_msgs/share/ament_index/resource_index/packages/audition_msgs
[7.008s] -- Installing: /home/moses/Moses/Robotics/ROS-Projects/audition-data-collection/ros2-robot-audition-suite/ros2_ws/src/install/audition_msgs/share/audition_msgs/cmake/export_audition_msgs__rosidl_generator_cExport.cmake
[7.008s] -- Installing: /home/moses/Moses/Robotics/ROS-Projects/audition-data-collection/ros2-robot-audition-suite/ros2_ws/src/install/audition_msgs/share/audition_msgs/cmake/export_audition_msgs__rosidl_generator_cExport-noconfig.cmake
[7.008s] -- Installing: /home/moses/Moses/Robotics/ROS-Projects/audition-data-collection/ros2-robot-audition-suite/ros2_ws/src/install/audition_msgs/share/audition_msgs/cmake/export_audition_msgs__rosidl_typesupport_fastrtps_cExport.cmake
[7.008s] -- Installing: /home/moses/Moses/Robotics/ROS-Projects/audition-data-collection/ros2-robot-audition-suite/ros2_ws/src/install/audition_msgs/share/audition_msgs/cmake/export_audition_msgs__rosidl_typesupport_fastrtps_cExport-noconfig.cmake
[7.009s] -- Installing: /home/moses/Moses/Robotics/ROS-Projects/audition-data-collection/ros2-robot-audition-suite/ros2_ws/src/install/audition_msgs/share/audition_msgs/cmake/audition_msgs__rosidl_typesupport_introspection_cExport.cmake
[7.009s] -- Installing: /home/moses/Moses/Robotics/ROS-Projects/audition-data-collection/ros2-robot-audition-suite/ros2_ws/src/install/audition_msgs/share/audition_msgs/cmake/audition_msgs__rosidl_typesupport_introspection_cExport-noconfig.cmake
[7.009s] -- Installing: /home/moses/Moses/Robotics/ROS-Projects/audition-data-collection/ros2-robot-audition-suite/ros2_ws/src/install/audition_msgs/share/audition_msgs/cmake/audition_msgs__rosidl_typesupport_cExport.cmake
[7.009s] -- Installing: /home/moses/Moses/Robotics/ROS-Projects/audition-data-collection/ros2-robot-audition-suite/ros2_ws/src/install/audition_msgs/share/audition_msgs/cmake/audition_msgs__rosidl_typesupport_cExport-noconfig.cmake
[7.009s] -- Installing: /home/moses/Moses/Robotics/ROS-Projects/audition-data-collection/ros2-robot-audition-suite/ros2_ws/src/install/audition_msgs/share/audition_msgs/cmake/export_audition_msgs__rosidl_generator_cppExport.cmake
[7.009s] -- Installing: /home/moses/Moses/Robotics/ROS-Projects/audition-data-collection/ros2-robot-audition-suite/ros2_ws/src/install/audition_msgs/share/audition_msgs/cmake/export_audition_msgs__rosidl_typesupport_fastrtps_cppExport.cmake
[7.009s] -- Installing: /home/moses/Moses/Robotics/ROS-Projects/audition-data-collection/ros2-robot-audition-suite/ros2_ws/src/install/audition_msgs/share/audition_msgs/cmake/export_audition_msgs__rosidl_typesupport_fastrtps_cppExport-noconfig.cmake
[7.010s] -- Installing: /home/moses/Moses/Robotics/ROS-Projects/audition-data-collection/ros2-robot-audition-suite/ros2_ws/src/install/audition_msgs/share/audition_msgs/cmake/audition_msgs__rosidl_typesupport_introspection_cppExport.cmake
[7.010s] -- Installing: /home/moses/Moses/Robotics/ROS-Projects/audition-data-collection/ros2-robot-audition-suite/ros2_ws/src/install/audition_msgs/share/audition_msgs/cmake/audition_msgs__rosidl_typesupport_introspection_cppExport-noconfig.cmake
[7.010s] -- Installing: /home/moses/Moses/Robotics/ROS-Projects/audition-data-collection/ros2-robot-audition-suite/ros2_ws/src/install/audition_msgs/share/audition_msgs/cmake/audition_msgs__rosidl_typesupport_cppExport.cmake
[7.010s] -- Installing: /home/moses/Moses/Robotics/ROS-Projects/audition-data-collection/ros2-robot-audition-suite/ros2_ws/src/install/audition_msgs/share/audition_msgs/cmake/audition_msgs__rosidl_typesupport_cppExport-noconfig.cmake
[7.010s] -- Installing: /home/moses/Moses/Robotics/ROS-Projects/audition-data-collection/ros2-robot-audition-suite/ros2_ws/src/install/audition_msgs/share/audition_msgs/cmake/export_audition_msgs__rosidl_generator_pyExport.cmake
[7.011s] -- Installing: /home/moses/Moses/Robotics/ROS-Projects/audition-data-collection/ros2-robot-audition-suite/ros2_ws/src/install/audition_msgs/share/audition_msgs/cmake/export_audition_msgs__rosidl_generator_pyExport-noconfig.cmake
[7.011s] -- Installing: /home/moses/Moses/Robotics/ROS-Projects/audition-data-collection/ros2-robot-audition-suite/ros2_ws/src/install/audition_msgs/share/audition_msgs/cmake/rosidl_cmake-extras.cmake
[7.011s] -- Installing: /home/moses/Moses/Robotics/ROS-Projects/audition-data-collection/ros2-robot-audition-suite/ros2_ws/src/install/audition_msgs/share/audition_msgs/cmake/ament_cmake_export_dependencies-extras.cmake
[7.011s] -- Installing: /home/moses/Moses/Robotics/ROS-Projects/audition-data-collection/ros2-robot-audition-suite/ros2_ws/src/install/audition_msgs/share/audition_msgs/cmake/ament_cmake_export_include_directories-extras.cmake
[7.011s] -- Installing: /home/moses/Moses/Robotics/ROS-Projects/audition-data-collection/ros2-robot-audition-suite/ros2_ws/src/install/audition_msgs/share/audition_msgs/cmake/ament_cmake_export_libraries-extras.cmake
[7.011s] -- Installing: /home/moses/Moses/Robotics/ROS-Projects/audition-data-collection/ros2-robot-audition-suite/ros2_ws/src/install/audition_msgs/share/audition_msgs/cmake/ament_cmake_export_targets-extras.cmake
[7.012s] -- Installing: /home/moses/Moses/Robotics/ROS-Projects/audition-data-collection/ros2-robot-audition-suite/ros2_ws/src/install/audition_msgs/share/audition_msgs/cmake/rosidl_cmake_export_typesupport_targets-extras.cmake
[7.012s] -- Installing: /home/moses/Moses/Robotics/ROS-Projects/audition-data-collection/ros2-robot-audition-suite/ros2_ws/src/install/audition_msgs/share/audition_msgs/cmake/rosidl_cmake_export_typesupport_libraries-extras.cmake
[7.012s] -- Installing: /home/moses/Moses/Robotics/ROS-Projects/audition-data-collection/ros2-robot-audition-suite/ros2_ws/src/install/audition_msgs/share/audition_msgs/cmake/audition_msgsConfig.cmake
[7.012s] -- Installing: /home/moses/Moses/Robotics/ROS-Projects/audition-data-collection/ros2-robot-audition-suite/ros2_ws/src/install/audition_msgs/share/audition_msgs/cmake/audition_msgsConfig-version.cmake
[7.012s] -- Installing: /home/moses/Moses/Robotics/ROS-Projects/audition-data-collection/ros2-robot-audition-suite/ros2_ws/src/install/audition_msgs/share/audition_msgs/package.xml
[7.016s] Invoked command in '/home/moses/Moses/Robotics/ROS-Projects/audition-data-collection/ros2-robot-audition-suite/ros2_ws/src/build/audition_msgs' returned '0': CMAKE_PREFIX_PATH=/opt/ros/humble CONDA_PROMPT_MODIFIER=(base) /usr/bin/cmake --install /home/moses/Moses/Robotics/ROS-Projects/audition-data-collection/ros2-robot-audition-suite/ros2_ws/src/build/audition_msgs
