-- Found ament_cmake: 1.3.11 (/opt/ros/humble/share/ament_cmake/cmake)
-- Found rclcpp: 16.0.15 (/opt/ros/humble/share/rclcpp/cmake)
-- Found rosidl_generator_c: 3.1.7 (/opt/ros/humble/share/rosidl_generator_c/cmake)
-- Found rosidl_adapter: 3.1.7 (/opt/ros/humble/share/rosidl_adapter/cmake)
-- Found rosidl_generator_cpp: 3.1.7 (/opt/ros/humble/share/rosidl_generator_cpp/cmake)
-- Using all available rosidl_typesupport_c: rosidl_typesupport_fastrtps_c;rosidl_typesupport_introspection_c
-- Using all available rosidl_typesupport_cpp: rosidl_typesupport_fastrtps_cpp;rosidl_typesupport_introspection_cpp
-- Found rmw_implementation_cmake: 6.1.2 (/opt/ros/humble/share/rmw_implementation_cmake/cmake)
-- Found rmw_fastrtps_cpp: 6.2.8 (/opt/ros/humble/share/rmw_fastrtps_cpp/cmake)
-- Using RMW implementation 'rmw_fastrtps_cpp' as default
-- Found sensor_msgs: 4.9.0 (/opt/ros/humble/share/sensor_msgs/cmake)
-- Configuring done
-- Generating done
-- Build files have been written to: /home/moses/Moses/Robotics/ROS-Projects/audition-data-collection/ros2-robot-audition-suite/ros2_ws/build/audition_data_collector
[35m[1mConsolidate compiler generated dependencies of target marker_navigator_node[0m
[35m[1mConsolidate compiler generated dependencies of target recorder_node[0m
[ 50%] Built target recorder_node
[ 75%] [32mBuilding CXX object CMakeFiles/marker_navigator_node.dir/src/marker_navigator_node.cpp.o[0m
[100%] [32m[1mLinking CXX executable marker_navigator_node[0m
[100%] Built target marker_navigator_node
-- Install configuration: ""
-- Installing: /home/moses/Moses/Robotics/ROS-Projects/audition-data-collection/ros2-robot-audition-suite/ros2_ws/install/audition_data_collector/lib/audition_data_collector/marker_navigator_node
-- Set runtime path of "/home/moses/Moses/Robotics/ROS-Projects/audition-data-collection/ros2-robot-audition-suite/ros2_ws/install/audition_data_collector/lib/audition_data_collector/marker_navigator_node" to ""
-- Installing: /home/moses/Moses/Robotics/ROS-Projects/audition-data-collection/ros2-robot-audition-suite/ros2_ws/install/audition_data_collector/lib/audition_data_collector/recorder_node
-- Set runtime path of "/home/moses/Moses/Robotics/ROS-Projects/audition-data-collection/ros2-robot-audition-suite/ros2_ws/install/audition_data_collector/lib/audition_data_collector/recorder_node" to ""
-- Installing: /home/moses/Moses/Robotics/ROS-Projects/audition-data-collection/ros2-robot-audition-suite/ros2_ws/install/audition_data_collector/share/audition_data_collector/launch
-- Installing: /home/moses/Moses/Robotics/ROS-Projects/audition-data-collection/ros2-robot-audition-suite/ros2_ws/install/audition_data_collector/share/audition_data_collector/launch/collect.launch.py
-- Installing: /home/moses/Moses/Robotics/ROS-Projects/audition-data-collection/ros2-robot-audition-suite/ros2_ws/install/audition_data_collector/share/audition_data_collector/config
-- Installing: /home/moses/Moses/Robotics/ROS-Projects/audition-data-collection/ros2-robot-audition-suite/ros2_ws/install/audition_data_collector/share/audition_data_collector/config/params.yaml
-- Installing: /home/moses/Moses/Robotics/ROS-Projects/audition-data-collection/ros2-robot-audition-suite/ros2_ws/install/audition_data_collector/share/ament_index/resource_index/package_run_dependencies/audition_data_collector
-- Installing: /home/moses/Moses/Robotics/ROS-Projects/audition-data-collection/ros2-robot-audition-suite/ros2_ws/install/audition_data_collector/share/ament_index/resource_index/parent_prefix_path/audition_data_collector
-- Installing: /home/moses/Moses/Robotics/ROS-Projects/audition-data-collection/ros2-robot-audition-suite/ros2_ws/install/audition_data_collector/share/audition_data_collector/environment/ament_prefix_path.sh
-- Installing: /home/moses/Moses/Robotics/ROS-Projects/audition-data-collection/ros2-robot-audition-suite/ros2_ws/install/audition_data_collector/share/audition_data_collector/environment/ament_prefix_path.dsv
-- Installing: /home/moses/Moses/Robotics/ROS-Projects/audition-data-collection/ros2-robot-audition-suite/ros2_ws/install/audition_data_collector/share/audition_data_collector/environment/path.sh
-- Installing: /home/moses/Moses/Robotics/ROS-Projects/audition-data-collection/ros2-robot-audition-suite/ros2_ws/install/audition_data_collector/share/audition_data_collector/environment/path.dsv
-- Installing: /home/moses/Moses/Robotics/ROS-Projects/audition-data-collection/ros2-robot-audition-suite/ros2_ws/install/audition_data_collector/share/audition_data_collector/local_setup.bash
-- Installing: /home/moses/Moses/Robotics/ROS-Projects/audition-data-collection/ros2-robot-audition-suite/ros2_ws/install/audition_data_collector/share/audition_data_collector/local_setup.sh
-- Installing: /home/moses/Moses/Robotics/ROS-Projects/audition-data-collection/ros2-robot-audition-suite/ros2_ws/install/audition_data_collector/share/audition_data_collector/local_setup.zsh
-- Installing: /home/moses/Moses/Robotics/ROS-Projects/audition-data-collection/ros2-robot-audition-suite/ros2_ws/install/audition_data_collector/share/audition_data_collector/local_setup.dsv
-- Installing: /home/moses/Moses/Robotics/ROS-Projects/audition-data-collection/ros2-robot-audition-suite/ros2_ws/install/audition_data_collector/share/audition_data_collector/package.dsv
-- Installing: /home/moses/Moses/Robotics/ROS-Projects/audition-data-collection/ros2-robot-audition-suite/ros2_ws/install/audition_data_collector/share/ament_index/resource_index/packages/audition_data_collector
-- Installing: /home/moses/Moses/Robotics/ROS-Projects/audition-data-collection/ros2-robot-audition-suite/ros2_ws/install/audition_data_collector/share/audition_data_collector/cmake/audition_data_collectorConfig.cmake
-- Installing: /home/moses/Moses/Robotics/ROS-Projects/audition-data-collection/ros2-robot-audition-suite/ros2_ws/install/audition_data_collector/share/audition_data_collector/cmake/audition_data_collectorConfig-version.cmake
-- Installing: /home/moses/Moses/Robotics/ROS-Projects/audition-data-collection/ros2-robot-audition-suite/ros2_ws/install/audition_data_collector/share/audition_data_collector/package.xml
