[0.011s] Invoking command in '/home/moses/Moses/Robotics/ROS-Projects/audition-data-collection/ros2-robot-audition-suite/ros2_ws/build/audition_msgs': CMAKE_PREFIX_PATH=/opt/ros/humble CONDA_PROMPT_MODIFIER=(base) /usr/bin/cmake /home/moses/Moses/Robotics/ROS-Projects/audition-data-collection/ros2-robot-audition-suite/ros2_ws/src/audition_msgs -DCMAKE_INSTALL_PREFIX=/home/moses/Moses/Robotics/ROS-Projects/audition-data-collection/ros2-robot-audition-suite/ros2_ws/install/audition_msgs
[0.688s] -- The C compiler identification is Clang 18.1.8
[0.801s] -- The CXX compiler identification is Clang 18.1.8
[0.809s] -- Detecting C compiler ABI info
[0.925s] -- Detecting C compiler ABI info - done
[0.930s] -- Check for working C compiler: /usr/bin/clang-18 - skipped
[0.932s] -- Detecting C compile features
[0.933s] -- Detecting C compile features - done
[0.936s] -- Detecting CXX compiler ABI info
[1.047s] -- Detecting CXX compiler ABI info - done
[1.050s] -- Check for working CXX compiler: /usr/bin/clang++-18 - skipped
[1.051s] -- Detecting CXX compile features
[1.051s] -- Detecting CXX compile features - done
[1.061s] -- Found ament_cmake: 1.3.11 (/opt/ros/humble/share/ament_cmake/cmake)
[1.608s] -- Found Python3: /home/moses/miniforge3/bin/python3 (found version "3.12.11") found components: Interpreter 
[1.714s] -- Found rosidl_default_generators: 1.2.0 (/opt/ros/humble/share/rosidl_default_generators/cmake)
[1.720s] -- Using all available rosidl_typesupport_c: rosidl_typesupport_fastrtps_c;rosidl_typesupport_introspection_c
[1.730s] -- Found rosidl_adapter: 3.1.7 (/opt/ros/humble/share/rosidl_adapter/cmake)
[1.776s] -- Using all available rosidl_typesupport_cpp: rosidl_typesupport_fastrtps_cpp;rosidl_typesupport_introspection_cpp
[1.812s] -- Found std_msgs: 4.9.0 (/opt/ros/humble/share/std_msgs/cmake)
[1.845s] -- Found action_msgs: 1.2.2 (/opt/ros/humble/share/action_msgs/cmake)
[2.147s] -- Found ament_cmake_ros: 0.10.0 (/opt/ros/humble/share/ament_cmake_ros/cmake)
[2.338s] -- Using all available rosidl_typesupport_c: rosidl_typesupport_fastrtps_c;rosidl_typesupport_introspection_c
[2.615s] -- Using all available rosidl_typesupport_cpp: rosidl_typesupport_fastrtps_cpp;rosidl_typesupport_introspection_cpp
[2.643s] -- Found PythonInterp: /home/moses/miniforge3/bin/python3 (found suitable version "3.12.11", minimum required is "3.6") 
[2.645s] -- Found python_cmake_module: 0.10.0 (/opt/ros/humble/share/python_cmake_module/cmake)
[2.676s] -- Found PythonLibs: /home/moses/miniforge3/lib/libpython3.12.so (found suitable version "3.12.11", minimum required is "3.5") 
[2.676s] -- Using PYTHON_EXECUTABLE: /home/moses/miniforge3/bin/python3
[2.676s] -- Using PYTHON_INCLUDE_DIRS: /home/moses/miniforge3/include/python3.12
[2.676s] -- Using PYTHON_LIBRARIES: /home/moses/miniforge3/lib/libpython3.12.so
[2.703s] -- Found PythonExtra: .so  
[3.027s] -- Using numpy include directory: /home/moses/miniforge3/lib/python3.12/site-packages/numpy/_core/include
[3.041s] -- Configuring done
[3.065s] -- Generating done
[3.072s] -- Build files have been written to: /home/moses/Moses/Robotics/ROS-Projects/audition-data-collection/ros2-robot-audition-suite/ros2_ws/build/audition_msgs
[3.077s] Invoked command in '/home/moses/Moses/Robotics/ROS-Projects/audition-data-collection/ros2-robot-audition-suite/ros2_ws/build/audition_msgs' returned '0': CMAKE_PREFIX_PATH=/opt/ros/humble CONDA_PROMPT_MODIFIER=(base) /usr/bin/cmake /home/moses/Moses/Robotics/ROS-Projects/audition-data-collection/ros2-robot-audition-suite/ros2_ws/src/audition_msgs -DCMAKE_INSTALL_PREFIX=/home/moses/Moses/Robotics/ROS-Projects/audition-data-collection/ros2-robot-audition-suite/ros2_ws/install/audition_msgs
[3.079s] Invoking command in '/home/moses/Moses/Robotics/ROS-Projects/audition-data-collection/ros2-robot-audition-suite/ros2_ws/build/audition_msgs': CMAKE_PREFIX_PATH=/opt/ros/humble CONDA_PROMPT_MODIFIER=(base) /usr/bin/cmake --build /home/moses/Moses/Robotics/ROS-Projects/audition-data-collection/ros2-robot-audition-suite/ros2_ws/build/audition_msgs -- -j20 -l20
[3.112s] [  1%] [34m[1mGenerating C code for ROS interfaces[0m
[3.120s] [  3%] [34m[1mGenerating C++ code for ROS interfaces[0m
[3.127s] [  3%] Built target ament_cmake_python_copy_audition_msgs
[3.323s] running egg_info
[3.333s] creating audition_msgs.egg-info
[3.333s] writing audition_msgs.egg-info/PKG-INFO
[3.334s] writing dependency_links to audition_msgs.egg-info/dependency_links.txt
[3.334s] writing top-level names to audition_msgs.egg-info/top_level.txt
[3.334s] writing manifest file 'audition_msgs.egg-info/SOURCES.txt'
[3.366s] reading manifest file 'audition_msgs.egg-info/SOURCES.txt'
[3.367s] writing manifest file 'audition_msgs.egg-info/SOURCES.txt'
[3.412s] [  3%] Built target ament_cmake_python_build_audition_msgs_egg
[3.601s] [  7%] [32mBuilding C object CMakeFiles/audition_msgs__rosidl_generator_c.dir/rosidl_generator_c/audition_msgs/msg/detail/collection_status__functions.c.o[0m
[3.601s] [  7%] [32mBuilding C object CMakeFiles/audition_msgs__rosidl_generator_c.dir/rosidl_generator_c/audition_msgs/srv/detail/abort_session__functions.c.o[0m
[3.601s] [  9%] [32mBuilding C object CMakeFiles/audition_msgs__rosidl_generator_c.dir/rosidl_generator_c/audition_msgs/action/detail/collect_at_waypoint__functions.c.o[0m
[3.605s] [ 10%] [32mBuilding C object CMakeFiles/audition_msgs__rosidl_generator_c.dir/rosidl_generator_c/audition_msgs/srv/detail/proceed_to_next__functions.c.o[0m
[3.613s] [ 10%] Built target audition_msgs__cpp
[3.625s] [ 14%] [34m[1mGenerating C++ type support for eProsima Fast-RTPS[0m
[3.625s] [ 14%] [34m[1mGenerating C++ introspection for ROS interfaces[0m
[3.625s] [ 16%] [34m[1mGenerating C++ type support dispatch for ROS interfaces[0m
[3.738s] [ 18%] [32m[1mLinking C shared library libaudition_msgs__rosidl_generator_c.so[0m
[3.825s] [ 18%] Built target audition_msgs__rosidl_generator_c
[3.840s] [ 21%] [34m[1mGenerating C introspection for ROS interfaces[0m
[3.840s] [ 21%] [34m[1mGenerating C type support dispatch for ROS interfaces[0m
[3.840s] [ 23%] [34m[1mGenerating C type support for eProsima Fast-RTPS[0m
[3.943s] [ 25%] [32mBuilding CXX object CMakeFiles/audition_msgs__rosidl_typesupport_cpp.dir/rosidl_typesupport_cpp/audition_msgs/srv/proceed_to_next__type_support.cpp.o[0m
[3.945s] [ 30%] [32mBuilding CXX object CMakeFiles/audition_msgs__rosidl_typesupport_cpp.dir/rosidl_typesupport_cpp/audition_msgs/srv/abort_session__type_support.cpp.o[0m
[3.945s] [ 30%] [32mBuilding CXX object CMakeFiles/audition_msgs__rosidl_typesupport_cpp.dir/rosidl_typesupport_cpp/audition_msgs/action/collect_at_waypoint__type_support.cpp.o[0m
[3.945s] [ 30%] [32mBuilding CXX object CMakeFiles/audition_msgs__rosidl_typesupport_cpp.dir/rosidl_typesupport_cpp/audition_msgs/msg/collection_status__type_support.cpp.o[0m
[3.994s] [ 38%] [32mBuilding CXX object CMakeFiles/audition_msgs__rosidl_typesupport_introspection_cpp.dir/rosidl_typesupport_introspection_cpp/audition_msgs/srv/detail/abort_session__type_support.cpp.o[0m
[3.994s] [ 38%] [32mBuilding CXX object CMakeFiles/audition_msgs__rosidl_typesupport_introspection_cpp.dir/rosidl_typesupport_introspection_cpp/audition_msgs/srv/detail/proceed_to_next__type_support.cpp.o[0m
[3.995s] [ 38%] [32mBuilding CXX object CMakeFiles/audition_msgs__rosidl_typesupport_introspection_cpp.dir/rosidl_typesupport_introspection_cpp/audition_msgs/action/detail/collect_at_waypoint__type_support.cpp.o[0m
[3.995s] [ 38%] [32mBuilding CXX object CMakeFiles/audition_msgs__rosidl_typesupport_introspection_cpp.dir/rosidl_typesupport_introspection_cpp/audition_msgs/msg/detail/collection_status__type_support.cpp.o[0m
[4.062s] [ 43%] [32mBuilding CXX object CMakeFiles/audition_msgs__rosidl_typesupport_fastrtps_cpp.dir/rosidl_typesupport_fastrtps_cpp/audition_msgs/action/detail/dds_fastrtps/collect_at_waypoint__type_support.cpp.o[0m
[4.062s] [ 43%] [32mBuilding CXX object CMakeFiles/audition_msgs__rosidl_typesupport_fastrtps_cpp.dir/rosidl_typesupport_fastrtps_cpp/audition_msgs/msg/detail/dds_fastrtps/collection_status__type_support.cpp.o[0m
[4.062s] [ 43%] [32mBuilding CXX object CMakeFiles/audition_msgs__rosidl_typesupport_fastrtps_cpp.dir/rosidl_typesupport_fastrtps_cpp/audition_msgs/srv/detail/dds_fastrtps/abort_session__type_support.cpp.o[0m
[4.062s] [ 45%] [32mBuilding CXX object CMakeFiles/audition_msgs__rosidl_typesupport_fastrtps_cpp.dir/rosidl_typesupport_fastrtps_cpp/audition_msgs/srv/detail/dds_fastrtps/proceed_to_next__type_support.cpp.o[0m
[4.339s] [ 47%] [32mBuilding CXX object CMakeFiles/audition_msgs__rosidl_typesupport_c.dir/rosidl_typesupport_c/audition_msgs/action/collect_at_waypoint__type_support.cpp.o[0m
[4.339s] [ 50%] [32mBuilding CXX object CMakeFiles/audition_msgs__rosidl_typesupport_c.dir/rosidl_typesupport_c/audition_msgs/msg/collection_status__type_support.cpp.o[0m
[4.339s] [ 50%] [32mBuilding CXX object CMakeFiles/audition_msgs__rosidl_typesupport_c.dir/rosidl_typesupport_c/audition_msgs/srv/proceed_to_next__type_support.cpp.o[0m
[4.339s] [ 52%] [32mBuilding CXX object CMakeFiles/audition_msgs__rosidl_typesupport_c.dir/rosidl_typesupport_c/audition_msgs/srv/abort_session__type_support.cpp.o[0m
[4.465s] [ 54%] [32m[1mLinking CXX shared library libaudition_msgs__rosidl_typesupport_c.so[0m
[4.500s] [ 56%] [32mBuilding C object CMakeFiles/audition_msgs__rosidl_typesupport_introspection_c.dir/rosidl_typesupport_introspection_c/audition_msgs/srv/detail/abort_session__type_support.c.o[0m
[4.501s] [ 58%] [32mBuilding C object CMakeFiles/audition_msgs__rosidl_typesupport_introspection_c.dir/rosidl_typesupport_introspection_c/audition_msgs/msg/detail/collection_status__type_support.c.o[0m
[4.503s] [ 60%] [32mBuilding C object CMakeFiles/audition_msgs__rosidl_typesupport_introspection_c.dir/rosidl_typesupport_introspection_c/audition_msgs/action/detail/collect_at_waypoint__type_support.c.o[0m
[4.506s] [ 61%] [32mBuilding C object CMakeFiles/audition_msgs__rosidl_typesupport_introspection_c.dir/rosidl_typesupport_introspection_c/audition_msgs/srv/detail/proceed_to_next__type_support.c.o[0m
[4.574s] [ 69%] [32mBuilding CXX object CMakeFiles/audition_msgs__rosidl_typesupport_fastrtps_c.dir/rosidl_typesupport_fastrtps_c/audition_msgs/action/detail/collect_at_waypoint__type_support_c.cpp.o[0m
[4.574s] [ 69%] [32mBuilding CXX object CMakeFiles/audition_msgs__rosidl_typesupport_fastrtps_c.dir/rosidl_typesupport_fastrtps_c/audition_msgs/msg/detail/collection_status__type_support_c.cpp.o[0m
[4.574s] [ 69%] [32mBuilding CXX object CMakeFiles/audition_msgs__rosidl_typesupport_fastrtps_c.dir/rosidl_typesupport_fastrtps_c/audition_msgs/srv/detail/proceed_to_next__type_support_c.cpp.o[0m
[4.574s] [ 69%] [32mBuilding CXX object CMakeFiles/audition_msgs__rosidl_typesupport_fastrtps_c.dir/rosidl_typesupport_fastrtps_c/audition_msgs/srv/detail/abort_session__type_support_c.cpp.o[0m
[4.610s] [ 70%] [32m[1mLinking C shared library libaudition_msgs__rosidl_typesupport_introspection_c.so[0m
[4.702s] [ 70%] Built target audition_msgs__rosidl_typesupport_c
[4.705s] [ 70%] Built target audition_msgs__rosidl_typesupport_introspection_c
[4.722s] [ 72%] [32m[1mLinking CXX shared library libaudition_msgs__rosidl_typesupport_introspection_cpp.so[0m
[4.732s] [ 74%] [32m[1mLinking CXX shared library libaudition_msgs__rosidl_typesupport_cpp.so[0m
[4.878s] [ 74%] Built target audition_msgs__rosidl_typesupport_cpp
[4.878s] [ 74%] Built target audition_msgs__rosidl_typesupport_introspection_cpp
[4.938s] [ 76%] [32m[1mLinking CXX shared library libaudition_msgs__rosidl_typesupport_fastrtps_cpp.so[0m
[5.034s] [ 76%] Built target audition_msgs__rosidl_typesupport_fastrtps_cpp
[5.106s] [ 78%] [32m[1mLinking CXX shared library libaudition_msgs__rosidl_typesupport_fastrtps_c.so[0m
[5.186s] [ 78%] Built target audition_msgs__rosidl_typesupport_fastrtps_c
[5.207s] [ 78%] Built target audition_msgs
[5.225s] [ 80%] [34m[1mGenerating Python code for ROS interfaces[0m
[5.869s] [ 80%] Built target audition_msgs__py
[5.892s] [ 83%] [32mBuilding C object CMakeFiles/audition_msgs__rosidl_generator_py.dir/rosidl_generator_py/audition_msgs/action/_collect_at_waypoint_s.c.o[0m
[5.892s] [ 83%] [32mBuilding C object CMakeFiles/audition_msgs__rosidl_generator_py.dir/rosidl_generator_py/audition_msgs/msg/_collection_status_s.c.o[0m
[5.892s] [ 87%] [32mBuilding C object CMakeFiles/audition_msgs__rosidl_generator_py.dir/rosidl_generator_py/audition_msgs/srv/_proceed_to_next_s.c.o[0m
[5.893s] [ 87%] [32mBuilding C object CMakeFiles/audition_msgs__rosidl_generator_py.dir/rosidl_generator_py/audition_msgs/srv/_abort_session_s.c.o[0m
[6.062s] [ 89%] [32m[1mLinking C shared library rosidl_generator_py/audition_msgs/libaudition_msgs__rosidl_generator_py.so[0m
[6.119s] [ 89%] Built target audition_msgs__rosidl_generator_py
[6.135s] [ 90%] [32mBuilding C object CMakeFiles/audition_msgs__rosidl_typesupport_c__pyext.dir/rosidl_generator_py/audition_msgs/_audition_msgs_s.ep.rosidl_typesupport_c.c.o[0m
[6.137s] [ 92%] [32mBuilding C object CMakeFiles/audition_msgs__rosidl_typesupport_fastrtps_c__pyext.dir/rosidl_generator_py/audition_msgs/_audition_msgs_s.ep.rosidl_typesupport_fastrtps_c.c.o[0m
[6.138s] [ 94%] [32mBuilding C object CMakeFiles/audition_msgs__rosidl_typesupport_introspection_c__pyext.dir/rosidl_generator_py/audition_msgs/_audition_msgs_s.ep.rosidl_typesupport_introspection_c.c.o[0m
[6.230s] [ 98%] [32m[1mLinking C shared library rosidl_generator_py/audition_msgs/audition_msgs_s__rosidl_typesupport_fastrtps_c.cpython-312-x86_64-linux-gnu.so[0m
[6.230s] [ 98%] [32m[1mLinking C shared library rosidl_generator_py/audition_msgs/audition_msgs_s__rosidl_typesupport_c.cpython-312-x86_64-linux-gnu.so[0m
[6.230s] [100%] [32m[1mLinking C shared library rosidl_generator_py/audition_msgs/audition_msgs_s__rosidl_typesupport_introspection_c.cpython-312-x86_64-linux-gnu.so[0m
[6.294s] [100%] Built target audition_msgs__rosidl_typesupport_c__pyext
[6.294s] [100%] Built target audition_msgs__rosidl_typesupport_introspection_c__pyext
[6.294s] [100%] Built target audition_msgs__rosidl_typesupport_fastrtps_c__pyext
[6.309s] Invoked command in '/home/moses/Moses/Robotics/ROS-Projects/audition-data-collection/ros2-robot-audition-suite/ros2_ws/build/audition_msgs' returned '0': CMAKE_PREFIX_PATH=/opt/ros/humble CONDA_PROMPT_MODIFIER=(base) /usr/bin/cmake --build /home/moses/Moses/Robotics/ROS-Projects/audition-data-collection/ros2-robot-audition-suite/ros2_ws/build/audition_msgs -- -j20 -l20
[6.319s] Invoking command in '/home/moses/Moses/Robotics/ROS-Projects/audition-data-collection/ros2-robot-audition-suite/ros2_ws/build/audition_msgs': CMAKE_PREFIX_PATH=/opt/ros/humble CONDA_PROMPT_MODIFIER=(base) /usr/bin/cmake --install /home/moses/Moses/Robotics/ROS-Projects/audition-data-collection/ros2-robot-audition-suite/ros2_ws/build/audition_msgs
[6.327s] -- Install configuration: ""
[6.328s] -- Installing: /home/moses/Moses/Robotics/ROS-Projects/audition-data-collection/ros2-robot-audition-suite/ros2_ws/install/audition_msgs/share/ament_index/resource_index/rosidl_interfaces/audition_msgs
[6.328s] -- Installing: /home/moses/Moses/Robotics/ROS-Projects/audition-data-collection/ros2-robot-audition-suite/ros2_ws/install/audition_msgs/include/audition_msgs/audition_msgs
[6.328s] -- Installing: /home/moses/Moses/Robotics/ROS-Projects/audition-data-collection/ros2-robot-audition-suite/ros2_ws/install/audition_msgs/include/audition_msgs/audition_msgs/srv
[6.328s] -- Installing: /home/moses/Moses/Robotics/ROS-Projects/audition-data-collection/ros2-robot-audition-suite/ros2_ws/install/audition_msgs/include/audition_msgs/audition_msgs/srv/detail
[6.328s] -- Installing: /home/moses/Moses/Robotics/ROS-Projects/audition-data-collection/ros2-robot-audition-suite/ros2_ws/install/audition_msgs/include/audition_msgs/audition_msgs/srv/detail/proceed_to_next__functions.h
[6.328s] -- Installing: /home/moses/Moses/Robotics/ROS-Projects/audition-data-collection/ros2-robot-audition-suite/ros2_ws/install/audition_msgs/include/audition_msgs/audition_msgs/srv/detail/abort_session__functions.c
[6.328s] -- Installing: /home/moses/Moses/Robotics/ROS-Projects/audition-data-collection/ros2-robot-audition-suite/ros2_ws/install/audition_msgs/include/audition_msgs/audition_msgs/srv/detail/proceed_to_next__functions.c
[6.328s] -- Installing: /home/moses/Moses/Robotics/ROS-Projects/audition-data-collection/ros2-robot-audition-suite/ros2_ws/install/audition_msgs/include/audition_msgs/audition_msgs/srv/detail/proceed_to_next__struct.h
[6.328s] -- Installing: /home/moses/Moses/Robotics/ROS-Projects/audition-data-collection/ros2-robot-audition-suite/ros2_ws/install/audition_msgs/include/audition_msgs/audition_msgs/srv/detail/proceed_to_next__type_support.h
[6.328s] -- Installing: /home/moses/Moses/Robotics/ROS-Projects/audition-data-collection/ros2-robot-audition-suite/ros2_ws/install/audition_msgs/include/audition_msgs/audition_msgs/srv/detail/abort_session__struct.h
[6.328s] -- Installing: /home/moses/Moses/Robotics/ROS-Projects/audition-data-collection/ros2-robot-audition-suite/ros2_ws/install/audition_msgs/include/audition_msgs/audition_msgs/srv/detail/abort_session__type_support.h
[6.329s] -- Installing: /home/moses/Moses/Robotics/ROS-Projects/audition-data-collection/ros2-robot-audition-suite/ros2_ws/install/audition_msgs/include/audition_msgs/audition_msgs/srv/detail/abort_session__functions.h
[6.329s] -- Installing: /home/moses/Moses/Robotics/ROS-Projects/audition-data-collection/ros2-robot-audition-suite/ros2_ws/install/audition_msgs/include/audition_msgs/audition_msgs/srv/abort_session.h
[6.329s] -- Installing: /home/moses/Moses/Robotics/ROS-Projects/audition-data-collection/ros2-robot-audition-suite/ros2_ws/install/audition_msgs/include/audition_msgs/audition_msgs/srv/proceed_to_next.h
[6.329s] -- Installing: /home/moses/Moses/Robotics/ROS-Projects/audition-data-collection/ros2-robot-audition-suite/ros2_ws/install/audition_msgs/include/audition_msgs/audition_msgs/msg
[6.329s] -- Installing: /home/moses/Moses/Robotics/ROS-Projects/audition-data-collection/ros2-robot-audition-suite/ros2_ws/install/audition_msgs/include/audition_msgs/audition_msgs/msg/detail
[6.329s] -- Installing: /home/moses/Moses/Robotics/ROS-Projects/audition-data-collection/ros2-robot-audition-suite/ros2_ws/install/audition_msgs/include/audition_msgs/audition_msgs/msg/detail/collection_status__struct.h
[6.329s] -- Installing: /home/moses/Moses/Robotics/ROS-Projects/audition-data-collection/ros2-robot-audition-suite/ros2_ws/install/audition_msgs/include/audition_msgs/audition_msgs/msg/detail/collection_status__functions.c
[6.329s] -- Installing: /home/moses/Moses/Robotics/ROS-Projects/audition-data-collection/ros2-robot-audition-suite/ros2_ws/install/audition_msgs/include/audition_msgs/audition_msgs/msg/detail/collection_status__type_support.h
[6.329s] -- Installing: /home/moses/Moses/Robotics/ROS-Projects/audition-data-collection/ros2-robot-audition-suite/ros2_ws/install/audition_msgs/include/audition_msgs/audition_msgs/msg/detail/collection_status__functions.h
[6.329s] -- Installing: /home/moses/Moses/Robotics/ROS-Projects/audition-data-collection/ros2-robot-audition-suite/ros2_ws/install/audition_msgs/include/audition_msgs/audition_msgs/msg/rosidl_generator_c__visibility_control.h
[6.329s] -- Installing: /home/moses/Moses/Robotics/ROS-Projects/audition-data-collection/ros2-robot-audition-suite/ros2_ws/install/audition_msgs/include/audition_msgs/audition_msgs/msg/collection_status.h
[6.329s] -- Installing: /home/moses/Moses/Robotics/ROS-Projects/audition-data-collection/ros2-robot-audition-suite/ros2_ws/install/audition_msgs/include/audition_msgs/audition_msgs/action
[6.329s] -- Installing: /home/moses/Moses/Robotics/ROS-Projects/audition-data-collection/ros2-robot-audition-suite/ros2_ws/install/audition_msgs/include/audition_msgs/audition_msgs/action/detail
[6.329s] -- Installing: /home/moses/Moses/Robotics/ROS-Projects/audition-data-collection/ros2-robot-audition-suite/ros2_ws/install/audition_msgs/include/audition_msgs/audition_msgs/action/detail/collect_at_waypoint__functions.c
[6.329s] -- Installing: /home/moses/Moses/Robotics/ROS-Projects/audition-data-collection/ros2-robot-audition-suite/ros2_ws/install/audition_msgs/include/audition_msgs/audition_msgs/action/detail/collect_at_waypoint__functions.h
[6.329s] -- Installing: /home/moses/Moses/Robotics/ROS-Projects/audition-data-collection/ros2-robot-audition-suite/ros2_ws/install/audition_msgs/include/audition_msgs/audition_msgs/action/detail/collect_at_waypoint__type_support.h
[6.330s] -- Installing: /home/moses/Moses/Robotics/ROS-Projects/audition-data-collection/ros2-robot-audition-suite/ros2_ws/install/audition_msgs/include/audition_msgs/audition_msgs/action/detail/collect_at_waypoint__struct.h
[6.330s] -- Installing: /home/moses/Moses/Robotics/ROS-Projects/audition-data-collection/ros2-robot-audition-suite/ros2_ws/install/audition_msgs/include/audition_msgs/audition_msgs/action/collect_at_waypoint.h
[6.330s] -- Installing: /home/moses/Moses/Robotics/ROS-Projects/audition-data-collection/ros2-robot-audition-suite/ros2_ws/install/audition_msgs/share/audition_msgs/environment/library_path.sh
[6.330s] -- Installing: /home/moses/Moses/Robotics/ROS-Projects/audition-data-collection/ros2-robot-audition-suite/ros2_ws/install/audition_msgs/share/audition_msgs/environment/library_path.dsv
[6.330s] -- Installing: /home/moses/Moses/Robotics/ROS-Projects/audition-data-collection/ros2-robot-audition-suite/ros2_ws/install/audition_msgs/lib/libaudition_msgs__rosidl_generator_c.so
[6.330s] -- Set runtime path of "/home/moses/Moses/Robotics/ROS-Projects/audition-data-collection/ros2-robot-audition-suite/ros2_ws/install/audition_msgs/lib/libaudition_msgs__rosidl_generator_c.so" to ""
[6.330s] -- Up-to-date: /home/moses/Moses/Robotics/ROS-Projects/audition-data-collection/ros2-robot-audition-suite/ros2_ws/install/audition_msgs/include/audition_msgs/audition_msgs
[6.330s] -- Up-to-date: /home/moses/Moses/Robotics/ROS-Projects/audition-data-collection/ros2-robot-audition-suite/ros2_ws/install/audition_msgs/include/audition_msgs/audition_msgs/srv
[6.330s] -- Up-to-date: /home/moses/Moses/Robotics/ROS-Projects/audition-data-collection/ros2-robot-audition-suite/ros2_ws/install/audition_msgs/include/audition_msgs/audition_msgs/srv/detail
[6.330s] -- Installing: /home/moses/Moses/Robotics/ROS-Projects/audition-data-collection/ros2-robot-audition-suite/ros2_ws/install/audition_msgs/include/audition_msgs/audition_msgs/srv/detail/proceed_to_next__rosidl_typesupport_fastrtps_c.h
[6.330s] -- Installing: /home/moses/Moses/Robotics/ROS-Projects/audition-data-collection/ros2-robot-audition-suite/ros2_ws/install/audition_msgs/include/audition_msgs/audition_msgs/srv/detail/abort_session__rosidl_typesupport_fastrtps_c.h
[6.330s] -- Up-to-date: /home/moses/Moses/Robotics/ROS-Projects/audition-data-collection/ros2-robot-audition-suite/ros2_ws/install/audition_msgs/include/audition_msgs/audition_msgs/msg
[6.330s] -- Up-to-date: /home/moses/Moses/Robotics/ROS-Projects/audition-data-collection/ros2-robot-audition-suite/ros2_ws/install/audition_msgs/include/audition_msgs/audition_msgs/msg/detail
[6.330s] -- Installing: /home/moses/Moses/Robotics/ROS-Projects/audition-data-collection/ros2-robot-audition-suite/ros2_ws/install/audition_msgs/include/audition_msgs/audition_msgs/msg/detail/collection_status__rosidl_typesupport_fastrtps_c.h
[6.330s] -- Installing: /home/moses/Moses/Robotics/ROS-Projects/audition-data-collection/ros2-robot-audition-suite/ros2_ws/install/audition_msgs/include/audition_msgs/audition_msgs/msg/rosidl_typesupport_fastrtps_c__visibility_control.h
[6.330s] -- Up-to-date: /home/moses/Moses/Robotics/ROS-Projects/audition-data-collection/ros2-robot-audition-suite/ros2_ws/install/audition_msgs/include/audition_msgs/audition_msgs/action
[6.330s] -- Up-to-date: /home/moses/Moses/Robotics/ROS-Projects/audition-data-collection/ros2-robot-audition-suite/ros2_ws/install/audition_msgs/include/audition_msgs/audition_msgs/action/detail
[6.330s] -- Installing: /home/moses/Moses/Robotics/ROS-Projects/audition-data-collection/ros2-robot-audition-suite/ros2_ws/install/audition_msgs/include/audition_msgs/audition_msgs/action/detail/collect_at_waypoint__rosidl_typesupport_fastrtps_c.h
[6.330s] -- Installing: /home/moses/Moses/Robotics/ROS-Projects/audition-data-collection/ros2-robot-audition-suite/ros2_ws/install/audition_msgs/lib/libaudition_msgs__rosidl_typesupport_fastrtps_c.so
[6.330s] -- Set runtime path of "/home/moses/Moses/Robotics/ROS-Projects/audition-data-collection/ros2-robot-audition-suite/ros2_ws/install/audition_msgs/lib/libaudition_msgs__rosidl_typesupport_fastrtps_c.so" to ""
[6.330s] -- Up-to-date: /home/moses/Moses/Robotics/ROS-Projects/audition-data-collection/ros2-robot-audition-suite/ros2_ws/install/audition_msgs/include/audition_msgs/audition_msgs
[6.330s] -- Up-to-date: /home/moses/Moses/Robotics/ROS-Projects/audition-data-collection/ros2-robot-audition-suite/ros2_ws/install/audition_msgs/include/audition_msgs/audition_msgs/srv
[6.330s] -- Up-to-date: /home/moses/Moses/Robotics/ROS-Projects/audition-data-collection/ros2-robot-audition-suite/ros2_ws/install/audition_msgs/include/audition_msgs/audition_msgs/srv/detail
[6.330s] -- Installing: /home/moses/Moses/Robotics/ROS-Projects/audition-data-collection/ros2-robot-audition-suite/ros2_ws/install/audition_msgs/include/audition_msgs/audition_msgs/srv/detail/abort_session__type_support.c
[6.330s] -- Installing: /home/moses/Moses/Robotics/ROS-Projects/audition-data-collection/ros2-robot-audition-suite/ros2_ws/install/audition_msgs/include/audition_msgs/audition_msgs/srv/detail/abort_session__rosidl_typesupport_introspection_c.h
[6.330s] -- Installing: /home/moses/Moses/Robotics/ROS-Projects/audition-data-collection/ros2-robot-audition-suite/ros2_ws/install/audition_msgs/include/audition_msgs/audition_msgs/srv/detail/proceed_to_next__type_support.c
[6.330s] -- Installing: /home/moses/Moses/Robotics/ROS-Projects/audition-data-collection/ros2-robot-audition-suite/ros2_ws/install/audition_msgs/include/audition_msgs/audition_msgs/srv/detail/proceed_to_next__rosidl_typesupport_introspection_c.h
[6.330s] -- Up-to-date: /home/moses/Moses/Robotics/ROS-Projects/audition-data-collection/ros2-robot-audition-suite/ros2_ws/install/audition_msgs/include/audition_msgs/audition_msgs/msg
[6.331s] -- Up-to-date: /home/moses/Moses/Robotics/ROS-Projects/audition-data-collection/ros2-robot-audition-suite/ros2_ws/install/audition_msgs/include/audition_msgs/audition_msgs/msg/detail
[6.331s] -- Installing: /home/moses/Moses/Robotics/ROS-Projects/audition-data-collection/ros2-robot-audition-suite/ros2_ws/install/audition_msgs/include/audition_msgs/audition_msgs/msg/detail/collection_status__type_support.c
[6.331s] -- Installing: /home/moses/Moses/Robotics/ROS-Projects/audition-data-collection/ros2-robot-audition-suite/ros2_ws/install/audition_msgs/include/audition_msgs/audition_msgs/msg/detail/collection_status__rosidl_typesupport_introspection_c.h
[6.331s] -- Installing: /home/moses/Moses/Robotics/ROS-Projects/audition-data-collection/ros2-robot-audition-suite/ros2_ws/install/audition_msgs/include/audition_msgs/audition_msgs/msg/rosidl_typesupport_introspection_c__visibility_control.h
[6.331s] -- Up-to-date: /home/moses/Moses/Robotics/ROS-Projects/audition-data-collection/ros2-robot-audition-suite/ros2_ws/install/audition_msgs/include/audition_msgs/audition_msgs/action
[6.331s] -- Up-to-date: /home/moses/Moses/Robotics/ROS-Projects/audition-data-collection/ros2-robot-audition-suite/ros2_ws/install/audition_msgs/include/audition_msgs/audition_msgs/action/detail
[6.331s] -- Installing: /home/moses/Moses/Robotics/ROS-Projects/audition-data-collection/ros2-robot-audition-suite/ros2_ws/install/audition_msgs/include/audition_msgs/audition_msgs/action/detail/collect_at_waypoint__rosidl_typesupport_introspection_c.h
[6.331s] -- Installing: /home/moses/Moses/Robotics/ROS-Projects/audition-data-collection/ros2-robot-audition-suite/ros2_ws/install/audition_msgs/include/audition_msgs/audition_msgs/action/detail/collect_at_waypoint__type_support.c
[6.331s] -- Installing: /home/moses/Moses/Robotics/ROS-Projects/audition-data-collection/ros2-robot-audition-suite/ros2_ws/install/audition_msgs/lib/libaudition_msgs__rosidl_typesupport_introspection_c.so
[6.331s] -- Set runtime path of "/home/moses/Moses/Robotics/ROS-Projects/audition-data-collection/ros2-robot-audition-suite/ros2_ws/install/audition_msgs/lib/libaudition_msgs__rosidl_typesupport_introspection_c.so" to ""
[6.331s] -- Installing: /home/moses/Moses/Robotics/ROS-Projects/audition-data-collection/ros2-robot-audition-suite/ros2_ws/install/audition_msgs/lib/libaudition_msgs__rosidl_typesupport_c.so
[6.331s] -- Set runtime path of "/home/moses/Moses/Robotics/ROS-Projects/audition-data-collection/ros2-robot-audition-suite/ros2_ws/install/audition_msgs/lib/libaudition_msgs__rosidl_typesupport_c.so" to ""
[6.331s] -- Up-to-date: /home/moses/Moses/Robotics/ROS-Projects/audition-data-collection/ros2-robot-audition-suite/ros2_ws/install/audition_msgs/include/audition_msgs/audition_msgs
[6.331s] -- Up-to-date: /home/moses/Moses/Robotics/ROS-Projects/audition-data-collection/ros2-robot-audition-suite/ros2_ws/install/audition_msgs/include/audition_msgs/audition_msgs/srv
[6.331s] -- Up-to-date: /home/moses/Moses/Robotics/ROS-Projects/audition-data-collection/ros2-robot-audition-suite/ros2_ws/install/audition_msgs/include/audition_msgs/audition_msgs/srv/detail
[6.331s] -- Installing: /home/moses/Moses/Robotics/ROS-Projects/audition-data-collection/ros2-robot-audition-suite/ros2_ws/install/audition_msgs/include/audition_msgs/audition_msgs/srv/detail/proceed_to_next__struct.hpp
[6.331s] -- Installing: /home/moses/Moses/Robotics/ROS-Projects/audition-data-collection/ros2-robot-audition-suite/ros2_ws/install/audition_msgs/include/audition_msgs/audition_msgs/srv/detail/proceed_to_next__traits.hpp
[6.331s] -- Installing: /home/moses/Moses/Robotics/ROS-Projects/audition-data-collection/ros2-robot-audition-suite/ros2_ws/install/audition_msgs/include/audition_msgs/audition_msgs/srv/detail/abort_session__struct.hpp
[6.331s] -- Installing: /home/moses/Moses/Robotics/ROS-Projects/audition-data-collection/ros2-robot-audition-suite/ros2_ws/install/audition_msgs/include/audition_msgs/audition_msgs/srv/detail/proceed_to_next__builder.hpp
[6.331s] -- Installing: /home/moses/Moses/Robotics/ROS-Projects/audition-data-collection/ros2-robot-audition-suite/ros2_ws/install/audition_msgs/include/audition_msgs/audition_msgs/srv/detail/abort_session__traits.hpp
[6.331s] -- Installing: /home/moses/Moses/Robotics/ROS-Projects/audition-data-collection/ros2-robot-audition-suite/ros2_ws/install/audition_msgs/include/audition_msgs/audition_msgs/srv/detail/abort_session__builder.hpp
[6.331s] -- Installing: /home/moses/Moses/Robotics/ROS-Projects/audition-data-collection/ros2-robot-audition-suite/ros2_ws/install/audition_msgs/include/audition_msgs/audition_msgs/srv/detail/proceed_to_next__type_support.hpp
[6.331s] -- Installing: /home/moses/Moses/Robotics/ROS-Projects/audition-data-collection/ros2-robot-audition-suite/ros2_ws/install/audition_msgs/include/audition_msgs/audition_msgs/srv/detail/abort_session__type_support.hpp
[6.331s] -- Installing: /home/moses/Moses/Robotics/ROS-Projects/audition-data-collection/ros2-robot-audition-suite/ros2_ws/install/audition_msgs/include/audition_msgs/audition_msgs/srv/abort_session.hpp
[6.331s] -- Installing: /home/moses/Moses/Robotics/ROS-Projects/audition-data-collection/ros2-robot-audition-suite/ros2_ws/install/audition_msgs/include/audition_msgs/audition_msgs/srv/proceed_to_next.hpp
[6.331s] -- Up-to-date: /home/moses/Moses/Robotics/ROS-Projects/audition-data-collection/ros2-robot-audition-suite/ros2_ws/install/audition_msgs/include/audition_msgs/audition_msgs/msg
[6.332s] -- Up-to-date: /home/moses/Moses/Robotics/ROS-Projects/audition-data-collection/ros2-robot-audition-suite/ros2_ws/install/audition_msgs/include/audition_msgs/audition_msgs/msg/detail
[6.332s] -- Installing: /home/moses/Moses/Robotics/ROS-Projects/audition-data-collection/ros2-robot-audition-suite/ros2_ws/install/audition_msgs/include/audition_msgs/audition_msgs/msg/detail/collection_status__type_support.hpp
[6.332s] -- Installing: /home/moses/Moses/Robotics/ROS-Projects/audition-data-collection/ros2-robot-audition-suite/ros2_ws/install/audition_msgs/include/audition_msgs/audition_msgs/msg/detail/collection_status__builder.hpp
[6.332s] -- Installing: /home/moses/Moses/Robotics/ROS-Projects/audition-data-collection/ros2-robot-audition-suite/ros2_ws/install/audition_msgs/include/audition_msgs/audition_msgs/msg/detail/collection_status__traits.hpp
[6.332s] -- Installing: /home/moses/Moses/Robotics/ROS-Projects/audition-data-collection/ros2-robot-audition-suite/ros2_ws/install/audition_msgs/include/audition_msgs/audition_msgs/msg/detail/collection_status__struct.hpp
[6.332s] -- Installing: /home/moses/Moses/Robotics/ROS-Projects/audition-data-collection/ros2-robot-audition-suite/ros2_ws/install/audition_msgs/include/audition_msgs/audition_msgs/msg/rosidl_generator_cpp__visibility_control.hpp
[6.332s] -- Installing: /home/moses/Moses/Robotics/ROS-Projects/audition-data-collection/ros2-robot-audition-suite/ros2_ws/install/audition_msgs/include/audition_msgs/audition_msgs/msg/collection_status.hpp
[6.332s] -- Up-to-date: /home/moses/Moses/Robotics/ROS-Projects/audition-data-collection/ros2-robot-audition-suite/ros2_ws/install/audition_msgs/include/audition_msgs/audition_msgs/action
[6.332s] -- Up-to-date: /home/moses/Moses/Robotics/ROS-Projects/audition-data-collection/ros2-robot-audition-suite/ros2_ws/install/audition_msgs/include/audition_msgs/audition_msgs/action/detail
[6.332s] -- Installing: /home/moses/Moses/Robotics/ROS-Projects/audition-data-collection/ros2-robot-audition-suite/ros2_ws/install/audition_msgs/include/audition_msgs/audition_msgs/action/detail/collect_at_waypoint__type_support.hpp
[6.332s] -- Installing: /home/moses/Moses/Robotics/ROS-Projects/audition-data-collection/ros2-robot-audition-suite/ros2_ws/install/audition_msgs/include/audition_msgs/audition_msgs/action/detail/collect_at_waypoint__builder.hpp
[6.332s] -- Installing: /home/moses/Moses/Robotics/ROS-Projects/audition-data-collection/ros2-robot-audition-suite/ros2_ws/install/audition_msgs/include/audition_msgs/audition_msgs/action/detail/collect_at_waypoint__struct.hpp
[6.332s] -- Installing: /home/moses/Moses/Robotics/ROS-Projects/audition-data-collection/ros2-robot-audition-suite/ros2_ws/install/audition_msgs/include/audition_msgs/audition_msgs/action/detail/collect_at_waypoint__traits.hpp
[6.333s] -- Installing: /home/moses/Moses/Robotics/ROS-Projects/audition-data-collection/ros2-robot-audition-suite/ros2_ws/install/audition_msgs/include/audition_msgs/audition_msgs/action/collect_at_waypoint.hpp
[6.333s] -- Up-to-date: /home/moses/Moses/Robotics/ROS-Projects/audition-data-collection/ros2-robot-audition-suite/ros2_ws/install/audition_msgs/include/audition_msgs/audition_msgs
[6.333s] -- Up-to-date: /home/moses/Moses/Robotics/ROS-Projects/audition-data-collection/ros2-robot-audition-suite/ros2_ws/install/audition_msgs/include/audition_msgs/audition_msgs/srv
[6.333s] -- Up-to-date: /home/moses/Moses/Robotics/ROS-Projects/audition-data-collection/ros2-robot-audition-suite/ros2_ws/install/audition_msgs/include/audition_msgs/audition_msgs/srv/detail
[6.333s] -- Installing: /home/moses/Moses/Robotics/ROS-Projects/audition-data-collection/ros2-robot-audition-suite/ros2_ws/install/audition_msgs/include/audition_msgs/audition_msgs/srv/detail/proceed_to_next__rosidl_typesupport_fastrtps_cpp.hpp
[6.333s] -- Installing: /home/moses/Moses/Robotics/ROS-Projects/audition-data-collection/ros2-robot-audition-suite/ros2_ws/install/audition_msgs/include/audition_msgs/audition_msgs/srv/detail/dds_fastrtps
[6.333s] -- Installing: /home/moses/Moses/Robotics/ROS-Projects/audition-data-collection/ros2-robot-audition-suite/ros2_ws/install/audition_msgs/include/audition_msgs/audition_msgs/srv/detail/abort_session__rosidl_typesupport_fastrtps_cpp.hpp
[6.333s] -- Up-to-date: /home/moses/Moses/Robotics/ROS-Projects/audition-data-collection/ros2-robot-audition-suite/ros2_ws/install/audition_msgs/include/audition_msgs/audition_msgs/msg
[6.333s] -- Up-to-date: /home/moses/Moses/Robotics/ROS-Projects/audition-data-collection/ros2-robot-audition-suite/ros2_ws/install/audition_msgs/include/audition_msgs/audition_msgs/msg/detail
[6.333s] -- Installing: /home/moses/Moses/Robotics/ROS-Projects/audition-data-collection/ros2-robot-audition-suite/ros2_ws/install/audition_msgs/include/audition_msgs/audition_msgs/msg/detail/collection_status__rosidl_typesupport_fastrtps_cpp.hpp
[6.333s] -- Installing: /home/moses/Moses/Robotics/ROS-Projects/audition-data-collection/ros2-robot-audition-suite/ros2_ws/install/audition_msgs/include/audition_msgs/audition_msgs/msg/detail/dds_fastrtps
[6.333s] -- Installing: /home/moses/Moses/Robotics/ROS-Projects/audition-data-collection/ros2-robot-audition-suite/ros2_ws/install/audition_msgs/include/audition_msgs/audition_msgs/msg/rosidl_typesupport_fastrtps_cpp__visibility_control.h
[6.333s] -- Up-to-date: /home/moses/Moses/Robotics/ROS-Projects/audition-data-collection/ros2-robot-audition-suite/ros2_ws/install/audition_msgs/include/audition_msgs/audition_msgs/action
[6.333s] -- Up-to-date: /home/moses/Moses/Robotics/ROS-Projects/audition-data-collection/ros2-robot-audition-suite/ros2_ws/install/audition_msgs/include/audition_msgs/audition_msgs/action/detail
[6.334s] -- Installing: /home/moses/Moses/Robotics/ROS-Projects/audition-data-collection/ros2-robot-audition-suite/ros2_ws/install/audition_msgs/include/audition_msgs/audition_msgs/action/detail/collect_at_waypoint__rosidl_typesupport_fastrtps_cpp.hpp
[6.334s] -- Installing: /home/moses/Moses/Robotics/ROS-Projects/audition-data-collection/ros2-robot-audition-suite/ros2_ws/install/audition_msgs/include/audition_msgs/audition_msgs/action/detail/dds_fastrtps
[6.334s] -- Installing: /home/moses/Moses/Robotics/ROS-Projects/audition-data-collection/ros2-robot-audition-suite/ros2_ws/install/audition_msgs/lib/libaudition_msgs__rosidl_typesupport_fastrtps_cpp.so
[6.334s] -- Set runtime path of "/home/moses/Moses/Robotics/ROS-Projects/audition-data-collection/ros2-robot-audition-suite/ros2_ws/install/audition_msgs/lib/libaudition_msgs__rosidl_typesupport_fastrtps_cpp.so" to ""
[6.334s] -- Up-to-date: /home/moses/Moses/Robotics/ROS-Projects/audition-data-collection/ros2-robot-audition-suite/ros2_ws/install/audition_msgs/include/audition_msgs/audition_msgs
[6.334s] -- Up-to-date: /home/moses/Moses/Robotics/ROS-Projects/audition-data-collection/ros2-robot-audition-suite/ros2_ws/install/audition_msgs/include/audition_msgs/audition_msgs/srv
[6.334s] -- Up-to-date: /home/moses/Moses/Robotics/ROS-Projects/audition-data-collection/ros2-robot-audition-suite/ros2_ws/install/audition_msgs/include/audition_msgs/audition_msgs/srv/detail
[6.334s] -- Installing: /home/moses/Moses/Robotics/ROS-Projects/audition-data-collection/ros2-robot-audition-suite/ros2_ws/install/audition_msgs/include/audition_msgs/audition_msgs/srv/detail/proceed_to_next__rosidl_typesupport_introspection_cpp.hpp
[6.334s] -- Installing: /home/moses/Moses/Robotics/ROS-Projects/audition-data-collection/ros2-robot-audition-suite/ros2_ws/install/audition_msgs/include/audition_msgs/audition_msgs/srv/detail/abort_session__type_support.cpp
[6.334s] -- Installing: /home/moses/Moses/Robotics/ROS-Projects/audition-data-collection/ros2-robot-audition-suite/ros2_ws/install/audition_msgs/include/audition_msgs/audition_msgs/srv/detail/proceed_to_next__type_support.cpp
[6.334s] -- Installing: /home/moses/Moses/Robotics/ROS-Projects/audition-data-collection/ros2-robot-audition-suite/ros2_ws/install/audition_msgs/include/audition_msgs/audition_msgs/srv/detail/abort_session__rosidl_typesupport_introspection_cpp.hpp
[6.335s] -- Up-to-date: /home/moses/Moses/Robotics/ROS-Projects/audition-data-collection/ros2-robot-audition-suite/ros2_ws/install/audition_msgs/include/audition_msgs/audition_msgs/msg
[6.335s] -- Up-to-date: /home/moses/Moses/Robotics/ROS-Projects/audition-data-collection/ros2-robot-audition-suite/ros2_ws/install/audition_msgs/include/audition_msgs/audition_msgs/msg/detail
[6.335s] -- Installing: /home/moses/Moses/Robotics/ROS-Projects/audition-data-collection/ros2-robot-audition-suite/ros2_ws/install/audition_msgs/include/audition_msgs/audition_msgs/msg/detail/collection_status__type_support.cpp
[6.335s] -- Installing: /home/moses/Moses/Robotics/ROS-Projects/audition-data-collection/ros2-robot-audition-suite/ros2_ws/install/audition_msgs/include/audition_msgs/audition_msgs/msg/detail/collection_status__rosidl_typesupport_introspection_cpp.hpp
[6.335s] -- Up-to-date: /home/moses/Moses/Robotics/ROS-Projects/audition-data-collection/ros2-robot-audition-suite/ros2_ws/install/audition_msgs/include/audition_msgs/audition_msgs/action
[6.335s] -- Up-to-date: /home/moses/Moses/Robotics/ROS-Projects/audition-data-collection/ros2-robot-audition-suite/ros2_ws/install/audition_msgs/include/audition_msgs/audition_msgs/action/detail
[6.335s] -- Installing: /home/moses/Moses/Robotics/ROS-Projects/audition-data-collection/ros2-robot-audition-suite/ros2_ws/install/audition_msgs/include/audition_msgs/audition_msgs/action/detail/collect_at_waypoint__type_support.cpp
[6.335s] -- Installing: /home/moses/Moses/Robotics/ROS-Projects/audition-data-collection/ros2-robot-audition-suite/ros2_ws/install/audition_msgs/include/audition_msgs/audition_msgs/action/detail/collect_at_waypoint__rosidl_typesupport_introspection_cpp.hpp
[6.335s] -- Installing: /home/moses/Moses/Robotics/ROS-Projects/audition-data-collection/ros2-robot-audition-suite/ros2_ws/install/audition_msgs/lib/libaudition_msgs__rosidl_typesupport_introspection_cpp.so
[6.335s] -- Set runtime path of "/home/moses/Moses/Robotics/ROS-Projects/audition-data-collection/ros2-robot-audition-suite/ros2_ws/install/audition_msgs/lib/libaudition_msgs__rosidl_typesupport_introspection_cpp.so" to ""
[6.335s] -- Installing: /home/moses/Moses/Robotics/ROS-Projects/audition-data-collection/ros2-robot-audition-suite/ros2_ws/install/audition_msgs/lib/libaudition_msgs__rosidl_typesupport_cpp.so
[6.335s] -- Set runtime path of "/home/moses/Moses/Robotics/ROS-Projects/audition-data-collection/ros2-robot-audition-suite/ros2_ws/install/audition_msgs/lib/libaudition_msgs__rosidl_typesupport_cpp.so" to ""
[6.335s] -- Installing: /home/moses/Moses/Robotics/ROS-Projects/audition-data-collection/ros2-robot-audition-suite/ros2_ws/install/audition_msgs/share/audition_msgs/environment/pythonpath.sh
[6.335s] -- Installing: /home/moses/Moses/Robotics/ROS-Projects/audition-data-collection/ros2-robot-audition-suite/ros2_ws/install/audition_msgs/share/audition_msgs/environment/pythonpath.dsv
[6.335s] -- Installing: /home/moses/Moses/Robotics/ROS-Projects/audition-data-collection/ros2-robot-audition-suite/ros2_ws/install/audition_msgs/lib/python3.12/site-packages/audition_msgs-0.0.1-py3.12.egg-info
[6.337s] -- Installing: /home/moses/Moses/Robotics/ROS-Projects/audition-data-collection/ros2-robot-audition-suite/ros2_ws/install/audition_msgs/lib/python3.12/site-packages/audition_msgs-0.0.1-py3.12.egg-info/dependency_links.txt
[6.337s] -- Installing: /home/moses/Moses/Robotics/ROS-Projects/audition-data-collection/ros2-robot-audition-suite/ros2_ws/install/audition_msgs/lib/python3.12/site-packages/audition_msgs-0.0.1-py3.12.egg-info/SOURCES.txt
[6.337s] -- Installing: /home/moses/Moses/Robotics/ROS-Projects/audition-data-collection/ros2-robot-audition-suite/ros2_ws/install/audition_msgs/lib/python3.12/site-packages/audition_msgs-0.0.1-py3.12.egg-info/PKG-INFO
[6.337s] -- Installing: /home/moses/Moses/Robotics/ROS-Projects/audition-data-collection/ros2-robot-audition-suite/ros2_ws/install/audition_msgs/lib/python3.12/site-packages/audition_msgs-0.0.1-py3.12.egg-info/top_level.txt
[6.337s] -- Installing: /home/moses/Moses/Robotics/ROS-Projects/audition-data-collection/ros2-robot-audition-suite/ros2_ws/install/audition_msgs/lib/python3.12/site-packages/audition_msgs
[6.337s] -- Installing: /home/moses/Moses/Robotics/ROS-Projects/audition-data-collection/ros2-robot-audition-suite/ros2_ws/install/audition_msgs/lib/python3.12/site-packages/audition_msgs/libaudition_msgs__rosidl_generator_py.so
[6.337s] -- Installing: /home/moses/Moses/Robotics/ROS-Projects/audition-data-collection/ros2-robot-audition-suite/ros2_ws/install/audition_msgs/lib/python3.12/site-packages/audition_msgs/audition_msgs_s__rosidl_typesupport_c.cpython-312-x86_64-linux-gnu.so
[6.337s] -- Installing: /home/moses/Moses/Robotics/ROS-Projects/audition-data-collection/ros2-robot-audition-suite/ros2_ws/install/audition_msgs/lib/python3.12/site-packages/audition_msgs/_audition_msgs_s.ep.rosidl_typesupport_introspection_c.c
[6.338s] -- Installing: /home/moses/Moses/Robotics/ROS-Projects/audition-data-collection/ros2-robot-audition-suite/ros2_ws/install/audition_msgs/lib/python3.12/site-packages/audition_msgs/audition_msgs_s__rosidl_typesupport_introspection_c.cpython-312-x86_64-linux-gnu.so
[6.338s] -- Installing: /home/moses/Moses/Robotics/ROS-Projects/audition-data-collection/ros2-robot-audition-suite/ros2_ws/install/audition_msgs/lib/python3.12/site-packages/audition_msgs/_audition_msgs_s.ep.rosidl_typesupport_fastrtps_c.c
[6.338s] -- Installing: /home/moses/Moses/Robotics/ROS-Projects/audition-data-collection/ros2-robot-audition-suite/ros2_ws/install/audition_msgs/lib/python3.12/site-packages/audition_msgs/srv
[6.338s] -- Installing: /home/moses/Moses/Robotics/ROS-Projects/audition-data-collection/ros2-robot-audition-suite/ros2_ws/install/audition_msgs/lib/python3.12/site-packages/audition_msgs/srv/_abort_session.py
[6.342s] -- Installing: /home/moses/Moses/Robotics/ROS-Projects/audition-data-collection/ros2-robot-audition-suite/ros2_ws/install/audition_msgs/lib/python3.12/site-packages/audition_msgs/srv/_abort_session_s.c
[6.342s] -- Installing: /home/moses/Moses/Robotics/ROS-Projects/audition-data-collection/ros2-robot-audition-suite/ros2_ws/install/audition_msgs/lib/python3.12/site-packages/audition_msgs/srv/__init__.py
[6.342s] -- Installing: /home/moses/Moses/Robotics/ROS-Projects/audition-data-collection/ros2-robot-audition-suite/ros2_ws/install/audition_msgs/lib/python3.12/site-packages/audition_msgs/srv/_proceed_to_next_s.c
[6.342s] -- Installing: /home/moses/Moses/Robotics/ROS-Projects/audition-data-collection/ros2-robot-audition-suite/ros2_ws/install/audition_msgs/lib/python3.12/site-packages/audition_msgs/srv/_proceed_to_next.py
[6.342s] -- Installing: /home/moses/Moses/Robotics/ROS-Projects/audition-data-collection/ros2-robot-audition-suite/ros2_ws/install/audition_msgs/lib/python3.12/site-packages/audition_msgs/audition_msgs_s__rosidl_typesupport_fastrtps_c.cpython-312-x86_64-linux-gnu.so
[6.342s] -- Installing: /home/moses/Moses/Robotics/ROS-Projects/audition-data-collection/ros2-robot-audition-suite/ros2_ws/install/audition_msgs/lib/python3.12/site-packages/audition_msgs/msg
[6.342s] -- Installing: /home/moses/Moses/Robotics/ROS-Projects/audition-data-collection/ros2-robot-audition-suite/ros2_ws/install/audition_msgs/lib/python3.12/site-packages/audition_msgs/msg/_collection_status.py
[6.342s] -- Installing: /home/moses/Moses/Robotics/ROS-Projects/audition-data-collection/ros2-robot-audition-suite/ros2_ws/install/audition_msgs/lib/python3.12/site-packages/audition_msgs/msg/__init__.py
[6.342s] -- Installing: /home/moses/Moses/Robotics/ROS-Projects/audition-data-collection/ros2-robot-audition-suite/ros2_ws/install/audition_msgs/lib/python3.12/site-packages/audition_msgs/msg/_collection_status_s.c
[6.342s] -- Installing: /home/moses/Moses/Robotics/ROS-Projects/audition-data-collection/ros2-robot-audition-suite/ros2_ws/install/audition_msgs/lib/python3.12/site-packages/audition_msgs/action
[6.342s] -- Installing: /home/moses/Moses/Robotics/ROS-Projects/audition-data-collection/ros2-robot-audition-suite/ros2_ws/install/audition_msgs/lib/python3.12/site-packages/audition_msgs/action/_collect_at_waypoint_s.c
[6.342s] -- Installing: /home/moses/Moses/Robotics/ROS-Projects/audition-data-collection/ros2-robot-audition-suite/ros2_ws/install/audition_msgs/lib/python3.12/site-packages/audition_msgs/action/_collect_at_waypoint.py
[6.342s] -- Installing: /home/moses/Moses/Robotics/ROS-Projects/audition-data-collection/ros2-robot-audition-suite/ros2_ws/install/audition_msgs/lib/python3.12/site-packages/audition_msgs/action/__init__.py
[6.342s] -- Installing: /home/moses/Moses/Robotics/ROS-Projects/audition-data-collection/ros2-robot-audition-suite/ros2_ws/install/audition_msgs/lib/python3.12/site-packages/audition_msgs/__init__.py
[6.342s] -- Installing: /home/moses/Moses/Robotics/ROS-Projects/audition-data-collection/ros2-robot-audition-suite/ros2_ws/install/audition_msgs/lib/python3.12/site-packages/audition_msgs/_audition_msgs_s.ep.rosidl_typesupport_c.c
[6.381s] Listing '/home/moses/Moses/Robotics/ROS-Projects/audition-data-collection/ros2-robot-audition-suite/ros2_ws/install/audition_msgs/lib/python3.12/site-packages/audition_msgs'...
[6.381s] Compiling '/home/moses/Moses/Robotics/ROS-Projects/audition-data-collection/ros2-robot-audition-suite/ros2_ws/install/audition_msgs/lib/python3.12/site-packages/audition_msgs/__init__.py'...
[6.381s] Listing '/home/moses/Moses/Robotics/ROS-Projects/audition-data-collection/ros2-robot-audition-suite/ros2_ws/install/audition_msgs/lib/python3.12/site-packages/audition_msgs/action'...
[6.381s] Compiling '/home/moses/Moses/Robotics/ROS-Projects/audition-data-collection/ros2-robot-audition-suite/ros2_ws/install/audition_msgs/lib/python3.12/site-packages/audition_msgs/action/__init__.py'...
[6.381s] Compiling '/home/moses/Moses/Robotics/ROS-Projects/audition-data-collection/ros2-robot-audition-suite/ros2_ws/install/audition_msgs/lib/python3.12/site-packages/audition_msgs/action/_collect_at_waypoint.py'...
[6.381s] Listing '/home/moses/Moses/Robotics/ROS-Projects/audition-data-collection/ros2-robot-audition-suite/ros2_ws/install/audition_msgs/lib/python3.12/site-packages/audition_msgs/msg'...
[6.381s] Compiling '/home/moses/Moses/Robotics/ROS-Projects/audition-data-collection/ros2-robot-audition-suite/ros2_ws/install/audition_msgs/lib/python3.12/site-packages/audition_msgs/msg/__init__.py'...
[6.381s] Compiling '/home/moses/Moses/Robotics/ROS-Projects/audition-data-collection/ros2-robot-audition-suite/ros2_ws/install/audition_msgs/lib/python3.12/site-packages/audition_msgs/msg/_collection_status.py'...
[6.381s] Listing '/home/moses/Moses/Robotics/ROS-Projects/audition-data-collection/ros2-robot-audition-suite/ros2_ws/install/audition_msgs/lib/python3.12/site-packages/audition_msgs/srv'...
[6.381s] Compiling '/home/moses/Moses/Robotics/ROS-Projects/audition-data-collection/ros2-robot-audition-suite/ros2_ws/install/audition_msgs/lib/python3.12/site-packages/audition_msgs/srv/__init__.py'...
[6.381s] Compiling '/home/moses/Moses/Robotics/ROS-Projects/audition-data-collection/ros2-robot-audition-suite/ros2_ws/install/audition_msgs/lib/python3.12/site-packages/audition_msgs/srv/_abort_session.py'...
[6.381s] Compiling '/home/moses/Moses/Robotics/ROS-Projects/audition-data-collection/ros2-robot-audition-suite/ros2_ws/install/audition_msgs/lib/python3.12/site-packages/audition_msgs/srv/_proceed_to_next.py'...
[6.386s] -- Installing: /home/moses/Moses/Robotics/ROS-Projects/audition-data-collection/ros2-robot-audition-suite/ros2_ws/install/audition_msgs/lib/python3.12/site-packages/audition_msgs/audition_msgs_s__rosidl_typesupport_fastrtps_c.cpython-312-x86_64-linux-gnu.so
[6.386s] -- Set runtime path of "/home/moses/Moses/Robotics/ROS-Projects/audition-data-collection/ros2-robot-audition-suite/ros2_ws/install/audition_msgs/lib/python3.12/site-packages/audition_msgs/audition_msgs_s__rosidl_typesupport_fastrtps_c.cpython-312-x86_64-linux-gnu.so" to ""
[6.387s] -- Installing: /home/moses/Moses/Robotics/ROS-Projects/audition-data-collection/ros2-robot-audition-suite/ros2_ws/install/audition_msgs/lib/python3.12/site-packages/audition_msgs/audition_msgs_s__rosidl_typesupport_introspection_c.cpython-312-x86_64-linux-gnu.so
[6.387s] -- Set runtime path of "/home/moses/Moses/Robotics/ROS-Projects/audition-data-collection/ros2-robot-audition-suite/ros2_ws/install/audition_msgs/lib/python3.12/site-packages/audition_msgs/audition_msgs_s__rosidl_typesupport_introspection_c.cpython-312-x86_64-linux-gnu.so" to ""
[6.387s] -- Installing: /home/moses/Moses/Robotics/ROS-Projects/audition-data-collection/ros2-robot-audition-suite/ros2_ws/install/audition_msgs/lib/python3.12/site-packages/audition_msgs/audition_msgs_s__rosidl_typesupport_c.cpython-312-x86_64-linux-gnu.so
[6.387s] -- Set runtime path of "/home/moses/Moses/Robotics/ROS-Projects/audition-data-collection/ros2-robot-audition-suite/ros2_ws/install/audition_msgs/lib/python3.12/site-packages/audition_msgs/audition_msgs_s__rosidl_typesupport_c.cpython-312-x86_64-linux-gnu.so" to ""
[6.387s] -- Installing: /home/moses/Moses/Robotics/ROS-Projects/audition-data-collection/ros2-robot-audition-suite/ros2_ws/install/audition_msgs/lib/libaudition_msgs__rosidl_generator_py.so
[6.388s] -- Set runtime path of "/home/moses/Moses/Robotics/ROS-Projects/audition-data-collection/ros2-robot-audition-suite/ros2_ws/install/audition_msgs/lib/libaudition_msgs__rosidl_generator_py.so" to ""
[6.388s] -- Installing: /home/moses/Moses/Robotics/ROS-Projects/audition-data-collection/ros2-robot-audition-suite/ros2_ws/install/audition_msgs/share/audition_msgs/msg/CollectionStatus.idl
[6.388s] -- Installing: /home/moses/Moses/Robotics/ROS-Projects/audition-data-collection/ros2-robot-audition-suite/ros2_ws/install/audition_msgs/share/audition_msgs/srv/ProceedToNext.idl
[6.388s] -- Installing: /home/moses/Moses/Robotics/ROS-Projects/audition-data-collection/ros2-robot-audition-suite/ros2_ws/install/audition_msgs/share/audition_msgs/srv/AbortSession.idl
[6.388s] -- Installing: /home/moses/Moses/Robotics/ROS-Projects/audition-data-collection/ros2-robot-audition-suite/ros2_ws/install/audition_msgs/share/audition_msgs/action/CollectAtWaypoint.idl
[6.388s] -- Installing: /home/moses/Moses/Robotics/ROS-Projects/audition-data-collection/ros2-robot-audition-suite/ros2_ws/install/audition_msgs/share/audition_msgs/msg/CollectionStatus.msg
[6.388s] -- Installing: /home/moses/Moses/Robotics/ROS-Projects/audition-data-collection/ros2-robot-audition-suite/ros2_ws/install/audition_msgs/share/audition_msgs/srv/ProceedToNext.srv
[6.388s] -- Installing: /home/moses/Moses/Robotics/ROS-Projects/audition-data-collection/ros2-robot-audition-suite/ros2_ws/install/audition_msgs/share/audition_msgs/srv/ProceedToNext_Request.msg
[6.388s] -- Installing: /home/moses/Moses/Robotics/ROS-Projects/audition-data-collection/ros2-robot-audition-suite/ros2_ws/install/audition_msgs/share/audition_msgs/srv/ProceedToNext_Response.msg
[6.388s] -- Installing: /home/moses/Moses/Robotics/ROS-Projects/audition-data-collection/ros2-robot-audition-suite/ros2_ws/install/audition_msgs/share/audition_msgs/srv/AbortSession.srv
[6.388s] -- Installing: /home/moses/Moses/Robotics/ROS-Projects/audition-data-collection/ros2-robot-audition-suite/ros2_ws/install/audition_msgs/share/audition_msgs/srv/AbortSession_Request.msg
[6.388s] -- Installing: /home/moses/Moses/Robotics/ROS-Projects/audition-data-collection/ros2-robot-audition-suite/ros2_ws/install/audition_msgs/share/audition_msgs/srv/AbortSession_Response.msg
[6.388s] -- Installing: /home/moses/Moses/Robotics/ROS-Projects/audition-data-collection/ros2-robot-audition-suite/ros2_ws/install/audition_msgs/share/audition_msgs/action/CollectAtWaypoint.action
[6.388s] -- Installing: /home/moses/Moses/Robotics/ROS-Projects/audition-data-collection/ros2-robot-audition-suite/ros2_ws/install/audition_msgs/share/ament_index/resource_index/package_run_dependencies/audition_msgs
[6.389s] -- Installing: /home/moses/Moses/Robotics/ROS-Projects/audition-data-collection/ros2-robot-audition-suite/ros2_ws/install/audition_msgs/share/ament_index/resource_index/parent_prefix_path/audition_msgs
[6.389s] -- Installing: /home/moses/Moses/Robotics/ROS-Projects/audition-data-collection/ros2-robot-audition-suite/ros2_ws/install/audition_msgs/share/audition_msgs/environment/ament_prefix_path.sh
[6.389s] -- Installing: /home/moses/Moses/Robotics/ROS-Projects/audition-data-collection/ros2-robot-audition-suite/ros2_ws/install/audition_msgs/share/audition_msgs/environment/ament_prefix_path.dsv
[6.389s] -- Installing: /home/moses/Moses/Robotics/ROS-Projects/audition-data-collection/ros2-robot-audition-suite/ros2_ws/install/audition_msgs/share/audition_msgs/environment/path.sh
[6.389s] -- Installing: /home/moses/Moses/Robotics/ROS-Projects/audition-data-collection/ros2-robot-audition-suite/ros2_ws/install/audition_msgs/share/audition_msgs/environment/path.dsv
[6.389s] -- Installing: /home/moses/Moses/Robotics/ROS-Projects/audition-data-collection/ros2-robot-audition-suite/ros2_ws/install/audition_msgs/share/audition_msgs/local_setup.bash
[6.389s] -- Installing: /home/moses/Moses/Robotics/ROS-Projects/audition-data-collection/ros2-robot-audition-suite/ros2_ws/install/audition_msgs/share/audition_msgs/local_setup.sh
[6.389s] -- Installing: /home/moses/Moses/Robotics/ROS-Projects/audition-data-collection/ros2-robot-audition-suite/ros2_ws/install/audition_msgs/share/audition_msgs/local_setup.zsh
[6.389s] -- Installing: /home/moses/Moses/Robotics/ROS-Projects/audition-data-collection/ros2-robot-audition-suite/ros2_ws/install/audition_msgs/share/audition_msgs/local_setup.dsv
[6.389s] -- Installing: /home/moses/Moses/Robotics/ROS-Projects/audition-data-collection/ros2-robot-audition-suite/ros2_ws/install/audition_msgs/share/audition_msgs/package.dsv
[6.389s] -- Installing: /home/moses/Moses/Robotics/ROS-Projects/audition-data-collection/ros2-robot-audition-suite/ros2_ws/install/audition_msgs/share/ament_index/resource_index/packages/audition_msgs
[6.389s] -- Installing: /home/moses/Moses/Robotics/ROS-Projects/audition-data-collection/ros2-robot-audition-suite/ros2_ws/install/audition_msgs/share/audition_msgs/cmake/export_audition_msgs__rosidl_generator_cExport.cmake
[6.389s] -- Installing: /home/moses/Moses/Robotics/ROS-Projects/audition-data-collection/ros2-robot-audition-suite/ros2_ws/install/audition_msgs/share/audition_msgs/cmake/export_audition_msgs__rosidl_generator_cExport-noconfig.cmake
[6.389s] -- Installing: /home/moses/Moses/Robotics/ROS-Projects/audition-data-collection/ros2-robot-audition-suite/ros2_ws/install/audition_msgs/share/audition_msgs/cmake/export_audition_msgs__rosidl_typesupport_fastrtps_cExport.cmake
[6.389s] -- Installing: /home/moses/Moses/Robotics/ROS-Projects/audition-data-collection/ros2-robot-audition-suite/ros2_ws/install/audition_msgs/share/audition_msgs/cmake/export_audition_msgs__rosidl_typesupport_fastrtps_cExport-noconfig.cmake
[6.390s] -- Installing: /home/moses/Moses/Robotics/ROS-Projects/audition-data-collection/ros2-robot-audition-suite/ros2_ws/install/audition_msgs/share/audition_msgs/cmake/audition_msgs__rosidl_typesupport_introspection_cExport.cmake
[6.390s] -- Installing: /home/moses/Moses/Robotics/ROS-Projects/audition-data-collection/ros2-robot-audition-suite/ros2_ws/install/audition_msgs/share/audition_msgs/cmake/audition_msgs__rosidl_typesupport_introspection_cExport-noconfig.cmake
[6.390s] -- Installing: /home/moses/Moses/Robotics/ROS-Projects/audition-data-collection/ros2-robot-audition-suite/ros2_ws/install/audition_msgs/share/audition_msgs/cmake/audition_msgs__rosidl_typesupport_cExport.cmake
[6.390s] -- Installing: /home/moses/Moses/Robotics/ROS-Projects/audition-data-collection/ros2-robot-audition-suite/ros2_ws/install/audition_msgs/share/audition_msgs/cmake/audition_msgs__rosidl_typesupport_cExport-noconfig.cmake
[6.390s] -- Installing: /home/moses/Moses/Robotics/ROS-Projects/audition-data-collection/ros2-robot-audition-suite/ros2_ws/install/audition_msgs/share/audition_msgs/cmake/export_audition_msgs__rosidl_generator_cppExport.cmake
[6.390s] -- Installing: /home/moses/Moses/Robotics/ROS-Projects/audition-data-collection/ros2-robot-audition-suite/ros2_ws/install/audition_msgs/share/audition_msgs/cmake/export_audition_msgs__rosidl_typesupport_fastrtps_cppExport.cmake
[6.390s] -- Installing: /home/moses/Moses/Robotics/ROS-Projects/audition-data-collection/ros2-robot-audition-suite/ros2_ws/install/audition_msgs/share/audition_msgs/cmake/export_audition_msgs__rosidl_typesupport_fastrtps_cppExport-noconfig.cmake
[6.390s] -- Installing: /home/moses/Moses/Robotics/ROS-Projects/audition-data-collection/ros2-robot-audition-suite/ros2_ws/install/audition_msgs/share/audition_msgs/cmake/audition_msgs__rosidl_typesupport_introspection_cppExport.cmake
[6.390s] -- Installing: /home/moses/Moses/Robotics/ROS-Projects/audition-data-collection/ros2-robot-audition-suite/ros2_ws/install/audition_msgs/share/audition_msgs/cmake/audition_msgs__rosidl_typesupport_introspection_cppExport-noconfig.cmake
[6.390s] -- Installing: /home/moses/Moses/Robotics/ROS-Projects/audition-data-collection/ros2-robot-audition-suite/ros2_ws/install/audition_msgs/share/audition_msgs/cmake/audition_msgs__rosidl_typesupport_cppExport.cmake
[6.390s] -- Installing: /home/moses/Moses/Robotics/ROS-Projects/audition-data-collection/ros2-robot-audition-suite/ros2_ws/install/audition_msgs/share/audition_msgs/cmake/audition_msgs__rosidl_typesupport_cppExport-noconfig.cmake
[6.390s] -- Installing: /home/moses/Moses/Robotics/ROS-Projects/audition-data-collection/ros2-robot-audition-suite/ros2_ws/install/audition_msgs/share/audition_msgs/cmake/export_audition_msgs__rosidl_generator_pyExport.cmake
[6.390s] -- Installing: /home/moses/Moses/Robotics/ROS-Projects/audition-data-collection/ros2-robot-audition-suite/ros2_ws/install/audition_msgs/share/audition_msgs/cmake/export_audition_msgs__rosidl_generator_pyExport-noconfig.cmake
[6.390s] -- Installing: /home/moses/Moses/Robotics/ROS-Projects/audition-data-collection/ros2-robot-audition-suite/ros2_ws/install/audition_msgs/share/audition_msgs/cmake/rosidl_cmake-extras.cmake
[6.391s] -- Installing: /home/moses/Moses/Robotics/ROS-Projects/audition-data-collection/ros2-robot-audition-suite/ros2_ws/install/audition_msgs/share/audition_msgs/cmake/ament_cmake_export_dependencies-extras.cmake
[6.391s] -- Installing: /home/moses/Moses/Robotics/ROS-Projects/audition-data-collection/ros2-robot-audition-suite/ros2_ws/install/audition_msgs/share/audition_msgs/cmake/ament_cmake_export_include_directories-extras.cmake
[6.391s] -- Installing: /home/moses/Moses/Robotics/ROS-Projects/audition-data-collection/ros2-robot-audition-suite/ros2_ws/install/audition_msgs/share/audition_msgs/cmake/ament_cmake_export_libraries-extras.cmake
[6.391s] -- Installing: /home/moses/Moses/Robotics/ROS-Projects/audition-data-collection/ros2-robot-audition-suite/ros2_ws/install/audition_msgs/share/audition_msgs/cmake/ament_cmake_export_targets-extras.cmake
[6.391s] -- Installing: /home/moses/Moses/Robotics/ROS-Projects/audition-data-collection/ros2-robot-audition-suite/ros2_ws/install/audition_msgs/share/audition_msgs/cmake/rosidl_cmake_export_typesupport_targets-extras.cmake
[6.391s] -- Installing: /home/moses/Moses/Robotics/ROS-Projects/audition-data-collection/ros2-robot-audition-suite/ros2_ws/install/audition_msgs/share/audition_msgs/cmake/rosidl_cmake_export_typesupport_libraries-extras.cmake
[6.391s] -- Installing: /home/moses/Moses/Robotics/ROS-Projects/audition-data-collection/ros2-robot-audition-suite/ros2_ws/install/audition_msgs/share/audition_msgs/cmake/audition_msgsConfig.cmake
[6.391s] -- Installing: /home/moses/Moses/Robotics/ROS-Projects/audition-data-collection/ros2-robot-audition-suite/ros2_ws/install/audition_msgs/share/audition_msgs/cmake/audition_msgsConfig-version.cmake
[6.391s] -- Installing: /home/moses/Moses/Robotics/ROS-Projects/audition-data-collection/ros2-robot-audition-suite/ros2_ws/install/audition_msgs/share/audition_msgs/package.xml
[6.394s] Invoked command in '/home/moses/Moses/Robotics/ROS-Projects/audition-data-collection/ros2-robot-audition-suite/ros2_ws/build/audition_msgs' returned '0': CMAKE_PREFIX_PATH=/opt/ros/humble CONDA_PROMPT_MODIFIER=(base) /usr/bin/cmake --install /home/moses/Moses/Robotics/ROS-Projects/audition-data-collection/ros2-robot-audition-suite/ros2_ws/build/audition_msgs
