[0.008s] Invoking command in '/home/moses/Moses/Robotics/ROS-Projects/audition-data-collection/ros2-robot-audition-suite/ros2_ws/build/audition_data_collector': CMAKE_PREFIX_PATH=/opt/ros/humble CONDA_PROMPT_MODIFIER=(base) /usr/bin/cmake --build /home/moses/Moses/Robotics/ROS-Projects/audition-data-collection/ros2-robot-audition-suite/ros2_ws/build/audition_data_collector -- -j20 -l20
[0.029s] -- Found ament_cmake: 1.3.11 (/opt/ros/humble/share/ament_cmake/cmake)
[0.133s] -- Found rclcpp: 16.0.15 (/opt/ros/humble/share/rclcpp/cmake)
[0.151s] -- Found rosidl_generator_c: 3.1.7 (/opt/ros/humble/share/rosidl_generator_c/cmake)
[0.152s] -- Found rosidl_adapter: 3.1.7 (/opt/ros/humble/share/rosidl_adapter/cmake)
[0.155s] -- Found rosidl_generator_cpp: 3.1.7 (/opt/ros/humble/share/rosidl_generator_cpp/cmake)
[0.160s] -- Using all available rosidl_typesupport_c: rosidl_typesupport_fastrtps_c;rosidl_typesupport_introspection_c
[0.167s] -- Using all available rosidl_typesupport_cpp: rosidl_typesupport_fastrtps_cpp;rosidl_typesupport_introspection_cpp
[0.185s] -- Found rmw_implementation_cmake: 6.1.2 (/opt/ros/humble/share/rmw_implementation_cmake/cmake)
[0.185s] -- Found rmw_fastrtps_cpp: 6.2.8 (/opt/ros/humble/share/rmw_fastrtps_cpp/cmake)
[0.265s] -- Using RMW implementation 'rmw_fastrtps_cpp' as default
[0.293s] -- Found sensor_msgs: 4.9.0 (/opt/ros/humble/share/sensor_msgs/cmake)
[0.309s] -- Found cv_bridge: 3.2.1 (/opt/ros/humble/share/cv_bridge/cmake)
[0.312s] -- Found image_transport: 3.1.12 (/opt/ros/humble/share/image_transport/cmake)
[0.388s] -- Configuring done
[0.399s] -- Generating done
[0.404s] -- Build files have been written to: /home/moses/Moses/Robotics/ROS-Projects/audition-data-collection/ros2-robot-audition-suite/ros2_ws/build/audition_data_collector
[0.430s] [35m[1mConsolidate compiler generated dependencies of target recorder_node[0m
[0.430s] [35m[1mConsolidate compiler generated dependencies of target marker_navigator_node[0m
[0.442s] [ 50%] [32m[1mLinking CXX executable recorder_node[0m
[0.442s] [ 50%] [32mBuilding CXX object CMakeFiles/marker_navigator_node.dir/src/marker_navigator_node.cpp.o[0m
[0.505s] /usr/bin/ld: /lib/x86_64-linux-gnu/Scrt1.o: in function `_start':
[0.505s] (.text+0x1b): undefined reference to `main'
[0.508s] clang++-18: [0;1;31merror: [0m[1mlinker command failed with exit code 1 (use -v to see invocation)[0m
[0.511s] gmake[2]: *** [CMakeFiles/recorder_node.dir/build.make:159: recorder_node] Error 1
[0.511s] gmake[1]: *** [CMakeFiles/Makefile2:165: CMakeFiles/recorder_node.dir/all] Error 2
[0.511s] gmake[1]: *** Waiting for unfinished jobs....
[2.417s] [ 75%] [32m[1mLinking CXX executable marker_navigator_node[0m
[2.485s] /usr/bin/ld: warning: libopencv_imgcodecs.so.4.5d, needed by /opt/ros/humble/lib/libcv_bridge.so, may conflict with libopencv_imgcodecs.so.412
[2.485s] /usr/bin/ld: warning: libopencv_imgproc.so.4.5d, needed by /opt/ros/humble/lib/libcv_bridge.so, may conflict with libopencv_imgproc.so.412
[2.486s] /usr/bin/ld: warning: libopencv_core.so.4.5d, needed by /opt/ros/humble/lib/libcv_bridge.so, may conflict with libopencv_core.so.412
[2.691s] /usr/bin/ld: /lib/libgdal.so.30: undefined reference to `curl_easy_getinfo@CURL_OPENSSL_4'
[2.692s] /usr/bin/ld: /lib/libgdal.so.30: undefined reference to `curl_multi_perform@CURL_OPENSSL_4'
[2.693s] /usr/bin/ld: /lib/libgdal.so.30: undefined reference to `curl_multi_cleanup@CURL_OPENSSL_4'
[2.693s] /usr/bin/ld: /lib/x86_64-linux-gnu/libnetcdf.so.19: undefined reference to `curl_global_init@CURL_OPENSSL_4'
[2.694s] /usr/bin/ld: /lib/libgdal.so.30: undefined reference to `curl_mime_init@CURL_OPENSSL_4'
[2.696s] /usr/bin/ld: /lib/libgdal.so.30: undefined reference to `curl_multi_remove_handle@CURL_OPENSSL_4'
[2.697s] /usr/bin/ld: /lib/libgdal.so.30: undefined reference to `curl_mime_addpart@CURL_OPENSSL_4'
[2.697s] /usr/bin/ld: /lib/libgdal.so.30: undefined reference to `curl_version_info@CURL_OPENSSL_4'
[2.698s] /usr/bin/ld: /lib/libgdal.so.30: undefined reference to `curl_mime_name@CURL_OPENSSL_4'
[2.699s] /usr/bin/ld: /lib/libgdal.so.30: undefined reference to `curl_mime_filename@CURL_OPENSSL_4'
[2.700s] /usr/bin/ld: /lib/libgdal.so.30: undefined reference to `curl_multi_info_read@CURL_OPENSSL_4'
[2.700s] /usr/bin/ld: /lib/libgdal.so.30: undefined reference to `curl_easy_setopt@CURL_OPENSSL_4'
[2.702s] /usr/bin/ld: /lib/libgdal.so.30: undefined reference to `curl_mime_free@CURL_OPENSSL_4'
[2.702s] /usr/bin/ld: /lib/libgdal.so.30: undefined reference to `curl_easy_cleanup@CURL_OPENSSL_4'
[2.703s] /usr/bin/ld: /lib/libgdal.so.30: undefined reference to `curl_mime_data_cb@CURL_OPENSSL_4'
[2.705s] /usr/bin/ld: /lib/libgdal.so.30: undefined reference to `curl_easy_perform@CURL_OPENSSL_4'
[2.706s] /usr/bin/ld: /lib/libgdal.so.30: undefined reference to `curl_easy_init@CURL_OPENSSL_4'
[2.707s] /usr/bin/ld: /lib/libgdal.so.30: undefined reference to `curl_multi_add_handle@CURL_OPENSSL_4'
[2.710s] /usr/bin/ld: /lib/libgdal.so.30: undefined reference to `curl_slist_free_all@CURL_OPENSSL_4'
[2.711s] /usr/bin/ld: /lib/x86_64-linux-gnu/libnetcdf.so.19: undefined reference to `curl_easy_strerror@CURL_OPENSSL_4'
[2.712s] /usr/bin/ld: /lib/libgdal.so.30: undefined reference to `curl_slist_append@CURL_OPENSSL_4'
[2.713s] /usr/bin/ld: /lib/libgdal.so.30: undefined reference to `curl_multi_poll@CURL_OPENSSL_4'
[2.714s] /usr/bin/ld: /lib/libgdal.so.30: undefined reference to `curl_version@CURL_OPENSSL_4'
[2.715s] /usr/bin/ld: /lib/libgdal.so.30: undefined reference to `curl_multi_setopt@CURL_OPENSSL_4'
[2.715s] /usr/bin/ld: /lib/libgdal.so.30: undefined reference to `curl_mime_data@CURL_OPENSSL_4'
[2.716s] /usr/bin/ld: /lib/libgdal.so.30: undefined reference to `curl_multi_init@CURL_OPENSSL_4'
[2.717s] /usr/bin/ld: /lib/libgdal.so.30: undefined reference to `curl_multi_wait@CURL_OPENSSL_4'
[2.718s] /usr/bin/ld: /lib/x86_64-linux-gnu/libnetcdf.so.19: undefined reference to `curl_global_cleanup@CURL_OPENSSL_4'
[2.728s] clang++-18: [0;1;31merror: [0m[1mlinker command failed with exit code 1 (use -v to see invocation)[0m
[2.732s] gmake[2]: *** [CMakeFiles/marker_navigator_node.dir/build.make:193: marker_navigator_node] Error 1
[2.733s] gmake[1]: *** [CMakeFiles/Makefile2:139: CMakeFiles/marker_navigator_node.dir/all] Error 2
[2.733s] gmake: *** [Makefile:146: all] Error 2
[2.736s] Invoked command in '/home/moses/Moses/Robotics/ROS-Projects/audition-data-collection/ros2-robot-audition-suite/ros2_ws/build/audition_data_collector' returned '2': CMAKE_PREFIX_PATH=/opt/ros/humble CONDA_PROMPT_MODIFIER=(base) /usr/bin/cmake --build /home/moses/Moses/Robotics/ROS-Projects/audition-data-collection/ros2-robot-audition-suite/ros2_ws/build/audition_data_collector -- -j20 -l20
